[2.813s] Invoking command in '/home/aaronb/f23_robotics_homework2/src/webots_ros2_homework2_python': PYTHONPATH=/home/aaronb/f23_robotics_homework2/build/webots_ros2_homework2_python/prefix_override:/home/aaronb/f23_robotics_homework2/install/webots_ros2_homework2_python/lib/python3.10/site-packages:${PYTHONPATH} /usr/bin/python3 setup.py egg_info --egg-base ../../build/webots_ros2_homework2_python build --build-base /home/aaronb/f23_robotics_homework2/build/webots_ros2_homework2_python/build install --record /home/aaronb/f23_robotics_homework2/build/webots_ros2_homework2_python/install.log --single-version-externally-managed
[3.417s] running egg_info
[3.419s] writing ../../build/webots_ros2_homework2_python/webots_ros2_homework2_python.egg-info/PKG-INFO
[3.421s] writing dependency_links to ../../build/webots_ros2_homework2_python/webots_ros2_homework2_python.egg-info/dependency_links.txt
[3.424s] writing entry points to ../../build/webots_ros2_homework2_python/webots_ros2_homework2_python.egg-info/entry_points.txt
[3.424s] writing requirements to ../../build/webots_ros2_homework2_python/webots_ros2_homework2_python.egg-info/requires.txt
[3.425s] writing top-level names to ../../build/webots_ros2_homework2_python/webots_ros2_homework2_python.egg-info/top_level.txt
[3.432s] reading manifest file '../../build/webots_ros2_homework2_python/webots_ros2_homework2_python.egg-info/SOURCES.txt'
[3.436s] writing manifest file '../../build/webots_ros2_homework2_python/webots_ros2_homework2_python.egg-info/SOURCES.txt'
[3.437s] running build
[3.437s] running build_py
[3.442s] running install
[3.442s] /usr/lib/python3/dist-packages/setuptools/command/install.py:34: SetuptoolsDeprecationWarning: setup.py install is deprecated. Use build and pip and other standards-based tools.
[3.442s]   warnings.warn(
[3.443s] running install_lib
[3.446s] running install_data
[3.447s] running install_egg_info
[3.453s] removing '/home/aaronb/f23_robotics_homework2/install/webots_ros2_homework2_python/lib/python3.10/site-packages/webots_ros2_homework2_python-0.0.0-py3.10.egg-info' (and everything under it)
[3.453s] Copying ../../build/webots_ros2_homework2_python/webots_ros2_homework2_python.egg-info to /home/aaronb/f23_robotics_homework2/install/webots_ros2_homework2_python/lib/python3.10/site-packages/webots_ros2_homework2_python-0.0.0-py3.10.egg-info
[3.457s] running install_scripts
[3.527s] Installing my_node script to /home/aaronb/f23_robotics_homework2/install/webots_ros2_homework2_python/lib/webots_ros2_homework2_python
[3.529s] writing list of installed files to '/home/aaronb/f23_robotics_homework2/build/webots_ros2_homework2_python/install.log'
[3.721s] Invoked command in '/home/aaronb/f23_robotics_homework2/src/webots_ros2_homework2_python' returned '0': PYTHONPATH=/home/aaronb/f23_robotics_homework2/build/webots_ros2_homework2_python/prefix_override:/home/aaronb/f23_robotics_homework2/install/webots_ros2_homework2_python/lib/python3.10/site-packages:${PYTHONPATH} /usr/bin/python3 setup.py egg_info --egg-base ../../build/webots_ros2_homework2_python build --build-base /home/aaronb/f23_robotics_homework2/build/webots_ros2_homework2_python/build install --record /home/aaronb/f23_robotics_homework2/build/webots_ros2_homework2_python/install.log --single-version-externally-managed
