[1.646s] DEBUG:colcon:Command line arguments: ['/usr/bin/colcon', 'build']
[1.646s] DEBUG:colcon:Parsed command line arguments: Namespace(log_base=None, log_level=None, verb_name='build', build_base='build', install_base='install', merge_install=False, symlink_install=False, test_result_base=None, continue_on_error=False, executor='parallel', parallel_workers=4, event_handlers=None, ignore_user_meta=False, metas=['./colcon.meta'], base_paths=['.'], packages_ignore=None, packages_ignore_regex=None, paths=None, packages_up_to=None, packages_up_to_regex=None, packages_above=None, packages_above_and_dependencies=None, packages_above_depth=None, packages_select_by_dep=None, packages_skip_by_dep=None, packages_skip_up_to=None, packages_select_build_failed=False, packages_skip_build_finished=False, packages_select_test_failures=False, packages_skip_test_passed=False, packages_select=None, packages_skip=None, packages_select_regex=None, packages_skip_regex=None, packages_start=None, packages_end=None, allow_overriding=[], cmake_args=None, cmake_target=None, cmake_target_skip_unavailable=False, cmake_clean_cache=False, cmake_clean_first=False, cmake_force_configure=False, ament_cmake_args=None, catkin_cmake_args=None, catkin_skip_building_tests=False, verb_parser=<colcon_defaults.argument_parser.defaults.DefaultArgumentsDecorator object at 0x7f41e7ac1ab0>, verb_extension=<colcon_core.verb.build.BuildVerb object at 0x7f41e7ac1360>, main=<bound method BuildVerb.main of <colcon_core.verb.build.BuildVerb object at 0x7f41e7ac1360>>)
[1.721s] Level 1:colcon.colcon_core.package_discovery:discover_packages(colcon_meta) check parameters
[1.721s] Level 1:colcon.colcon_core.package_discovery:discover_packages(recursive) check parameters
[1.721s] Level 1:colcon.colcon_core.package_discovery:discover_packages(ignore) check parameters
[1.722s] Level 1:colcon.colcon_core.package_discovery:discover_packages(path) check parameters
[1.722s] Level 1:colcon.colcon_core.package_discovery:discover_packages(colcon_meta) discover
[1.722s] Level 1:colcon.colcon_core.package_discovery:discover_packages(recursive) discover
[1.722s] INFO:colcon.colcon_core.package_discovery:Crawling recursively for packages in '/home/aaronb/f23_robotics_homework2'
[1.722s] Level 1:colcon.colcon_core.package_identification:_identify(.) by extensions ['ignore', 'ignore_ament_install']
[1.722s] Level 1:colcon.colcon_core.package_identification:_identify(.) by extension 'ignore'
[1.722s] Level 1:colcon.colcon_core.package_identification:_identify(.) by extension 'ignore_ament_install'
[1.722s] Level 1:colcon.colcon_core.package_identification:_identify(.) by extensions ['colcon_pkg']
[1.722s] Level 1:colcon.colcon_core.package_identification:_identify(.) by extension 'colcon_pkg'
[1.722s] Level 1:colcon.colcon_core.package_identification:_identify(.) by extensions ['colcon_meta']
[1.722s] Level 1:colcon.colcon_core.package_identification:_identify(.) by extension 'colcon_meta'
[1.723s] Level 1:colcon.colcon_core.package_identification:_identify(.) by extensions ['ros']
[1.723s] Level 1:colcon.colcon_core.package_identification:_identify(.) by extension 'ros'
[1.740s] Level 1:colcon.colcon_core.package_identification:_identify(.) by extensions ['cmake', 'python']
[1.741s] Level 1:colcon.colcon_core.package_identification:_identify(.) by extension 'cmake'
[1.741s] Level 1:colcon.colcon_core.package_identification:_identify(.) by extension 'python'
[1.741s] Level 1:colcon.colcon_core.package_identification:_identify(.) by extensions ['python_setup_py']
[1.741s] Level 1:colcon.colcon_core.package_identification:_identify(.) by extension 'python_setup_py'
[1.741s] Level 1:colcon.colcon_core.package_identification:_identify(build) by extensions ['ignore', 'ignore_ament_install']
[1.741s] Level 1:colcon.colcon_core.package_identification:_identify(build) by extension 'ignore'
[1.741s] Level 1:colcon.colcon_core.package_identification:_identify(build) ignored
[1.742s] Level 1:colcon.colcon_core.package_identification:_identify(install) by extensions ['ignore', 'ignore_ament_install']
[1.742s] Level 1:colcon.colcon_core.package_identification:_identify(install) by extension 'ignore'
[1.742s] Level 1:colcon.colcon_core.package_identification:_identify(install) ignored
[1.742s] Level 1:colcon.colcon_core.package_identification:_identify(log) by extensions ['ignore', 'ignore_ament_install']
[1.742s] Level 1:colcon.colcon_core.package_identification:_identify(log) by extension 'ignore'
[1.742s] Level 1:colcon.colcon_core.package_identification:_identify(log) ignored
[1.742s] Level 1:colcon.colcon_core.package_identification:_identify(src) by extensions ['ignore', 'ignore_ament_install']
[1.743s] Level 1:colcon.colcon_core.package_identification:_identify(src) by extension 'ignore'
[1.743s] Level 1:colcon.colcon_core.package_identification:_identify(src) by extension 'ignore_ament_install'
[1.743s] Level 1:colcon.colcon_core.package_identification:_identify(src) by extensions ['colcon_pkg']
[1.743s] Level 1:colcon.colcon_core.package_identification:_identify(src) by extension 'colcon_pkg'
[1.743s] Level 1:colcon.colcon_core.package_identification:_identify(src) by extensions ['colcon_meta']
[1.743s] Level 1:colcon.colcon_core.package_identification:_identify(src) by extension 'colcon_meta'
[1.743s] Level 1:colcon.colcon_core.package_identification:_identify(src) by extensions ['ros']
[1.743s] Level 1:colcon.colcon_core.package_identification:_identify(src) by extension 'ros'
[1.743s] Level 1:colcon.colcon_core.package_identification:_identify(src) by extensions ['cmake', 'python']
[1.743s] Level 1:colcon.colcon_core.package_identification:_identify(src) by extension 'cmake'
[1.743s] Level 1:colcon.colcon_core.package_identification:_identify(src) by extension 'python'
[1.743s] Level 1:colcon.colcon_core.package_identification:_identify(src) by extensions ['python_setup_py']
[1.743s] Level 1:colcon.colcon_core.package_identification:_identify(src) by extension 'python_setup_py'
[1.744s] Level 1:colcon.colcon_core.package_identification:_identify(src/build) by extensions ['ignore', 'ignore_ament_install']
[1.744s] Level 1:colcon.colcon_core.package_identification:_identify(src/build) by extension 'ignore'
[1.744s] Level 1:colcon.colcon_core.package_identification:_identify(src/build) ignored
[1.744s] Level 1:colcon.colcon_core.package_identification:_identify(src/install) by extensions ['ignore', 'ignore_ament_install']
[1.744s] Level 1:colcon.colcon_core.package_identification:_identify(src/install) by extension 'ignore'
[1.744s] Level 1:colcon.colcon_core.package_identification:_identify(src/install) ignored
[1.744s] Level 1:colcon.colcon_core.package_identification:_identify(src/log) by extensions ['ignore', 'ignore_ament_install']
[1.745s] Level 1:colcon.colcon_core.package_identification:_identify(src/log) by extension 'ignore'
[1.745s] Level 1:colcon.colcon_core.package_identification:_identify(src/log) ignored
[1.745s] Level 1:colcon.colcon_core.package_identification:_identify(src/turtlebot_controller) by extensions ['ignore', 'ignore_ament_install']
[1.745s] Level 1:colcon.colcon_core.package_identification:_identify(src/turtlebot_controller) by extension 'ignore'
[1.745s] Level 1:colcon.colcon_core.package_identification:_identify(src/turtlebot_controller) by extension 'ignore_ament_install'
[1.745s] Level 1:colcon.colcon_core.package_identification:_identify(src/turtlebot_controller) by extensions ['colcon_pkg']
[1.745s] Level 1:colcon.colcon_core.package_identification:_identify(src/turtlebot_controller) by extension 'colcon_pkg'
[1.746s] Level 1:colcon.colcon_core.package_identification:_identify(src/turtlebot_controller) by extensions ['colcon_meta']
[1.746s] Level 1:colcon.colcon_core.package_identification:_identify(src/turtlebot_controller) by extension 'colcon_meta'
[1.746s] Level 1:colcon.colcon_core.package_identification:_identify(src/turtlebot_controller) by extensions ['ros']
[1.746s] Level 1:colcon.colcon_core.package_identification:_identify(src/turtlebot_controller) by extension 'ros'
[1.750s] DEBUG:colcon.colcon_core.package_identification:Package 'src/turtlebot_controller' with type 'ros.ament_python' and name 'turtlebot_controller'
[1.750s] Level 1:colcon.colcon_core.package_identification:_identify(src/webots_ros2_controller_python) by extensions ['ignore', 'ignore_ament_install']
[1.751s] Level 1:colcon.colcon_core.package_identification:_identify(src/webots_ros2_controller_python) by extension 'ignore'
[1.751s] Level 1:colcon.colcon_core.package_identification:_identify(src/webots_ros2_controller_python) by extension 'ignore_ament_install'
[1.751s] Level 1:colcon.colcon_core.package_identification:_identify(src/webots_ros2_controller_python) by extensions ['colcon_pkg']
[1.751s] Level 1:colcon.colcon_core.package_identification:_identify(src/webots_ros2_controller_python) by extension 'colcon_pkg'
[1.751s] Level 1:colcon.colcon_core.package_identification:_identify(src/webots_ros2_controller_python) by extensions ['colcon_meta']
[1.751s] Level 1:colcon.colcon_core.package_identification:_identify(src/webots_ros2_controller_python) by extension 'colcon_meta'
[1.751s] Level 1:colcon.colcon_core.package_identification:_identify(src/webots_ros2_controller_python) by extensions ['ros']
[1.751s] Level 1:colcon.colcon_core.package_identification:_identify(src/webots_ros2_controller_python) by extension 'ros'
[1.752s] DEBUG:colcon.colcon_core.package_identification:Package 'src/webots_ros2_controller_python' with type 'ros.ament_python' and name 'webots_ros2_homework2_python'
[1.752s] Level 1:colcon.colcon_core.package_identification:_identify(src/webots_ros2_sim_python) by extensions ['ignore', 'ignore_ament_install']
[1.753s] Level 1:colcon.colcon_core.package_identification:_identify(src/webots_ros2_sim_python) by extension 'ignore'
[1.753s] Level 1:colcon.colcon_core.package_identification:_identify(src/webots_ros2_sim_python) by extension 'ignore_ament_install'
[1.753s] Level 1:colcon.colcon_core.package_identification:_identify(src/webots_ros2_sim_python) by extensions ['colcon_pkg']
[1.753s] Level 1:colcon.colcon_core.package_identification:_identify(src/webots_ros2_sim_python) by extension 'colcon_pkg'
[1.753s] Level 1:colcon.colcon_core.package_identification:_identify(src/webots_ros2_sim_python) by extensions ['colcon_meta']
[1.753s] Level 1:colcon.colcon_core.package_identification:_identify(src/webots_ros2_sim_python) by extension 'colcon_meta'
[1.753s] Level 1:colcon.colcon_core.package_identification:_identify(src/webots_ros2_sim_python) by extensions ['ros']
[1.753s] Level 1:colcon.colcon_core.package_identification:_identify(src/webots_ros2_sim_python) by extension 'ros'
[1.754s] DEBUG:colcon.colcon_core.package_identification:Package 'src/webots_ros2_sim_python' with type 'ros.ament_python' and name 'webots_ros2_homework1_python'
[1.755s] Level 1:colcon.colcon_core.package_discovery:discover_packages(recursive) using defaults
[1.755s] Level 1:colcon.colcon_core.package_discovery:discover_packages(ignore) discover
[1.755s] Level 1:colcon.colcon_core.package_discovery:discover_packages(ignore) using defaults
[1.755s] Level 1:colcon.colcon_core.package_discovery:discover_packages(path) discover
[1.755s] Level 1:colcon.colcon_core.package_discovery:discover_packages(path) using defaults
[1.952s] Level 1:colcon.colcon_core.package_discovery:discover_packages(prefix_path) check parameters
[1.952s] Level 1:colcon.colcon_core.package_discovery:discover_packages(prefix_path) discover
[2.028s] DEBUG:colcon.colcon_installed_package_information.package_discovery:Found 3 installed packages in /home/aaronb/f23_robotics_homework2/install
[2.063s] DEBUG:colcon.colcon_installed_package_information.package_discovery:Found 302 installed packages in /opt/ros/humble
[2.066s] Level 1:colcon.colcon_core.package_discovery:discover_packages(prefix_path) using defaults
[2.260s] Level 5:colcon.colcon_core.verb:set package 'turtlebot_controller' build argument 'cmake_args' from command line to 'None'
[2.260s] Level 5:colcon.colcon_core.verb:set package 'turtlebot_controller' build argument 'cmake_target' from command line to 'None'
[2.260s] Level 5:colcon.colcon_core.verb:set package 'turtlebot_controller' build argument 'cmake_target_skip_unavailable' from command line to 'False'
[2.260s] Level 5:colcon.colcon_core.verb:set package 'turtlebot_controller' build argument 'cmake_clean_cache' from command line to 'False'
[2.260s] Level 5:colcon.colcon_core.verb:set package 'turtlebot_controller' build argument 'cmake_clean_first' from command line to 'False'
[2.260s] Level 5:colcon.colcon_core.verb:set package 'turtlebot_controller' build argument 'cmake_force_configure' from command line to 'False'
[2.260s] Level 5:colcon.colcon_core.verb:set package 'turtlebot_controller' build argument 'ament_cmake_args' from command line to 'None'
[2.260s] Level 5:colcon.colcon_core.verb:set package 'turtlebot_controller' build argument 'catkin_cmake_args' from command line to 'None'
[2.260s] Level 5:colcon.colcon_core.verb:set package 'turtlebot_controller' build argument 'catkin_skip_building_tests' from command line to 'False'
[2.260s] DEBUG:colcon.colcon_core.verb:Building package 'turtlebot_controller' with the following arguments: {'ament_cmake_args': None, 'build_base': '/home/aaronb/f23_robotics_homework2/build/turtlebot_controller', 'catkin_cmake_args': None, 'catkin_skip_building_tests': False, 'cmake_args': None, 'cmake_clean_cache': False, 'cmake_clean_first': False, 'cmake_force_configure': False, 'cmake_target': None, 'cmake_target_skip_unavailable': False, 'install_base': '/home/aaronb/f23_robotics_homework2/install/turtlebot_controller', 'merge_install': False, 'path': '/home/aaronb/f23_robotics_homework2/src/turtlebot_controller', 'symlink_install': False, 'test_result_base': None}
[2.287s] Level 5:colcon.colcon_core.verb:set package 'webots_ros2_homework1_python' build argument 'cmake_args' from command line to 'None'
[2.287s] Level 5:colcon.colcon_core.verb:set package 'webots_ros2_homework1_python' build argument 'cmake_target' from command line to 'None'
[2.287s] Level 5:colcon.colcon_core.verb:set package 'webots_ros2_homework1_python' build argument 'cmake_target_skip_unavailable' from command line to 'False'
[2.287s] Level 5:colcon.colcon_core.verb:set package 'webots_ros2_homework1_python' build argument 'cmake_clean_cache' from command line to 'False'
[2.287s] Level 5:colcon.colcon_core.verb:set package 'webots_ros2_homework1_python' build argument 'cmake_clean_first' from command line to 'False'
[2.287s] Level 5:colcon.colcon_core.verb:set package 'webots_ros2_homework1_python' build argument 'cmake_force_configure' from command line to 'False'
[2.287s] Level 5:colcon.colcon_core.verb:set package 'webots_ros2_homework1_python' build argument 'ament_cmake_args' from command line to 'None'
[2.287s] Level 5:colcon.colcon_core.verb:set package 'webots_ros2_homework1_python' build argument 'catkin_cmake_args' from command line to 'None'
[2.287s] Level 5:colcon.colcon_core.verb:set package 'webots_ros2_homework1_python' build argument 'catkin_skip_building_tests' from command line to 'False'
[2.287s] DEBUG:colcon.colcon_core.verb:Building package 'webots_ros2_homework1_python' with the following arguments: {'ament_cmake_args': None, 'build_base': '/home/aaronb/f23_robotics_homework2/build/webots_ros2_homework1_python', 'catkin_cmake_args': None, 'catkin_skip_building_tests': False, 'cmake_args': None, 'cmake_clean_cache': False, 'cmake_clean_first': False, 'cmake_force_configure': False, 'cmake_target': None, 'cmake_target_skip_unavailable': False, 'install_base': '/home/aaronb/f23_robotics_homework2/install/webots_ros2_homework1_python', 'merge_install': False, 'path': '/home/aaronb/f23_robotics_homework2/src/webots_ros2_sim_python', 'symlink_install': False, 'test_result_base': None}
[2.319s] Level 5:colcon.colcon_core.verb:set package 'webots_ros2_homework2_python' build argument 'cmake_args' from command line to 'None'
[2.319s] Level 5:colcon.colcon_core.verb:set package 'webots_ros2_homework2_python' build argument 'cmake_target' from command line to 'None'
[2.321s] Level 5:colcon.colcon_core.verb:set package 'webots_ros2_homework2_python' build argument 'cmake_target_skip_unavailable' from command line to 'False'
[2.321s] Level 5:colcon.colcon_core.verb:set package 'webots_ros2_homework2_python' build argument 'cmake_clean_cache' from command line to 'False'
[2.321s] Level 5:colcon.colcon_core.verb:set package 'webots_ros2_homework2_python' build argument 'cmake_clean_first' from command line to 'False'
[2.321s] Level 5:colcon.colcon_core.verb:set package 'webots_ros2_homework2_python' build argument 'cmake_force_configure' from command line to 'False'
[2.321s] Level 5:colcon.colcon_core.verb:set package 'webots_ros2_homework2_python' build argument 'ament_cmake_args' from command line to 'None'
[2.321s] Level 5:colcon.colcon_core.verb:set package 'webots_ros2_homework2_python' build argument 'catkin_cmake_args' from command line to 'None'
[2.321s] Level 5:colcon.colcon_core.verb:set package 'webots_ros2_homework2_python' build argument 'catkin_skip_building_tests' from command line to 'False'
[2.321s] DEBUG:colcon.colcon_core.verb:Building package 'webots_ros2_homework2_python' with the following arguments: {'ament_cmake_args': None, 'build_base': '/home/aaronb/f23_robotics_homework2/build/webots_ros2_homework2_python', 'catkin_cmake_args': None, 'catkin_skip_building_tests': False, 'cmake_args': None, 'cmake_clean_cache': False, 'cmake_clean_first': False, 'cmake_force_configure': False, 'cmake_target': None, 'cmake_target_skip_unavailable': False, 'install_base': '/home/aaronb/f23_robotics_homework2/install/webots_ros2_homework2_python', 'merge_install': False, 'path': '/home/aaronb/f23_robotics_homework2/src/webots_ros2_controller_python', 'symlink_install': False, 'test_result_base': None}
[2.346s] INFO:colcon.colcon_core.executor:Executing jobs using 'parallel' executor
[2.369s] DEBUG:colcon.colcon_parallel_executor.executor.parallel:run_until_complete
[2.370s] INFO:colcon.colcon_ros.task.ament_python.build:Building ROS package in '/home/aaronb/f23_robotics_homework2/src/turtlebot_controller' with build type 'ament_python'
[2.371s] Level 1:colcon.colcon_core.shell:create_environment_hook('turtlebot_controller', 'ament_prefix_path')
[2.404s] INFO:colcon.colcon_core.plugin_system:Skipping extension 'colcon_core.shell.bat': Not used on non-Windows systems
[2.405s] INFO:colcon.colcon_core.shell:Creating environment hook '/home/aaronb/f23_robotics_homework2/install/turtlebot_controller/share/turtlebot_controller/hook/ament_prefix_path.ps1'
[2.406s] INFO:colcon.colcon_core.shell:Creating environment descriptor '/home/aaronb/f23_robotics_homework2/install/turtlebot_controller/share/turtlebot_controller/hook/ament_prefix_path.dsv'
[2.407s] INFO:colcon.colcon_core.shell:Creating environment hook '/home/aaronb/f23_robotics_homework2/install/turtlebot_controller/share/turtlebot_controller/hook/ament_prefix_path.sh'
[2.433s] INFO:colcon.colcon_core.shell:Skip shell extension 'powershell' for command environment: Not usable outside of PowerShell
[2.433s] DEBUG:colcon.colcon_core.shell:Skip shell extension 'dsv' for command environment
[2.506s] INFO:colcon.colcon_ros.task.ament_python.build:Building ROS package in '/home/aaronb/f23_robotics_homework2/src/webots_ros2_sim_python' with build type 'ament_python'
[2.507s] Level 1:colcon.colcon_core.shell:create_environment_hook('webots_ros2_homework1_python', 'ament_prefix_path')
[2.530s] INFO:colcon.colcon_core.shell:Creating environment hook '/home/aaronb/f23_robotics_homework2/install/webots_ros2_homework1_python/share/webots_ros2_homework1_python/hook/ament_prefix_path.ps1'
[2.531s] INFO:colcon.colcon_core.shell:Creating environment descriptor '/home/aaronb/f23_robotics_homework2/install/webots_ros2_homework1_python/share/webots_ros2_homework1_python/hook/ament_prefix_path.dsv'
[2.532s] INFO:colcon.colcon_core.shell:Creating environment hook '/home/aaronb/f23_robotics_homework2/install/webots_ros2_homework1_python/share/webots_ros2_homework1_python/hook/ament_prefix_path.sh'
[2.556s] INFO:colcon.colcon_core.shell:Skip shell extension 'powershell' for command environment: Not usable outside of PowerShell
[2.556s] DEBUG:colcon.colcon_core.shell:Skip shell extension 'dsv' for command environment
[2.630s] INFO:colcon.colcon_ros.task.ament_python.build:Building ROS package in '/home/aaronb/f23_robotics_homework2/src/webots_ros2_controller_python' with build type 'ament_python'
[2.631s] Level 1:colcon.colcon_core.shell:create_environment_hook('webots_ros2_homework2_python', 'ament_prefix_path')
[2.656s] INFO:colcon.colcon_core.shell:Creating environment hook '/home/aaronb/f23_robotics_homework2/install/webots_ros2_homework2_python/share/webots_ros2_homework2_python/hook/ament_prefix_path.ps1'
[2.657s] INFO:colcon.colcon_core.shell:Creating environment descriptor '/home/aaronb/f23_robotics_homework2/install/webots_ros2_homework2_python/share/webots_ros2_homework2_python/hook/ament_prefix_path.dsv'
[2.658s] INFO:colcon.colcon_core.shell:Creating environment hook '/home/aaronb/f23_robotics_homework2/install/webots_ros2_homework2_python/share/webots_ros2_homework2_python/hook/ament_prefix_path.sh'
[2.685s] INFO:colcon.colcon_core.shell:Skip shell extension 'powershell' for command environment: Not usable outside of PowerShell
[2.685s] DEBUG:colcon.colcon_core.shell:Skip shell extension 'dsv' for command environment
[3.170s] INFO:colcon.colcon_core.task.python.build:Building Python package in '/home/aaronb/f23_robotics_homework2/src/turtlebot_controller'
[3.191s] INFO:colcon.colcon_core.shell:Skip shell extension 'powershell' for command environment: Not usable outside of PowerShell
[3.192s] DEBUG:colcon.colcon_core.shell:Skip shell extension 'dsv' for command environment
[3.683s] INFO:colcon.colcon_core.task.python.build:Building Python package in '/home/aaronb/f23_robotics_homework2/src/webots_ros2_sim_python'
[3.705s] INFO:colcon.colcon_core.shell:Skip shell extension 'powershell' for command environment: Not usable outside of PowerShell
[3.705s] DEBUG:colcon.colcon_core.shell:Skip shell extension 'dsv' for command environment
[4.176s] INFO:colcon.colcon_core.task.python.build:Building Python package in '/home/aaronb/f23_robotics_homework2/src/webots_ros2_controller_python'
[4.203s] INFO:colcon.colcon_core.shell:Skip shell extension 'powershell' for command environment: Not usable outside of PowerShell
[4.203s] DEBUG:colcon.colcon_core.shell:Skip shell extension 'dsv' for command environment
[5.530s] DEBUG:colcon.colcon_core.event_handler.log_command:Invoking command in '/home/aaronb/f23_robotics_homework2/src/webots_ros2_sim_python': PYTHONPATH=/home/aaronb/f23_robotics_homework2/build/webots_ros2_homework1_python/prefix_override:/home/aaronb/f23_robotics_homework2/install/webots_ros2_homework1_python/lib/python3.10/site-packages:${PYTHONPATH} /usr/bin/python3 setup.py egg_info --egg-base ../../build/webots_ros2_homework1_python build --build-base /home/aaronb/f23_robotics_homework2/build/webots_ros2_homework1_python/build install --record /home/aaronb/f23_robotics_homework2/build/webots_ros2_homework1_python/install.log --single-version-externally-managed
[5.567s] DEBUG:colcon.colcon_core.event_handler.log_command:Invoking command in '/home/aaronb/f23_robotics_homework2/src/turtlebot_controller': PYTHONPATH=/home/aaronb/f23_robotics_homework2/build/turtlebot_controller/prefix_override:/home/aaronb/f23_robotics_homework2/install/turtlebot_controller/lib/python3.10/site-packages:${PYTHONPATH} /usr/bin/python3 setup.py egg_info --egg-base ../../build/turtlebot_controller build --build-base /home/aaronb/f23_robotics_homework2/build/turtlebot_controller/build install --record /home/aaronb/f23_robotics_homework2/build/turtlebot_controller/install.log --single-version-externally-managed
[5.581s] DEBUG:colcon.colcon_core.event_handler.log_command:Invoking command in '/home/aaronb/f23_robotics_homework2/src/webots_ros2_controller_python': PYTHONPATH=/home/aaronb/f23_robotics_homework2/build/webots_ros2_homework2_python/prefix_override:/home/aaronb/f23_robotics_homework2/install/webots_ros2_homework2_python/lib/python3.10/site-packages:${PYTHONPATH} /usr/bin/python3 setup.py egg_info --egg-base ../../build/webots_ros2_homework2_python build --build-base /home/aaronb/f23_robotics_homework2/build/webots_ros2_homework2_python/build install --record /home/aaronb/f23_robotics_homework2/build/webots_ros2_homework2_python/install.log --single-version-externally-managed
[6.616s] DEBUG:colcon.colcon_core.event_handler.log_command:Invoked command in '/home/aaronb/f23_robotics_homework2/src/webots_ros2_sim_python' returned '0': PYTHONPATH=/home/aaronb/f23_robotics_homework2/build/webots_ros2_homework1_python/prefix_override:/home/aaronb/f23_robotics_homework2/install/webots_ros2_homework1_python/lib/python3.10/site-packages:${PYTHONPATH} /usr/bin/python3 setup.py egg_info --egg-base ../../build/webots_ros2_homework1_python build --build-base /home/aaronb/f23_robotics_homework2/build/webots_ros2_homework1_python/build install --record /home/aaronb/f23_robotics_homework2/build/webots_ros2_homework1_python/install.log --single-version-externally-managed
[6.664s] Level 1:colcon.colcon_core.environment:checking '/home/aaronb/f23_robotics_homework2/install/webots_ros2_homework1_python' for CMake module files
[6.665s] Level 1:colcon.colcon_core.environment:checking '/home/aaronb/f23_robotics_homework2/install/webots_ros2_homework1_python' for CMake config files
[6.667s] Level 1:colcon.colcon_core.environment:checking '/home/aaronb/f23_robotics_homework2/install/webots_ros2_homework1_python/lib'
[6.667s] Level 1:colcon.colcon_core.environment:checking '/home/aaronb/f23_robotics_homework2/install/webots_ros2_homework1_python/bin'
[6.668s] Level 1:colcon.colcon_core.environment:checking '/home/aaronb/f23_robotics_homework2/install/webots_ros2_homework1_python/lib/pkgconfig/webots_ros2_homework1_python.pc'
[6.668s] Level 1:colcon.colcon_core.environment:checking '/home/aaronb/f23_robotics_homework2/install/webots_ros2_homework1_python/lib/python3.10/site-packages'
[6.669s] Level 1:colcon.colcon_core.shell:create_environment_hook('webots_ros2_homework1_python', 'pythonpath')
[6.696s] INFO:colcon.colcon_core.shell:Creating environment hook '/home/aaronb/f23_robotics_homework2/install/webots_ros2_homework1_python/share/webots_ros2_homework1_python/hook/pythonpath.ps1'
[6.697s] INFO:colcon.colcon_core.shell:Creating environment descriptor '/home/aaronb/f23_robotics_homework2/install/webots_ros2_homework1_python/share/webots_ros2_homework1_python/hook/pythonpath.dsv'
[6.698s] INFO:colcon.colcon_core.shell:Creating environment hook '/home/aaronb/f23_robotics_homework2/install/webots_ros2_homework1_python/share/webots_ros2_homework1_python/hook/pythonpath.sh'
[6.700s] Level 1:colcon.colcon_core.environment:checking '/home/aaronb/f23_robotics_homework2/install/webots_ros2_homework1_python/bin'
[6.701s] Level 1:colcon.colcon_core.environment:create_environment_scripts_only(webots_ros2_homework1_python)
[6.728s] INFO:colcon.colcon_core.shell:Creating package script '/home/aaronb/f23_robotics_homework2/install/webots_ros2_homework1_python/share/webots_ros2_homework1_python/package.ps1'
[6.730s] INFO:colcon.colcon_core.shell:Creating package descriptor '/home/aaronb/f23_robotics_homework2/install/webots_ros2_homework1_python/share/webots_ros2_homework1_python/package.dsv'
[6.732s] INFO:colcon.colcon_core.shell:Creating package script '/home/aaronb/f23_robotics_homework2/install/webots_ros2_homework1_python/share/webots_ros2_homework1_python/package.sh'
[6.733s] INFO:colcon.colcon_core.shell:Creating package script '/home/aaronb/f23_robotics_homework2/install/webots_ros2_homework1_python/share/webots_ros2_homework1_python/package.bash'
[6.734s] INFO:colcon.colcon_core.shell:Creating package script '/home/aaronb/f23_robotics_homework2/install/webots_ros2_homework1_python/share/webots_ros2_homework1_python/package.zsh'
[6.736s] Level 1:colcon.colcon_core.environment:create_file_with_runtime_dependencies(/home/aaronb/f23_robotics_homework2/install/webots_ros2_homework1_python/share/colcon-core/packages/webots_ros2_homework1_python)
[6.745s] DEBUG:colcon.colcon_core.event_handler.log_command:Invoked command in '/home/aaronb/f23_robotics_homework2/src/turtlebot_controller' returned '0': PYTHONPATH=/home/aaronb/f23_robotics_homework2/build/turtlebot_controller/prefix_override:/home/aaronb/f23_robotics_homework2/install/turtlebot_controller/lib/python3.10/site-packages:${PYTHONPATH} /usr/bin/python3 setup.py egg_info --egg-base ../../build/turtlebot_controller build --build-base /home/aaronb/f23_robotics_homework2/build/turtlebot_controller/build install --record /home/aaronb/f23_robotics_homework2/build/turtlebot_controller/install.log --single-version-externally-managed
[6.770s] Level 1:colcon.colcon_core.environment:checking '/home/aaronb/f23_robotics_homework2/install/turtlebot_controller' for CMake module files
[6.772s] Level 1:colcon.colcon_core.environment:checking '/home/aaronb/f23_robotics_homework2/install/turtlebot_controller' for CMake config files
[6.773s] Level 1:colcon.colcon_core.environment:checking '/home/aaronb/f23_robotics_homework2/install/turtlebot_controller/lib'
[6.773s] Level 1:colcon.colcon_core.environment:checking '/home/aaronb/f23_robotics_homework2/install/turtlebot_controller/bin'
[6.774s] Level 1:colcon.colcon_core.environment:checking '/home/aaronb/f23_robotics_homework2/install/turtlebot_controller/lib/pkgconfig/turtlebot_controller.pc'
[6.774s] Level 1:colcon.colcon_core.environment:checking '/home/aaronb/f23_robotics_homework2/install/turtlebot_controller/lib/python3.10/site-packages'
[6.774s] Level 1:colcon.colcon_core.shell:create_environment_hook('turtlebot_controller', 'pythonpath')
[6.800s] INFO:colcon.colcon_core.shell:Creating environment hook '/home/aaronb/f23_robotics_homework2/install/turtlebot_controller/share/turtlebot_controller/hook/pythonpath.ps1'
[6.801s] INFO:colcon.colcon_core.shell:Creating environment descriptor '/home/aaronb/f23_robotics_homework2/install/turtlebot_controller/share/turtlebot_controller/hook/pythonpath.dsv'
[6.802s] INFO:colcon.colcon_core.shell:Creating environment hook '/home/aaronb/f23_robotics_homework2/install/turtlebot_controller/share/turtlebot_controller/hook/pythonpath.sh'
[6.804s] Level 1:colcon.colcon_core.environment:checking '/home/aaronb/f23_robotics_homework2/install/turtlebot_controller/bin'
[6.804s] Level 1:colcon.colcon_core.environment:create_environment_scripts_only(turtlebot_controller)
[6.834s] INFO:colcon.colcon_core.shell:Creating package script '/home/aaronb/f23_robotics_homework2/install/turtlebot_controller/share/turtlebot_controller/package.ps1'
[6.835s] INFO:colcon.colcon_core.shell:Creating package descriptor '/home/aaronb/f23_robotics_homework2/install/turtlebot_controller/share/turtlebot_controller/package.dsv'
[6.836s] INFO:colcon.colcon_core.shell:Creating package script '/home/aaronb/f23_robotics_homework2/install/turtlebot_controller/share/turtlebot_controller/package.sh'
[6.838s] INFO:colcon.colcon_core.shell:Creating package script '/home/aaronb/f23_robotics_homework2/install/turtlebot_controller/share/turtlebot_controller/package.bash'
[6.839s] INFO:colcon.colcon_core.shell:Creating package script '/home/aaronb/f23_robotics_homework2/install/turtlebot_controller/share/turtlebot_controller/package.zsh'
[6.839s] Level 1:colcon.colcon_core.environment:create_file_with_runtime_dependencies(/home/aaronb/f23_robotics_homework2/install/turtlebot_controller/share/colcon-core/packages/turtlebot_controller)
[6.851s] DEBUG:colcon.colcon_core.event_handler.log_command:Invoked command in '/home/aaronb/f23_robotics_homework2/src/webots_ros2_controller_python' returned '0': PYTHONPATH=/home/aaronb/f23_robotics_homework2/build/webots_ros2_homework2_python/prefix_override:/home/aaronb/f23_robotics_homework2/install/webots_ros2_homework2_python/lib/python3.10/site-packages:${PYTHONPATH} /usr/bin/python3 setup.py egg_info --egg-base ../../build/webots_ros2_homework2_python build --build-base /home/aaronb/f23_robotics_homework2/build/webots_ros2_homework2_python/build install --record /home/aaronb/f23_robotics_homework2/build/webots_ros2_homework2_python/install.log --single-version-externally-managed
[6.879s] Level 1:colcon.colcon_core.environment:checking '/home/aaronb/f23_robotics_homework2/install/webots_ros2_homework2_python' for CMake module files
[6.880s] Level 1:colcon.colcon_core.environment:checking '/home/aaronb/f23_robotics_homework2/install/webots_ros2_homework2_python' for CMake config files
[6.881s] Level 1:colcon.colcon_core.environment:checking '/home/aaronb/f23_robotics_homework2/install/webots_ros2_homework2_python/lib'
[6.881s] Level 1:colcon.colcon_core.environment:checking '/home/aaronb/f23_robotics_homework2/install/webots_ros2_homework2_python/bin'
[6.881s] Level 1:colcon.colcon_core.environment:checking '/home/aaronb/f23_robotics_homework2/install/webots_ros2_homework2_python/lib/pkgconfig/webots_ros2_homework2_python.pc'
[6.882s] Level 1:colcon.colcon_core.environment:checking '/home/aaronb/f23_robotics_homework2/install/webots_ros2_homework2_python/lib/python3.10/site-packages'
[6.882s] Level 1:colcon.colcon_core.shell:create_environment_hook('webots_ros2_homework2_python', 'pythonpath')
[6.916s] INFO:colcon.colcon_core.shell:Creating environment hook '/home/aaronb/f23_robotics_homework2/install/webots_ros2_homework2_python/share/webots_ros2_homework2_python/hook/pythonpath.ps1'
[6.917s] INFO:colcon.colcon_core.shell:Creating environment descriptor '/home/aaronb/f23_robotics_homework2/install/webots_ros2_homework2_python/share/webots_ros2_homework2_python/hook/pythonpath.dsv'
[6.917s] INFO:colcon.colcon_core.shell:Creating environment hook '/home/aaronb/f23_robotics_homework2/install/webots_ros2_homework2_python/share/webots_ros2_homework2_python/hook/pythonpath.sh'
[6.918s] Level 1:colcon.colcon_core.environment:checking '/home/aaronb/f23_robotics_homework2/install/webots_ros2_homework2_python/bin'
[6.919s] Level 1:colcon.colcon_core.environment:create_environment_scripts_only(webots_ros2_homework2_python)
[6.949s] INFO:colcon.colcon_core.shell:Creating package script '/home/aaronb/f23_robotics_homework2/install/webots_ros2_homework2_python/share/webots_ros2_homework2_python/package.ps1'
[6.951s] INFO:colcon.colcon_core.shell:Creating package descriptor '/home/aaronb/f23_robotics_homework2/install/webots_ros2_homework2_python/share/webots_ros2_homework2_python/package.dsv'
[6.952s] INFO:colcon.colcon_core.shell:Creating package script '/home/aaronb/f23_robotics_homework2/install/webots_ros2_homework2_python/share/webots_ros2_homework2_python/package.sh'
[6.952s] INFO:colcon.colcon_core.shell:Creating package script '/home/aaronb/f23_robotics_homework2/install/webots_ros2_homework2_python/share/webots_ros2_homework2_python/package.bash'
[6.954s] INFO:colcon.colcon_core.shell:Creating package script '/home/aaronb/f23_robotics_homework2/install/webots_ros2_homework2_python/share/webots_ros2_homework2_python/package.zsh'
[6.956s] Level 1:colcon.colcon_core.environment:create_file_with_runtime_dependencies(/home/aaronb/f23_robotics_homework2/install/webots_ros2_homework2_python/share/colcon-core/packages/webots_ros2_homework2_python)
[6.957s] DEBUG:colcon.colcon_parallel_executor.executor.parallel:closing loop
[6.957s] DEBUG:colcon.colcon_parallel_executor.executor.parallel:loop closed
[6.958s] DEBUG:colcon.colcon_parallel_executor.executor.parallel:run_until_complete finished with '0'
[6.958s] DEBUG:colcon.colcon_core.event_reactor:joining thread
[7.110s] INFO:colcon.colcon_core.plugin_system:Skipping extension 'colcon_notification.desktop_notification.notify_send': Could not find 'notify-send'
[7.110s] INFO:colcon.colcon_core.plugin_system:Skipping extension 'colcon_notification.desktop_notification.terminal_notifier': Not used on non-Darwin systems
[7.110s] INFO:colcon.colcon_core.plugin_system:Skipping extension 'colcon_notification.desktop_notification.win32': Not used on non-Windows systems
[7.110s] INFO:colcon.colcon_notification.desktop_notification:Sending desktop notification using 'notify2'
[7.110s] DEBUG:colcon.colcon_notification.desktop_notification.notify2:Failed to initialize notify2: org.freedesktop.DBus.Error.FileNotFound: Failed to connect to socket /run/user/1000/bus: No such file or directory
[7.111s] DEBUG:colcon.colcon_core.event_reactor:joined thread
[7.136s] INFO:colcon.colcon_core.shell:Creating prefix script '/home/aaronb/f23_robotics_homework2/install/local_setup.ps1'
[7.138s] INFO:colcon.colcon_core.shell:Creating prefix util module '/home/aaronb/f23_robotics_homework2/install/_local_setup_util_ps1.py'
[7.141s] INFO:colcon.colcon_core.shell:Creating prefix chain script '/home/aaronb/f23_robotics_homework2/install/setup.ps1'
[7.164s] INFO:colcon.colcon_core.shell:Creating prefix script '/home/aaronb/f23_robotics_homework2/install/local_setup.sh'
[7.165s] INFO:colcon.colcon_core.shell:Creating prefix util module '/home/aaronb/f23_robotics_homework2/install/_local_setup_util_sh.py'
[7.166s] INFO:colcon.colcon_core.shell:Creating prefix chain script '/home/aaronb/f23_robotics_homework2/install/setup.sh'
[7.189s] INFO:colcon.colcon_core.shell:Creating prefix script '/home/aaronb/f23_robotics_homework2/install/local_setup.bash'
[7.190s] INFO:colcon.colcon_core.shell:Creating prefix chain script '/home/aaronb/f23_robotics_homework2/install/setup.bash'
[7.215s] INFO:colcon.colcon_core.shell:Creating prefix script '/home/aaronb/f23_robotics_homework2/install/local_setup.zsh'
[7.216s] INFO:colcon.colcon_core.shell:Creating prefix chain script '/home/aaronb/f23_robotics_homework2/install/setup.zsh'
