[1.928s] Invoking command in '/home/aaronb/f23_robotics_homework2/src/turtlebot_controller': PYTHONPATH=/home/aaronb/f23_robotics_homework2/build/turtlebot_controller/prefix_override:/home/aaronb/f23_robotics_homework2/install/turtlebot_controller/lib/python3.10/site-packages:${PYTHONPATH} /usr/bin/python3 setup.py egg_info --egg-base ../../build/turtlebot_controller build --build-base /home/aaronb/f23_robotics_homework2/build/turtlebot_controller/build install --record /home/aaronb/f23_robotics_homework2/build/turtlebot_controller/install.log --single-version-externally-managed
[2.404s] running egg_info
[2.406s] writing ../../build/turtlebot_controller/turtlebot_controller.egg-info/PKG-INFO
[2.407s] writing dependency_links to ../../build/turtlebot_controller/turtlebot_controller.egg-info/dependency_links.txt
[2.407s] writing entry points to ../../build/turtlebot_controller/turtlebot_controller.egg-info/entry_points.txt
[2.408s] writing requirements to ../../build/turtlebot_controller/turtlebot_controller.egg-info/requires.txt
[2.409s] writing top-level names to ../../build/turtlebot_controller/turtlebot_controller.egg-info/top_level.txt
[2.414s] reading manifest file '../../build/turtlebot_controller/turtlebot_controller.egg-info/SOURCES.txt'
[2.416s] writing manifest file '../../build/turtlebot_controller/turtlebot_controller.egg-info/SOURCES.txt'
[2.418s] running build
[2.418s] running build_py
[2.420s] running install
[2.421s] /usr/lib/python3/dist-packages/setuptools/command/install.py:34: SetuptoolsDeprecationWarning: setup.py install is deprecated. Use build and pip and other standards-based tools.
[2.421s]   warnings.warn(
[2.422s] running install_lib
[2.425s] running install_data
[2.427s] running install_egg_info
[2.431s] removing '/home/aaronb/f23_robotics_homework2/install/turtlebot_controller/lib/python3.10/site-packages/turtlebot_controller-0.0.0-py3.10.egg-info' (and everything under it)
[2.433s] Copying ../../build/turtlebot_controller/turtlebot_controller.egg-info to /home/aaronb/f23_robotics_homework2/install/turtlebot_controller/lib/python3.10/site-packages/turtlebot_controller-0.0.0-py3.10.egg-info
[2.437s] running install_scripts
[2.496s] Installing turtlebot_controller script to /home/aaronb/f23_robotics_homework2/install/turtlebot_controller/lib/turtlebot_controller
[2.497s] writing list of installed files to '/home/aaronb/f23_robotics_homework2/build/turtlebot_controller/install.log'
[2.611s] Invoked command in '/home/aaronb/f23_robotics_homework2/src/turtlebot_controller' returned '0': PYTHONPATH=/home/aaronb/f23_robotics_homework2/build/turtlebot_controller/prefix_override:/home/aaronb/f23_robotics_homework2/install/turtlebot_controller/lib/python3.10/site-packages:${PYTHONPATH} /usr/bin/python3 setup.py egg_info --egg-base ../../build/turtlebot_controller build --build-base /home/aaronb/f23_robotics_homework2/build/turtlebot_controller/build install --record /home/aaronb/f23_robotics_homework2/build/turtlebot_controller/install.log --single-version-externally-managed
