[2.277s] Invoking command in '/home/aaronb/f23_robotics_homework2/src/turtlebot_controller': PYTHONPATH=/home/aaronb/f23_robotics_homework2/build/turtlebot_controller/prefix_override:/home/aaronb/f23_robotics_homework2/install/turtlebot_controller/lib/python3.10/site-packages:${PYTHONPATH} /usr/bin/python3 setup.py egg_info --egg-base ../../build/turtlebot_controller build --build-base /home/aaronb/f23_robotics_homework2/build/turtlebot_controller/build install --record /home/aaronb/f23_robotics_homework2/build/turtlebot_controller/install.log --single-version-externally-managed
[2.820s] running egg_info
[2.824s] writing ../../build/turtlebot_controller/turtlebot_controller.egg-info/PKG-INFO
[2.824s] writing dependency_links to ../../build/turtlebot_controller/turtlebot_controller.egg-info/dependency_links.txt
[2.824s] writing entry points to ../../build/turtlebot_controller/turtlebot_controller.egg-info/entry_points.txt
[2.824s] writing requirements to ../../build/turtlebot_controller/turtlebot_controller.egg-info/requires.txt
[2.824s] writing top-level names to ../../build/turtlebot_controller/turtlebot_controller.egg-info/top_level.txt
[2.827s] reading manifest file '../../build/turtlebot_controller/turtlebot_controller.egg-info/SOURCES.txt'
[2.830s] writing manifest file '../../build/turtlebot_controller/turtlebot_controller.egg-info/SOURCES.txt'
[2.831s] running build
[2.831s] running build_py
[2.832s] running install
[2.832s] /usr/lib/python3/dist-packages/setuptools/command/install.py:34: SetuptoolsDeprecationWarning: setup.py install is deprecated. Use build and pip and other standards-based tools.
[2.833s]   warnings.warn(
[2.833s] running install_lib
[2.836s] running install_data
[2.838s] running install_egg_info
[2.842s] removing '/home/aaronb/f23_robotics_homework2/install/turtlebot_controller/lib/python3.10/site-packages/turtlebot_controller-0.0.0-py3.10.egg-info' (and everything under it)
[2.843s] Copying ../../build/turtlebot_controller/turtlebot_controller.egg-info to /home/aaronb/f23_robotics_homework2/install/turtlebot_controller/lib/python3.10/site-packages/turtlebot_controller-0.0.0-py3.10.egg-info
[2.845s] running install_scripts
[2.904s] Installing turtlebot_lab_controller script to /home/aaronb/f23_robotics_homework2/install/turtlebot_controller/lib/turtlebot_controller
[2.905s] writing list of installed files to '/home/aaronb/f23_robotics_homework2/build/turtlebot_controller/install.log'
[2.980s] Invoked command in '/home/aaronb/f23_robotics_homework2/src/turtlebot_controller' returned '0': PYTHONPATH=/home/aaronb/f23_robotics_homework2/build/turtlebot_controller/prefix_override:/home/aaronb/f23_robotics_homework2/install/turtlebot_controller/lib/python3.10/site-packages:${PYTHONPATH} /usr/bin/python3 setup.py egg_info --egg-base ../../build/turtlebot_controller build --build-base /home/aaronb/f23_robotics_homework2/build/turtlebot_controller/build install --record /home/aaronb/f23_robotics_homework2/build/turtlebot_controller/install.log --single-version-externally-managed
