running egg_info
creating ../../build/turtlebot_controller/turtlebot_controller.egg-info
writing ../../build/turtlebot_controller/turtlebot_controller.egg-info/PKG-INFO
writing dependency_links to ../../build/turtlebot_controller/turtlebot_controller.egg-info/dependency_links.txt
writing entry points to ../../build/turtlebot_controller/turtlebot_controller.egg-info/entry_points.txt
writing requirements to ../../build/turtlebot_controller/turtlebot_controller.egg-info/requires.txt
writing top-level names to ../../build/turtlebot_controller/turtlebot_controller.egg-info/top_level.txt
writing manifest file '../../build/turtlebot_controller/turtlebot_controller.egg-info/SOURCES.txt'
reading manifest file '../../build/turtlebot_controller/turtlebot_controller.egg-info/SOURCES.txt'
writing manifest file '../../build/turtlebot_controller/turtlebot_controller.egg-info/SOURCES.txt'
running build
running build_py
creating /home/aaronb/f23_robotics_homework2/build/turtlebot_controller/build
creating /home/aaronb/f23_robotics_homework2/build/turtlebot_controller/build/lib
creating /home/aaronb/f23_robotics_homework2/build/turtlebot_controller/build/lib/turtlebot_controller
copying turtlebot_controller/__init__.py -> /home/aaronb/f23_robotics_homework2/build/turtlebot_controller/build/lib/turtlebot_controller
copying turtlebot_controller/my_node.py -> /home/aaronb/f23_robotics_homework2/build/turtlebot_controller/build/lib/turtlebot_controller
running install
/usr/lib/python3/dist-packages/setuptools/command/install.py:34: SetuptoolsDeprecationWarning: setup.py install is deprecated. Use build and pip and other standards-based tools.
  warnings.warn(
running install_lib
creating /home/aaronb/f23_robotics_homework2/install/turtlebot_controller/lib/python3.10/site-packages/turtlebot_controller
copying /home/aaronb/f23_robotics_homework2/build/turtlebot_controller/build/lib/turtlebot_controller/__init__.py -> /home/aaronb/f23_robotics_homework2/install/turtlebot_controller/lib/python3.10/site-packages/turtlebot_controller
copying /home/aaronb/f23_robotics_homework2/build/turtlebot_controller/build/lib/turtlebot_controller/my_node.py -> /home/aaronb/f23_robotics_homework2/install/turtlebot_controller/lib/python3.10/site-packages/turtlebot_controller
byte-compiling /home/aaronb/f23_robotics_homework2/install/turtlebot_controller/lib/python3.10/site-packages/turtlebot_controller/__init__.py to __init__.cpython-310.pyc
byte-compiling /home/aaronb/f23_robotics_homework2/install/turtlebot_controller/lib/python3.10/site-packages/turtlebot_controller/my_node.py to my_node.cpython-310.pyc
running install_data
creating /home/aaronb/f23_robotics_homework2/install/turtlebot_controller/share/ament_index
creating /home/aaronb/f23_robotics_homework2/install/turtlebot_controller/share/ament_index/resource_index
creating /home/aaronb/f23_robotics_homework2/install/turtlebot_controller/share/ament_index/resource_index/packages
copying resource/turtlebot_controller -> /home/aaronb/f23_robotics_homework2/install/turtlebot_controller/share/ament_index/resource_index/packages
copying package.xml -> /home/aaronb/f23_robotics_homework2/install/turtlebot_controller/share/turtlebot_controller
running install_egg_info
Copying ../../build/turtlebot_controller/turtlebot_controller.egg-info to /home/aaronb/f23_robotics_homework2/install/turtlebot_controller/lib/python3.10/site-packages/turtlebot_controller-0.0.0-py3.10.egg-info
running install_scripts
Installing my_node script to /home/aaronb/f23_robotics_homework2/install/turtlebot_controller/lib/turtlebot_controller
writing list of installed files to '/home/aaronb/f23_robotics_homework2/build/turtlebot_controller/install.log'
