[1.992s] Invoking command in '/home/aaronb/f23_robotics_homework2/src/webots_ros2_sim_python': PYTHONPATH=/home/aaronb/f23_robotics_homework2/build/webots_ros2_homework1_python/prefix_override:/home/aaronb/f23_robotics_homework2/install/webots_ros2_homework1_python/lib/python3.10/site-packages:${PYTHONPATH} /usr/bin/python3 setup.py egg_info --egg-base ../../build/webots_ros2_homework1_python build --build-base /home/aaronb/f23_robotics_homework2/build/webots_ros2_homework1_python/build install --record /home/aaronb/f23_robotics_homework2/build/webots_ros2_homework1_python/install.log --single-version-externally-managed
[2.501s] running egg_info
[2.503s] writing ../../build/webots_ros2_homework1_python/webots_ros2_homework1_python.egg-info/PKG-INFO
[2.504s] writing dependency_links to ../../build/webots_ros2_homework1_python/webots_ros2_homework1_python.egg-info/dependency_links.txt
[2.506s] writing entry points to ../../build/webots_ros2_homework1_python/webots_ros2_homework1_python.egg-info/entry_points.txt
[2.506s] writing requirements to ../../build/webots_ros2_homework1_python/webots_ros2_homework1_python.egg-info/requires.txt
[2.507s] writing top-level names to ../../build/webots_ros2_homework1_python/webots_ros2_homework1_python.egg-info/top_level.txt
[2.508s] reading manifest file '../../build/webots_ros2_homework1_python/webots_ros2_homework1_python.egg-info/SOURCES.txt'
[2.510s] writing manifest file '../../build/webots_ros2_homework1_python/webots_ros2_homework1_python.egg-info/SOURCES.txt'
[2.511s] running build
[2.511s] running build_py
[2.512s] copying webots_ros2_homework1_python/webots_ros2_homework1_python.py -> /home/aaronb/f23_robotics_homework2/build/webots_ros2_homework1_python/build/lib/webots_ros2_homework1_python
[2.512s] running install
[2.513s] /usr/lib/python3/dist-packages/setuptools/command/install.py:34: SetuptoolsDeprecationWarning: setup.py install is deprecated. Use build and pip and other standards-based tools.
[2.513s]   warnings.warn(
[2.513s] running install_lib
[2.516s] copying /home/aaronb/f23_robotics_homework2/build/webots_ros2_homework1_python/build/lib/webots_ros2_homework1_python/webots_ros2_homework1_python.py -> /home/aaronb/f23_robotics_homework2/install/webots_ros2_homework1_python/lib/python3.10/site-packages/webots_ros2_homework1_python
[2.521s] byte-compiling /home/aaronb/f23_robotics_homework2/install/webots_ros2_homework1_python/lib/python3.10/site-packages/webots_ros2_homework1_python/webots_ros2_homework1_python.py to webots_ros2_homework1_python.cpython-310.pyc
[2.525s] running install_data
[2.541s] running install_egg_info
[2.544s] removing '/home/aaronb/f23_robotics_homework2/install/webots_ros2_homework1_python/lib/python3.10/site-packages/webots_ros2_homework1_python-0.0.0-py3.10.egg-info' (and everything under it)
[2.551s] Copying ../../build/webots_ros2_homework1_python/webots_ros2_homework1_python.egg-info to /home/aaronb/f23_robotics_homework2/install/webots_ros2_homework1_python/lib/python3.10/site-packages/webots_ros2_homework1_python-0.0.0-py3.10.egg-info
[2.552s] running install_scripts
[2.608s] Installing webots_ros2_homework1_python script to /home/aaronb/f23_robotics_homework2/install/webots_ros2_homework1_python/lib/webots_ros2_homework1_python
[2.617s] writing list of installed files to '/home/aaronb/f23_robotics_homework2/build/webots_ros2_homework1_python/install.log'
[2.775s] Invoked command in '/home/aaronb/f23_robotics_homework2/src/webots_ros2_sim_python' returned '0': PYTHONPATH=/home/aaronb/f23_robotics_homework2/build/webots_ros2_homework1_python/prefix_override:/home/aaronb/f23_robotics_homework2/install/webots_ros2_homework1_python/lib/python3.10/site-packages:${PYTHONPATH} /usr/bin/python3 setup.py egg_info --egg-base ../../build/webots_ros2_homework1_python build --build-base /home/aaronb/f23_robotics_homework2/build/webots_ros2_homework1_python/build install --record /home/aaronb/f23_robotics_homework2/build/webots_ros2_homework1_python/install.log --single-version-externally-managed
