[2.124s] Invoking command in '/home/aaronb/f23_robotics_homework2/src/webots_ros2_sim_python': PYTHONPATH=/home/aaronb/f23_robotics_homework2/src/build/webots_ros2_homework1_python/prefix_override:/home/aaronb/f23_robotics_homework2/src/install/webots_ros2_homework1_python/lib/python3.10/site-packages:${PYTHONPATH} /usr/bin/python3 setup.py egg_info --egg-base ../build/webots_ros2_homework1_python build --build-base /home/aaronb/f23_robotics_homework2/src/build/webots_ros2_homework1_python/build install --record /home/aaronb/f23_robotics_homework2/src/build/webots_ros2_homework1_python/install.log --single-version-externally-managed
[2.713s] running egg_info
[2.715s] writing ../build/webots_ros2_homework1_python/webots_ros2_homework1_python.egg-info/PKG-INFO
[2.715s] writing dependency_links to ../build/webots_ros2_homework1_python/webots_ros2_homework1_python.egg-info/dependency_links.txt
[2.716s] writing entry points to ../build/webots_ros2_homework1_python/webots_ros2_homework1_python.egg-info/entry_points.txt
[2.716s] writing requirements to ../build/webots_ros2_homework1_python/webots_ros2_homework1_python.egg-info/requires.txt
[2.717s] writing top-level names to ../build/webots_ros2_homework1_python/webots_ros2_homework1_python.egg-info/top_level.txt
[2.722s] reading manifest file '../build/webots_ros2_homework1_python/webots_ros2_homework1_python.egg-info/SOURCES.txt'
[2.725s] writing manifest file '../build/webots_ros2_homework1_python/webots_ros2_homework1_python.egg-info/SOURCES.txt'
[2.725s] running build
[2.725s] running build_py
[2.726s] running install
[2.726s] /usr/lib/python3/dist-packages/setuptools/command/install.py:34: SetuptoolsDeprecationWarning: setup.py install is deprecated. Use build and pip and other standards-based tools.
[2.726s]   warnings.warn(
[2.727s] running install_lib
[2.731s] running install_data
[2.733s] running install_egg_info
[2.737s] removing '/home/aaronb/f23_robotics_homework2/src/install/webots_ros2_homework1_python/lib/python3.10/site-packages/webots_ros2_homework1_python-0.0.0-py3.10.egg-info' (and everything under it)
[2.738s] Copying ../build/webots_ros2_homework1_python/webots_ros2_homework1_python.egg-info to /home/aaronb/f23_robotics_homework2/src/install/webots_ros2_homework1_python/lib/python3.10/site-packages/webots_ros2_homework1_python-0.0.0-py3.10.egg-info
[2.740s] running install_scripts
[2.803s] Installing webots_ros2_homework1_python script to /home/aaronb/f23_robotics_homework2/src/install/webots_ros2_homework1_python/lib/webots_ros2_homework1_python
[2.805s] writing list of installed files to '/home/aaronb/f23_robotics_homework2/src/build/webots_ros2_homework1_python/install.log'
[2.960s] Invoked command in '/home/aaronb/f23_robotics_homework2/src/webots_ros2_sim_python' returned '0': PYTHONPATH=/home/aaronb/f23_robotics_homework2/src/build/webots_ros2_homework1_python/prefix_override:/home/aaronb/f23_robotics_homework2/src/install/webots_ros2_homework1_python/lib/python3.10/site-packages:${PYTHONPATH} /usr/bin/python3 setup.py egg_info --egg-base ../build/webots_ros2_homework1_python build --build-base /home/aaronb/f23_robotics_homework2/src/build/webots_ros2_homework1_python/build install --record /home/aaronb/f23_robotics_homework2/src/build/webots_ros2_homework1_python/install.log --single-version-externally-managed
