[12.463s] Invoking command in '/home/aaronb/f23_robotics_homework2/src/turtlebot_controller': PYTHONPATH=/home/aaronb/f23_robotics_homework2/build/turtlebot_controller/prefix_override:/home/aaronb/f23_robotics_homework2/install/turtlebot_controller/lib/python3.10/site-packages:${PYTHONPATH} /usr/bin/python3 setup.py egg_info --egg-base ../../build/turtlebot_controller build --build-base /home/aaronb/f23_robotics_homework2/build/turtlebot_controller/build install --record /home/aaronb/f23_robotics_homework2/build/turtlebot_controller/install.log --single-version-externally-managed
[15.537s] running egg_info
[15.552s] writing ../../build/turtlebot_controller/turtlebot_controller.egg-info/PKG-INFO
[15.553s] writing dependency_links to ../../build/turtlebot_controller/turtlebot_controller.egg-info/dependency_links.txt
[15.553s] writing entry points to ../../build/turtlebot_controller/turtlebot_controller.egg-info/entry_points.txt
[15.554s] writing requirements to ../../build/turtlebot_controller/turtlebot_controller.egg-info/requires.txt
[15.554s] writing top-level names to ../../build/turtlebot_controller/turtlebot_controller.egg-info/top_level.txt
[15.580s] reading manifest file '../../build/turtlebot_controller/turtlebot_controller.egg-info/SOURCES.txt'
[15.586s] writing manifest file '../../build/turtlebot_controller/turtlebot_controller.egg-info/SOURCES.txt'
[15.587s] running build
[15.588s] running build_py
[15.588s] /usr/lib/python3/dist-packages/setuptools/command/install.py:34: SetuptoolsDeprecationWarning: setup.py install is deprecated. Use build and pip and other standards-based tools.
[15.589s]   warnings.warn(
[15.590s] running install
[15.591s] running install_lib
[15.592s] running install_data
[15.608s] running install_egg_info
[15.609s] removing '/home/aaronb/f23_robotics_homework2/install/turtlebot_controller/lib/python3.10/site-packages/turtlebot_controller-0.0.0-py3.10.egg-info' (and everything under it)
[15.611s] Copying ../../build/turtlebot_controller/turtlebot_controller.egg-info to /home/aaronb/f23_robotics_homework2/install/turtlebot_controller/lib/python3.10/site-packages/turtlebot_controller-0.0.0-py3.10.egg-info
[15.624s] running install_scripts
[15.796s] Installing turtlebot_controller script to /home/aaronb/f23_robotics_homework2/install/turtlebot_controller/lib/turtlebot_controller
[15.797s] writing list of installed files to '/home/aaronb/f23_robotics_homework2/build/turtlebot_controller/install.log'
[15.956s] Invoked command in '/home/aaronb/f23_robotics_homework2/src/turtlebot_controller' returned '0': PYTHONPATH=/home/aaronb/f23_robotics_homework2/build/turtlebot_controller/prefix_override:/home/aaronb/f23_robotics_homework2/install/turtlebot_controller/lib/python3.10/site-packages:${PYTHONPATH} /usr/bin/python3 setup.py egg_info --egg-base ../../build/turtlebot_controller build --build-base /home/aaronb/f23_robotics_homework2/build/turtlebot_controller/build install --record /home/aaronb/f23_robotics_homework2/build/turtlebot_controller/install.log --single-version-externally-managed
