[2.156s] Invoking command in '/home/aaronb/f23_robotics_homework2/src/turtlebot_controller': PYTHONPATH=/home/aaronb/f23_robotics_homework2/src/build/turtlebot_controller/prefix_override:/home/aaronb/f23_robotics_homework2/src/install/turtlebot_controller/lib/python3.10/site-packages:${PYTHONPATH} /usr/bin/python3 setup.py egg_info --egg-base ../build/turtlebot_controller build --build-base /home/aaronb/f23_robotics_homework2/src/build/turtlebot_controller/build install --record /home/aaronb/f23_robotics_homework2/src/build/turtlebot_controller/install.log --single-version-externally-managed
[2.676s] running egg_info
[2.677s] creating ../build/turtlebot_controller/turtlebot_lab_controller.egg-info
[2.678s] writing ../build/turtlebot_controller/turtlebot_lab_controller.egg-info/PKG-INFO
[2.678s] writing dependency_links to ../build/turtlebot_controller/turtlebot_lab_controller.egg-info/dependency_links.txt
[2.679s] writing entry points to ../build/turtlebot_controller/turtlebot_lab_controller.egg-info/entry_points.txt
[2.679s] writing requirements to ../build/turtlebot_controller/turtlebot_lab_controller.egg-info/requires.txt
[2.679s] writing top-level names to ../build/turtlebot_controller/turtlebot_lab_controller.egg-info/top_level.txt
[2.680s] writing manifest file '../build/turtlebot_controller/turtlebot_lab_controller.egg-info/SOURCES.txt'
[2.684s] reading manifest file '../build/turtlebot_controller/turtlebot_lab_controller.egg-info/SOURCES.txt'
[2.686s] writing manifest file '../build/turtlebot_controller/turtlebot_lab_controller.egg-info/SOURCES.txt'
[2.686s] running build
[2.687s] running build_py
[2.687s] running install
[2.687s] /usr/lib/python3/dist-packages/setuptools/command/install.py:34: SetuptoolsDeprecationWarning: setup.py install is deprecated. Use build and pip and other standards-based tools.
[2.688s]   warnings.warn(
[2.688s] running install_lib
[2.692s] running install_data
[2.693s] error: can't copy 'resource/turtlebot_lab_controller': doesn't exist or not a regular file
[2.741s] Invoked command in '/home/aaronb/f23_robotics_homework2/src/turtlebot_controller' returned '1': PYTHONPATH=/home/aaronb/f23_robotics_homework2/src/build/turtlebot_controller/prefix_override:/home/aaronb/f23_robotics_homework2/src/install/turtlebot_controller/lib/python3.10/site-packages:${PYTHONPATH} /usr/bin/python3 setup.py egg_info --egg-base ../build/turtlebot_controller build --build-base /home/aaronb/f23_robotics_homework2/src/build/turtlebot_controller/build install --record /home/aaronb/f23_robotics_homework2/src/build/turtlebot_controller/install.log --single-version-externally-managed
