[2.382s] Invoking command in '/home/aaronb/f23_robotics_homework2/src/turtlebot_controller': PYTHONPATH=/home/aaronb/f23_robotics_homework2/build/turtlebot_controller/prefix_override:/home/aaronb/f23_robotics_homework2/install/turtlebot_controller/lib/python3.10/site-packages:${PYTHONPATH} /usr/bin/python3 setup.py egg_info --egg-base ../../build/turtlebot_controller build --build-base /home/aaronb/f23_robotics_homework2/build/turtlebot_controller/build install --record /home/aaronb/f23_robotics_homework2/build/turtlebot_controller/install.log --single-version-externally-managed
[2.942s] running egg_info
[2.945s] writing ../../build/turtlebot_controller/turtlebot_controller.egg-info/PKG-INFO
[2.945s] writing dependency_links to ../../build/turtlebot_controller/turtlebot_controller.egg-info/dependency_links.txt
[2.949s] writing entry points to ../../build/turtlebot_controller/turtlebot_controller.egg-info/entry_points.txt
[2.949s] writing requirements to ../../build/turtlebot_controller/turtlebot_controller.egg-info/requires.txt
[2.949s] writing top-level names to ../../build/turtlebot_controller/turtlebot_controller.egg-info/top_level.txt
[2.956s] reading manifest file '../../build/turtlebot_controller/turtlebot_controller.egg-info/SOURCES.txt'
[2.957s] writing manifest file '../../build/turtlebot_controller/turtlebot_controller.egg-info/SOURCES.txt'
[2.957s] running build
[2.958s] running build_py
[2.960s] running install
[2.961s] /usr/lib/python3/dist-packages/setuptools/command/install.py:34: SetuptoolsDeprecationWarning: setup.py install is deprecated. Use build and pip and other standards-based tools.
[2.962s]   warnings.warn(
[2.962s] running install_lib
[2.962s] running install_data
[2.963s] running install_egg_info
[2.967s] removing '/home/aaronb/f23_robotics_homework2/install/turtlebot_controller/lib/python3.10/site-packages/turtlebot_controller-0.0.0-py3.10.egg-info' (and everything under it)
[2.967s] Copying ../../build/turtlebot_controller/turtlebot_controller.egg-info to /home/aaronb/f23_robotics_homework2/install/turtlebot_controller/lib/python3.10/site-packages/turtlebot_controller-0.0.0-py3.10.egg-info
[2.970s] running install_scripts
[3.030s] Installing turtlebot_controller script to /home/aaronb/f23_robotics_homework2/install/turtlebot_controller/lib/turtlebot_controller
[3.034s] writing list of installed files to '/home/aaronb/f23_robotics_homework2/build/turtlebot_controller/install.log'
[3.103s] Invoked command in '/home/aaronb/f23_robotics_homework2/src/turtlebot_controller' returned '0': PYTHONPATH=/home/aaronb/f23_robotics_homework2/build/turtlebot_controller/prefix_override:/home/aaronb/f23_robotics_homework2/install/turtlebot_controller/lib/python3.10/site-packages:${PYTHONPATH} /usr/bin/python3 setup.py egg_info --egg-base ../../build/turtlebot_controller build --build-base /home/aaronb/f23_robotics_homework2/build/turtlebot_controller/build install --record /home/aaronb/f23_robotics_homework2/build/turtlebot_controller/install.log --single-version-externally-managed
