[1.833s] Invoking command in '/home/aaronb/f23_robotics_homework2/src/webots_ros2_controller_python': PYTHONPATH=/home/aaronb/f23_robotics_homework2/build/webots_ros2_homework2_python/prefix_override:/home/aaronb/f23_robotics_homework2/install/webots_ros2_homework2_python/lib/python3.10/site-packages:${PYTHONPATH} /usr/bin/python3 setup.py egg_info --egg-base ../../build/webots_ros2_homework2_python build --build-base /home/aaronb/f23_robotics_homework2/build/webots_ros2_homework2_python/build install --record /home/aaronb/f23_robotics_homework2/build/webots_ros2_homework2_python/install.log --single-version-externally-managed
[2.320s] running egg_info
[2.322s] writing ../../build/webots_ros2_homework2_python/webots_ros2_homework2_python.egg-info/PKG-INFO
[2.323s] writing dependency_links to ../../build/webots_ros2_homework2_python/webots_ros2_homework2_python.egg-info/dependency_links.txt
[2.323s] writing entry points to ../../build/webots_ros2_homework2_python/webots_ros2_homework2_python.egg-info/entry_points.txt
[2.323s] writing requirements to ../../build/webots_ros2_homework2_python/webots_ros2_homework2_python.egg-info/requires.txt
[2.324s] writing top-level names to ../../build/webots_ros2_homework2_python/webots_ros2_homework2_python.egg-info/top_level.txt
[2.330s] reading manifest file '../../build/webots_ros2_homework2_python/webots_ros2_homework2_python.egg-info/SOURCES.txt'
[2.332s] writing manifest file '../../build/webots_ros2_homework2_python/webots_ros2_homework2_python.egg-info/SOURCES.txt'
[2.333s] running build
[2.333s] running build_py
[2.334s] /usr/lib/python3/dist-packages/setuptools/command/install.py:34: SetuptoolsDeprecationWarning: setup.py install is deprecated. Use build and pip and other standards-based tools.
[2.334s]   warnings.warn(
[2.334s] running install
[2.334s] running install_lib
[2.337s] running install_data
[2.339s] running install_egg_info
[2.343s] removing '/home/aaronb/f23_robotics_homework2/install/webots_ros2_homework2_python/lib/python3.10/site-packages/webots_ros2_homework2_python-0.0.0-py3.10.egg-info' (and everything under it)
[2.344s] Copying ../../build/webots_ros2_homework2_python/webots_ros2_homework2_python.egg-info to /home/aaronb/f23_robotics_homework2/install/webots_ros2_homework2_python/lib/python3.10/site-packages/webots_ros2_homework2_python-0.0.0-py3.10.egg-info
[2.346s] running install_scripts
[2.401s] Installing webots_ros2_controller_python script to /home/aaronb/f23_robotics_homework2/install/webots_ros2_homework2_python/lib/webots_ros2_homework2_python
[2.402s] writing list of installed files to '/home/aaronb/f23_robotics_homework2/build/webots_ros2_homework2_python/install.log'
[2.502s] Invoked command in '/home/aaronb/f23_robotics_homework2/src/webots_ros2_controller_python' returned '0': PYTHONPATH=/home/aaronb/f23_robotics_homework2/build/webots_ros2_homework2_python/prefix_override:/home/aaronb/f23_robotics_homework2/install/webots_ros2_homework2_python/lib/python3.10/site-packages:${PYTHONPATH} /usr/bin/python3 setup.py egg_info --egg-base ../../build/webots_ros2_homework2_python build --build-base /home/aaronb/f23_robotics_homework2/build/webots_ros2_homework2_python/build install --record /home/aaronb/f23_robotics_homework2/build/webots_ros2_homework2_python/install.log --single-version-externally-managed
