[1.422s] DEBUG:colcon:Command line arguments: ['/usr/bin/colcon', 'build']
[1.423s] DEBUG:colcon:Parsed command line arguments: Namespace(log_base=None, log_level=None, verb_name='build', build_base='build', install_base='install', merge_install=False, symlink_install=False, test_result_base=None, continue_on_error=False, executor='parallel', parallel_workers=4, event_handlers=None, ignore_user_meta=False, metas=['./colcon.meta'], base_paths=['.'], packages_ignore=None, packages_ignore_regex=None, paths=None, packages_up_to=None, packages_up_to_regex=None, packages_above=None, packages_above_and_dependencies=None, packages_above_depth=None, packages_select_by_dep=None, packages_skip_by_dep=None, packages_skip_up_to=None, packages_select_build_failed=False, packages_skip_build_finished=False, packages_select_test_failures=False, packages_skip_test_passed=False, packages_select=None, packages_skip=None, packages_select_regex=None, packages_skip_regex=None, packages_start=None, packages_end=None, allow_overriding=[], cmake_args=None, cmake_target=None, cmake_target_skip_unavailable=False, cmake_clean_cache=False, cmake_clean_first=False, cmake_force_configure=False, ament_cmake_args=None, catkin_cmake_args=None, catkin_skip_building_tests=False, verb_parser=<colcon_defaults.argument_parser.defaults.DefaultArgumentsDecorator object at 0x7f1fdd005ab0>, verb_extension=<colcon_core.verb.build.BuildVerb object at 0x7f1fdd005360>, main=<bound method BuildVerb.main of <colcon_core.verb.build.BuildVerb object at 0x7f1fdd005360>>)
[1.482s] Level 1:colcon.colcon_core.package_discovery:discover_packages(colcon_meta) check parameters
[1.482s] Level 1:colcon.colcon_core.package_discovery:discover_packages(recursive) check parameters
[1.482s] Level 1:colcon.colcon_core.package_discovery:discover_packages(ignore) check parameters
[1.482s] Level 1:colcon.colcon_core.package_discovery:discover_packages(path) check parameters
[1.482s] Level 1:colcon.colcon_core.package_discovery:discover_packages(colcon_meta) discover
[1.482s] Level 1:colcon.colcon_core.package_discovery:discover_packages(recursive) discover
[1.482s] INFO:colcon.colcon_core.package_discovery:Crawling recursively for packages in '/home/aaronb/f23_robotics_homework2'
[1.482s] Level 1:colcon.colcon_core.package_identification:_identify(.) by extensions ['ignore', 'ignore_ament_install']
[1.482s] Level 1:colcon.colcon_core.package_identification:_identify(.) by extension 'ignore'
[1.482s] Level 1:colcon.colcon_core.package_identification:_identify(.) by extension 'ignore_ament_install'
[1.482s] Level 1:colcon.colcon_core.package_identification:_identify(.) by extensions ['colcon_pkg']
[1.482s] Level 1:colcon.colcon_core.package_identification:_identify(.) by extension 'colcon_pkg'
[1.483s] Level 1:colcon.colcon_core.package_identification:_identify(.) by extensions ['colcon_meta']
[1.483s] Level 1:colcon.colcon_core.package_identification:_identify(.) by extension 'colcon_meta'
[1.483s] Level 1:colcon.colcon_core.package_identification:_identify(.) by extensions ['ros']
[1.483s] Level 1:colcon.colcon_core.package_identification:_identify(.) by extension 'ros'
[1.498s] Level 1:colcon.colcon_core.package_identification:_identify(.) by extensions ['cmake', 'python']
[1.498s] Level 1:colcon.colcon_core.package_identification:_identify(.) by extension 'cmake'
[1.498s] Level 1:colcon.colcon_core.package_identification:_identify(.) by extension 'python'
[1.498s] Level 1:colcon.colcon_core.package_identification:_identify(.) by extensions ['python_setup_py']
[1.498s] Level 1:colcon.colcon_core.package_identification:_identify(.) by extension 'python_setup_py'
[1.499s] Level 1:colcon.colcon_core.package_identification:_identify(build) by extensions ['ignore', 'ignore_ament_install']
[1.499s] Level 1:colcon.colcon_core.package_identification:_identify(build) by extension 'ignore'
[1.499s] Level 1:colcon.colcon_core.package_identification:_identify(build) ignored
[1.499s] Level 1:colcon.colcon_core.package_identification:_identify(install) by extensions ['ignore', 'ignore_ament_install']
[1.499s] Level 1:colcon.colcon_core.package_identification:_identify(install) by extension 'ignore'
[1.499s] Level 1:colcon.colcon_core.package_identification:_identify(install) ignored
[1.499s] Level 1:colcon.colcon_core.package_identification:_identify(log) by extensions ['ignore', 'ignore_ament_install']
[1.500s] Level 1:colcon.colcon_core.package_identification:_identify(log) by extension 'ignore'
[1.500s] Level 1:colcon.colcon_core.package_identification:_identify(log) ignored
[1.500s] Level 1:colcon.colcon_core.package_identification:_identify(src) by extensions ['ignore', 'ignore_ament_install']
[1.500s] Level 1:colcon.colcon_core.package_identification:_identify(src) by extension 'ignore'
[1.500s] Level 1:colcon.colcon_core.package_identification:_identify(src) by extension 'ignore_ament_install'
[1.500s] Level 1:colcon.colcon_core.package_identification:_identify(src) by extensions ['colcon_pkg']
[1.500s] Level 1:colcon.colcon_core.package_identification:_identify(src) by extension 'colcon_pkg'
[1.500s] Level 1:colcon.colcon_core.package_identification:_identify(src) by extensions ['colcon_meta']
[1.500s] Level 1:colcon.colcon_core.package_identification:_identify(src) by extension 'colcon_meta'
[1.500s] Level 1:colcon.colcon_core.package_identification:_identify(src) by extensions ['ros']
[1.500s] Level 1:colcon.colcon_core.package_identification:_identify(src) by extension 'ros'
[1.501s] Level 1:colcon.colcon_core.package_identification:_identify(src) by extensions ['cmake', 'python']
[1.501s] Level 1:colcon.colcon_core.package_identification:_identify(src) by extension 'cmake'
[1.501s] Level 1:colcon.colcon_core.package_identification:_identify(src) by extension 'python'
[1.501s] Level 1:colcon.colcon_core.package_identification:_identify(src) by extensions ['python_setup_py']
[1.501s] Level 1:colcon.colcon_core.package_identification:_identify(src) by extension 'python_setup_py'
[1.501s] Level 1:colcon.colcon_core.package_identification:_identify(src/build) by extensions ['ignore', 'ignore_ament_install']
[1.502s] Level 1:colcon.colcon_core.package_identification:_identify(src/build) by extension 'ignore'
[1.502s] Level 1:colcon.colcon_core.package_identification:_identify(src/build) ignored
[1.502s] Level 1:colcon.colcon_core.package_identification:_identify(src/install) by extensions ['ignore', 'ignore_ament_install']
[1.502s] Level 1:colcon.colcon_core.package_identification:_identify(src/install) by extension 'ignore'
[1.502s] Level 1:colcon.colcon_core.package_identification:_identify(src/install) ignored
[1.502s] Level 1:colcon.colcon_core.package_identification:_identify(src/log) by extensions ['ignore', 'ignore_ament_install']
[1.502s] Level 1:colcon.colcon_core.package_identification:_identify(src/log) by extension 'ignore'
[1.502s] Level 1:colcon.colcon_core.package_identification:_identify(src/log) ignored
[1.502s] Level 1:colcon.colcon_core.package_identification:_identify(src/turtlebot_controller) by extensions ['ignore', 'ignore_ament_install']
[1.502s] Level 1:colcon.colcon_core.package_identification:_identify(src/turtlebot_controller) by extension 'ignore'
[1.502s] Level 1:colcon.colcon_core.package_identification:_identify(src/turtlebot_controller) by extension 'ignore_ament_install'
[1.503s] Level 1:colcon.colcon_core.package_identification:_identify(src/turtlebot_controller) by extensions ['colcon_pkg']
[1.503s] Level 1:colcon.colcon_core.package_identification:_identify(src/turtlebot_controller) by extension 'colcon_pkg'
[1.503s] Level 1:colcon.colcon_core.package_identification:_identify(src/turtlebot_controller) by extensions ['colcon_meta']
[1.503s] Level 1:colcon.colcon_core.package_identification:_identify(src/turtlebot_controller) by extension 'colcon_meta'
[1.503s] Level 1:colcon.colcon_core.package_identification:_identify(src/turtlebot_controller) by extensions ['ros']
[1.503s] Level 1:colcon.colcon_core.package_identification:_identify(src/turtlebot_controller) by extension 'ros'
[1.507s] DEBUG:colcon.colcon_core.package_identification:Package 'src/turtlebot_controller' with type 'ros.ament_python' and name 'turtlebot_controller'
[1.507s] Level 1:colcon.colcon_core.package_identification:_identify(src/webots_ros2_controller_python) by extensions ['ignore', 'ignore_ament_install']
[1.507s] Level 1:colcon.colcon_core.package_identification:_identify(src/webots_ros2_controller_python) by extension 'ignore'
[1.507s] Level 1:colcon.colcon_core.package_identification:_identify(src/webots_ros2_controller_python) by extension 'ignore_ament_install'
[1.507s] Level 1:colcon.colcon_core.package_identification:_identify(src/webots_ros2_controller_python) by extensions ['colcon_pkg']
[1.507s] Level 1:colcon.colcon_core.package_identification:_identify(src/webots_ros2_controller_python) by extension 'colcon_pkg'
[1.508s] Level 1:colcon.colcon_core.package_identification:_identify(src/webots_ros2_controller_python) by extensions ['colcon_meta']
[1.508s] Level 1:colcon.colcon_core.package_identification:_identify(src/webots_ros2_controller_python) by extension 'colcon_meta'
[1.508s] Level 1:colcon.colcon_core.package_identification:_identify(src/webots_ros2_controller_python) by extensions ['ros']
[1.508s] Level 1:colcon.colcon_core.package_identification:_identify(src/webots_ros2_controller_python) by extension 'ros'
[1.508s] DEBUG:colcon.colcon_core.package_identification:Package 'src/webots_ros2_controller_python' with type 'ros.ament_python' and name 'webots_ros2_homework2_python'
[1.509s] Level 1:colcon.colcon_core.package_identification:_identify(src/webots_ros2_sim_python) by extensions ['ignore', 'ignore_ament_install']
[1.509s] Level 1:colcon.colcon_core.package_identification:_identify(src/webots_ros2_sim_python) by extension 'ignore'
[1.509s] Level 1:colcon.colcon_core.package_identification:_identify(src/webots_ros2_sim_python) by extension 'ignore_ament_install'
[1.509s] Level 1:colcon.colcon_core.package_identification:_identify(src/webots_ros2_sim_python) by extensions ['colcon_pkg']
[1.509s] Level 1:colcon.colcon_core.package_identification:_identify(src/webots_ros2_sim_python) by extension 'colcon_pkg'
[1.509s] Level 1:colcon.colcon_core.package_identification:_identify(src/webots_ros2_sim_python) by extensions ['colcon_meta']
[1.509s] Level 1:colcon.colcon_core.package_identification:_identify(src/webots_ros2_sim_python) by extension 'colcon_meta'
[1.509s] Level 1:colcon.colcon_core.package_identification:_identify(src/webots_ros2_sim_python) by extensions ['ros']
[1.509s] Level 1:colcon.colcon_core.package_identification:_identify(src/webots_ros2_sim_python) by extension 'ros'
[1.510s] DEBUG:colcon.colcon_core.package_identification:Package 'src/webots_ros2_sim_python' with type 'ros.ament_python' and name 'webots_ros2_homework1_python'
[1.510s] Level 1:colcon.colcon_core.package_discovery:discover_packages(recursive) using defaults
[1.510s] Level 1:colcon.colcon_core.package_discovery:discover_packages(ignore) discover
[1.510s] Level 1:colcon.colcon_core.package_discovery:discover_packages(ignore) using defaults
[1.510s] Level 1:colcon.colcon_core.package_discovery:discover_packages(path) discover
[1.510s] Level 1:colcon.colcon_core.package_discovery:discover_packages(path) using defaults
[1.666s] Level 1:colcon.colcon_core.package_discovery:discover_packages(prefix_path) check parameters
[1.667s] Level 1:colcon.colcon_core.package_discovery:discover_packages(prefix_path) discover
[1.709s] DEBUG:colcon.colcon_installed_package_information.package_discovery:Found 3 installed packages in /home/aaronb/f23_robotics_homework2/install
[1.727s] DEBUG:colcon.colcon_installed_package_information.package_discovery:Found 302 installed packages in /opt/ros/humble
[1.728s] Level 1:colcon.colcon_core.package_discovery:discover_packages(prefix_path) using defaults
[1.859s] Level 5:colcon.colcon_core.verb:set package 'turtlebot_controller' build argument 'cmake_args' from command line to 'None'
[1.859s] Level 5:colcon.colcon_core.verb:set package 'turtlebot_controller' build argument 'cmake_target' from command line to 'None'
[1.859s] Level 5:colcon.colcon_core.verb:set package 'turtlebot_controller' build argument 'cmake_target_skip_unavailable' from command line to 'False'
[1.859s] Level 5:colcon.colcon_core.verb:set package 'turtlebot_controller' build argument 'cmake_clean_cache' from command line to 'False'
[1.860s] Level 5:colcon.colcon_core.verb:set package 'turtlebot_controller' build argument 'cmake_clean_first' from command line to 'False'
[1.860s] Level 5:colcon.colcon_core.verb:set package 'turtlebot_controller' build argument 'cmake_force_configure' from command line to 'False'
[1.860s] Level 5:colcon.colcon_core.verb:set package 'turtlebot_controller' build argument 'ament_cmake_args' from command line to 'None'
[1.860s] Level 5:colcon.colcon_core.verb:set package 'turtlebot_controller' build argument 'catkin_cmake_args' from command line to 'None'
[1.860s] Level 5:colcon.colcon_core.verb:set package 'turtlebot_controller' build argument 'catkin_skip_building_tests' from command line to 'False'
[1.860s] DEBUG:colcon.colcon_core.verb:Building package 'turtlebot_controller' with the following arguments: {'ament_cmake_args': None, 'build_base': '/home/aaronb/f23_robotics_homework2/build/turtlebot_controller', 'catkin_cmake_args': None, 'catkin_skip_building_tests': False, 'cmake_args': None, 'cmake_clean_cache': False, 'cmake_clean_first': False, 'cmake_force_configure': False, 'cmake_target': None, 'cmake_target_skip_unavailable': False, 'install_base': '/home/aaronb/f23_robotics_homework2/install/turtlebot_controller', 'merge_install': False, 'path': '/home/aaronb/f23_robotics_homework2/src/turtlebot_controller', 'symlink_install': False, 'test_result_base': None}
[1.878s] Level 5:colcon.colcon_core.verb:set package 'webots_ros2_homework1_python' build argument 'cmake_args' from command line to 'None'
[1.878s] Level 5:colcon.colcon_core.verb:set package 'webots_ros2_homework1_python' build argument 'cmake_target' from command line to 'None'
[1.878s] Level 5:colcon.colcon_core.verb:set package 'webots_ros2_homework1_python' build argument 'cmake_target_skip_unavailable' from command line to 'False'
[1.878s] Level 5:colcon.colcon_core.verb:set package 'webots_ros2_homework1_python' build argument 'cmake_clean_cache' from command line to 'False'
[1.878s] Level 5:colcon.colcon_core.verb:set package 'webots_ros2_homework1_python' build argument 'cmake_clean_first' from command line to 'False'
[1.878s] Level 5:colcon.colcon_core.verb:set package 'webots_ros2_homework1_python' build argument 'cmake_force_configure' from command line to 'False'
[1.878s] Level 5:colcon.colcon_core.verb:set package 'webots_ros2_homework1_python' build argument 'ament_cmake_args' from command line to 'None'
[1.878s] Level 5:colcon.colcon_core.verb:set package 'webots_ros2_homework1_python' build argument 'catkin_cmake_args' from command line to 'None'
[1.878s] Level 5:colcon.colcon_core.verb:set package 'webots_ros2_homework1_python' build argument 'catkin_skip_building_tests' from command line to 'False'
[1.878s] DEBUG:colcon.colcon_core.verb:Building package 'webots_ros2_homework1_python' with the following arguments: {'ament_cmake_args': None, 'build_base': '/home/aaronb/f23_robotics_homework2/build/webots_ros2_homework1_python', 'catkin_cmake_args': None, 'catkin_skip_building_tests': False, 'cmake_args': None, 'cmake_clean_cache': False, 'cmake_clean_first': False, 'cmake_force_configure': False, 'cmake_target': None, 'cmake_target_skip_unavailable': False, 'install_base': '/home/aaronb/f23_robotics_homework2/install/webots_ros2_homework1_python', 'merge_install': False, 'path': '/home/aaronb/f23_robotics_homework2/src/webots_ros2_sim_python', 'symlink_install': False, 'test_result_base': None}
[1.895s] Level 5:colcon.colcon_core.verb:set package 'webots_ros2_homework2_python' build argument 'cmake_args' from command line to 'None'
[1.895s] Level 5:colcon.colcon_core.verb:set package 'webots_ros2_homework2_python' build argument 'cmake_target' from command line to 'None'
[1.895s] Level 5:colcon.colcon_core.verb:set package 'webots_ros2_homework2_python' build argument 'cmake_target_skip_unavailable' from command line to 'False'
[1.895s] Level 5:colcon.colcon_core.verb:set package 'webots_ros2_homework2_python' build argument 'cmake_clean_cache' from command line to 'False'
[1.895s] Level 5:colcon.colcon_core.verb:set package 'webots_ros2_homework2_python' build argument 'cmake_clean_first' from command line to 'False'
[1.895s] Level 5:colcon.colcon_core.verb:set package 'webots_ros2_homework2_python' build argument 'cmake_force_configure' from command line to 'False'
[1.895s] Level 5:colcon.colcon_core.verb:set package 'webots_ros2_homework2_python' build argument 'ament_cmake_args' from command line to 'None'
[1.895s] Level 5:colcon.colcon_core.verb:set package 'webots_ros2_homework2_python' build argument 'catkin_cmake_args' from command line to 'None'
[1.895s] Level 5:colcon.colcon_core.verb:set package 'webots_ros2_homework2_python' build argument 'catkin_skip_building_tests' from command line to 'False'
[1.895s] DEBUG:colcon.colcon_core.verb:Building package 'webots_ros2_homework2_python' with the following arguments: {'ament_cmake_args': None, 'build_base': '/home/aaronb/f23_robotics_homework2/build/webots_ros2_homework2_python', 'catkin_cmake_args': None, 'catkin_skip_building_tests': False, 'cmake_args': None, 'cmake_clean_cache': False, 'cmake_clean_first': False, 'cmake_force_configure': False, 'cmake_target': None, 'cmake_target_skip_unavailable': False, 'install_base': '/home/aaronb/f23_robotics_homework2/install/webots_ros2_homework2_python', 'merge_install': False, 'path': '/home/aaronb/f23_robotics_homework2/src/webots_ros2_controller_python', 'symlink_install': False, 'test_result_base': None}
[1.914s] INFO:colcon.colcon_core.executor:Executing jobs using 'parallel' executor
[1.933s] DEBUG:colcon.colcon_parallel_executor.executor.parallel:run_until_complete
[1.934s] INFO:colcon.colcon_ros.task.ament_python.build:Building ROS package in '/home/aaronb/f23_robotics_homework2/src/turtlebot_controller' with build type 'ament_python'
[1.935s] Level 1:colcon.colcon_core.shell:create_environment_hook('turtlebot_controller', 'ament_prefix_path')
[1.957s] INFO:colcon.colcon_core.plugin_system:Skipping extension 'colcon_core.shell.bat': Not used on non-Windows systems
[1.958s] INFO:colcon.colcon_core.shell:Creating environment hook '/home/aaronb/f23_robotics_homework2/install/turtlebot_controller/share/turtlebot_controller/hook/ament_prefix_path.ps1'
[1.959s] INFO:colcon.colcon_core.shell:Creating environment descriptor '/home/aaronb/f23_robotics_homework2/install/turtlebot_controller/share/turtlebot_controller/hook/ament_prefix_path.dsv'
[1.959s] INFO:colcon.colcon_core.shell:Creating environment hook '/home/aaronb/f23_robotics_homework2/install/turtlebot_controller/share/turtlebot_controller/hook/ament_prefix_path.sh'
[1.978s] INFO:colcon.colcon_core.shell:Skip shell extension 'powershell' for command environment: Not usable outside of PowerShell
[1.978s] DEBUG:colcon.colcon_core.shell:Skip shell extension 'dsv' for command environment
[2.060s] INFO:colcon.colcon_ros.task.ament_python.build:Building ROS package in '/home/aaronb/f23_robotics_homework2/src/webots_ros2_sim_python' with build type 'ament_python'
[2.060s] Level 1:colcon.colcon_core.shell:create_environment_hook('webots_ros2_homework1_python', 'ament_prefix_path')
[2.093s] INFO:colcon.colcon_core.shell:Creating environment hook '/home/aaronb/f23_robotics_homework2/install/webots_ros2_homework1_python/share/webots_ros2_homework1_python/hook/ament_prefix_path.ps1'
[2.094s] INFO:colcon.colcon_core.shell:Creating environment descriptor '/home/aaronb/f23_robotics_homework2/install/webots_ros2_homework1_python/share/webots_ros2_homework1_python/hook/ament_prefix_path.dsv'
[2.096s] INFO:colcon.colcon_core.shell:Creating environment hook '/home/aaronb/f23_robotics_homework2/install/webots_ros2_homework1_python/share/webots_ros2_homework1_python/hook/ament_prefix_path.sh'
[2.127s] INFO:colcon.colcon_core.shell:Skip shell extension 'powershell' for command environment: Not usable outside of PowerShell
[2.128s] DEBUG:colcon.colcon_core.shell:Skip shell extension 'dsv' for command environment
[2.220s] INFO:colcon.colcon_ros.task.ament_python.build:Building ROS package in '/home/aaronb/f23_robotics_homework2/src/webots_ros2_controller_python' with build type 'ament_python'
[2.222s] Level 1:colcon.colcon_core.shell:create_environment_hook('webots_ros2_homework2_python', 'ament_prefix_path')
[2.250s] INFO:colcon.colcon_core.shell:Creating environment hook '/home/aaronb/f23_robotics_homework2/install/webots_ros2_homework2_python/share/webots_ros2_homework2_python/hook/ament_prefix_path.ps1'
[2.253s] INFO:colcon.colcon_core.shell:Creating environment descriptor '/home/aaronb/f23_robotics_homework2/install/webots_ros2_homework2_python/share/webots_ros2_homework2_python/hook/ament_prefix_path.dsv'
[2.254s] INFO:colcon.colcon_core.shell:Creating environment hook '/home/aaronb/f23_robotics_homework2/install/webots_ros2_homework2_python/share/webots_ros2_homework2_python/hook/ament_prefix_path.sh'
[2.281s] INFO:colcon.colcon_core.shell:Skip shell extension 'powershell' for command environment: Not usable outside of PowerShell
[2.281s] DEBUG:colcon.colcon_core.shell:Skip shell extension 'dsv' for command environment
[2.764s] INFO:colcon.colcon_core.task.python.build:Building Python package in '/home/aaronb/f23_robotics_homework2/src/turtlebot_controller'
[2.789s] INFO:colcon.colcon_core.shell:Skip shell extension 'powershell' for command environment: Not usable outside of PowerShell
[2.789s] DEBUG:colcon.colcon_core.shell:Skip shell extension 'dsv' for command environment
[3.232s] INFO:colcon.colcon_core.task.python.build:Building Python package in '/home/aaronb/f23_robotics_homework2/src/webots_ros2_sim_python'
[3.249s] INFO:colcon.colcon_core.shell:Skip shell extension 'powershell' for command environment: Not usable outside of PowerShell
[3.250s] DEBUG:colcon.colcon_core.shell:Skip shell extension 'dsv' for command environment
[3.669s] INFO:colcon.colcon_core.task.python.build:Building Python package in '/home/aaronb/f23_robotics_homework2/src/webots_ros2_controller_python'
[3.693s] INFO:colcon.colcon_core.shell:Skip shell extension 'powershell' for command environment: Not usable outside of PowerShell
[3.693s] DEBUG:colcon.colcon_core.shell:Skip shell extension 'dsv' for command environment
[4.666s] DEBUG:colcon.colcon_core.event_handler.log_command:Invoking command in '/home/aaronb/f23_robotics_homework2/src/turtlebot_controller': PYTHONPATH=/home/aaronb/f23_robotics_homework2/build/turtlebot_controller/prefix_override:/home/aaronb/f23_robotics_homework2/install/turtlebot_controller/lib/python3.10/site-packages:${PYTHONPATH} /usr/bin/python3 setup.py egg_info --egg-base ../../build/turtlebot_controller build --build-base /home/aaronb/f23_robotics_homework2/build/turtlebot_controller/build install --record /home/aaronb/f23_robotics_homework2/build/turtlebot_controller/install.log --single-version-externally-managed
[4.690s] DEBUG:colcon.colcon_core.event_handler.log_command:Invoking command in '/home/aaronb/f23_robotics_homework2/src/webots_ros2_sim_python': PYTHONPATH=/home/aaronb/f23_robotics_homework2/build/webots_ros2_homework1_python/prefix_override:/home/aaronb/f23_robotics_homework2/install/webots_ros2_homework1_python/lib/python3.10/site-packages:${PYTHONPATH} /usr/bin/python3 setup.py egg_info --egg-base ../../build/webots_ros2_homework1_python build --build-base /home/aaronb/f23_robotics_homework2/build/webots_ros2_homework1_python/build install --record /home/aaronb/f23_robotics_homework2/build/webots_ros2_homework1_python/install.log --single-version-externally-managed
[4.703s] DEBUG:colcon.colcon_core.event_handler.log_command:Invoking command in '/home/aaronb/f23_robotics_homework2/src/webots_ros2_controller_python': PYTHONPATH=/home/aaronb/f23_robotics_homework2/build/webots_ros2_homework2_python/prefix_override:/home/aaronb/f23_robotics_homework2/install/webots_ros2_homework2_python/lib/python3.10/site-packages:${PYTHONPATH} /usr/bin/python3 setup.py egg_info --egg-base ../../build/webots_ros2_homework2_python build --build-base /home/aaronb/f23_robotics_homework2/build/webots_ros2_homework2_python/build install --record /home/aaronb/f23_robotics_homework2/build/webots_ros2_homework2_python/install.log --single-version-externally-managed
[5.522s] DEBUG:colcon.colcon_core.event_handler.log_command:Invoked command in '/home/aaronb/f23_robotics_homework2/src/webots_ros2_controller_python' returned '0': PYTHONPATH=/home/aaronb/f23_robotics_homework2/build/webots_ros2_homework2_python/prefix_override:/home/aaronb/f23_robotics_homework2/install/webots_ros2_homework2_python/lib/python3.10/site-packages:${PYTHONPATH} /usr/bin/python3 setup.py egg_info --egg-base ../../build/webots_ros2_homework2_python build --build-base /home/aaronb/f23_robotics_homework2/build/webots_ros2_homework2_python/build install --record /home/aaronb/f23_robotics_homework2/build/webots_ros2_homework2_python/install.log --single-version-externally-managed
[5.558s] Level 1:colcon.colcon_core.environment:checking '/home/aaronb/f23_robotics_homework2/install/webots_ros2_homework2_python' for CMake module files
[5.559s] Level 1:colcon.colcon_core.environment:checking '/home/aaronb/f23_robotics_homework2/install/webots_ros2_homework2_python' for CMake config files
[5.560s] Level 1:colcon.colcon_core.environment:checking '/home/aaronb/f23_robotics_homework2/install/webots_ros2_homework2_python/lib'
[5.561s] Level 1:colcon.colcon_core.environment:checking '/home/aaronb/f23_robotics_homework2/install/webots_ros2_homework2_python/bin'
[5.561s] Level 1:colcon.colcon_core.environment:checking '/home/aaronb/f23_robotics_homework2/install/webots_ros2_homework2_python/lib/pkgconfig/webots_ros2_homework2_python.pc'
[5.562s] Level 1:colcon.colcon_core.environment:checking '/home/aaronb/f23_robotics_homework2/install/webots_ros2_homework2_python/lib/python3.10/site-packages'
[5.562s] Level 1:colcon.colcon_core.shell:create_environment_hook('webots_ros2_homework2_python', 'pythonpath')
[5.588s] INFO:colcon.colcon_core.shell:Creating environment hook '/home/aaronb/f23_robotics_homework2/install/webots_ros2_homework2_python/share/webots_ros2_homework2_python/hook/pythonpath.ps1'
[5.589s] INFO:colcon.colcon_core.shell:Creating environment descriptor '/home/aaronb/f23_robotics_homework2/install/webots_ros2_homework2_python/share/webots_ros2_homework2_python/hook/pythonpath.dsv'
[5.589s] INFO:colcon.colcon_core.shell:Creating environment hook '/home/aaronb/f23_robotics_homework2/install/webots_ros2_homework2_python/share/webots_ros2_homework2_python/hook/pythonpath.sh'
[5.590s] Level 1:colcon.colcon_core.environment:checking '/home/aaronb/f23_robotics_homework2/install/webots_ros2_homework2_python/bin'
[5.590s] Level 1:colcon.colcon_core.environment:create_environment_scripts_only(webots_ros2_homework2_python)
[5.615s] INFO:colcon.colcon_core.shell:Creating package script '/home/aaronb/f23_robotics_homework2/install/webots_ros2_homework2_python/share/webots_ros2_homework2_python/package.ps1'
[5.616s] INFO:colcon.colcon_core.shell:Creating package descriptor '/home/aaronb/f23_robotics_homework2/install/webots_ros2_homework2_python/share/webots_ros2_homework2_python/package.dsv'
[5.618s] INFO:colcon.colcon_core.shell:Creating package script '/home/aaronb/f23_robotics_homework2/install/webots_ros2_homework2_python/share/webots_ros2_homework2_python/package.sh'
[5.619s] INFO:colcon.colcon_core.shell:Creating package script '/home/aaronb/f23_robotics_homework2/install/webots_ros2_homework2_python/share/webots_ros2_homework2_python/package.bash'
[5.621s] INFO:colcon.colcon_core.shell:Creating package script '/home/aaronb/f23_robotics_homework2/install/webots_ros2_homework2_python/share/webots_ros2_homework2_python/package.zsh'
[5.622s] Level 1:colcon.colcon_core.environment:create_file_with_runtime_dependencies(/home/aaronb/f23_robotics_homework2/install/webots_ros2_homework2_python/share/colcon-core/packages/webots_ros2_homework2_python)
[5.635s] DEBUG:colcon.colcon_core.event_handler.log_command:Invoked command in '/home/aaronb/f23_robotics_homework2/src/webots_ros2_sim_python' returned '0': PYTHONPATH=/home/aaronb/f23_robotics_homework2/build/webots_ros2_homework1_python/prefix_override:/home/aaronb/f23_robotics_homework2/install/webots_ros2_homework1_python/lib/python3.10/site-packages:${PYTHONPATH} /usr/bin/python3 setup.py egg_info --egg-base ../../build/webots_ros2_homework1_python build --build-base /home/aaronb/f23_robotics_homework2/build/webots_ros2_homework1_python/build install --record /home/aaronb/f23_robotics_homework2/build/webots_ros2_homework1_python/install.log --single-version-externally-managed
[5.657s] Level 1:colcon.colcon_core.environment:checking '/home/aaronb/f23_robotics_homework2/install/webots_ros2_homework1_python' for CMake module files
[5.658s] Level 1:colcon.colcon_core.environment:checking '/home/aaronb/f23_robotics_homework2/install/webots_ros2_homework1_python' for CMake config files
[5.659s] Level 1:colcon.colcon_core.environment:checking '/home/aaronb/f23_robotics_homework2/install/webots_ros2_homework1_python/lib'
[5.659s] Level 1:colcon.colcon_core.environment:checking '/home/aaronb/f23_robotics_homework2/install/webots_ros2_homework1_python/bin'
[5.659s] Level 1:colcon.colcon_core.environment:checking '/home/aaronb/f23_robotics_homework2/install/webots_ros2_homework1_python/lib/pkgconfig/webots_ros2_homework1_python.pc'
[5.660s] Level 1:colcon.colcon_core.environment:checking '/home/aaronb/f23_robotics_homework2/install/webots_ros2_homework1_python/lib/python3.10/site-packages'
[5.660s] Level 1:colcon.colcon_core.shell:create_environment_hook('webots_ros2_homework1_python', 'pythonpath')
[5.685s] INFO:colcon.colcon_core.shell:Creating environment hook '/home/aaronb/f23_robotics_homework2/install/webots_ros2_homework1_python/share/webots_ros2_homework1_python/hook/pythonpath.ps1'
[5.686s] INFO:colcon.colcon_core.shell:Creating environment descriptor '/home/aaronb/f23_robotics_homework2/install/webots_ros2_homework1_python/share/webots_ros2_homework1_python/hook/pythonpath.dsv'
[5.687s] INFO:colcon.colcon_core.shell:Creating environment hook '/home/aaronb/f23_robotics_homework2/install/webots_ros2_homework1_python/share/webots_ros2_homework1_python/hook/pythonpath.sh'
[5.688s] Level 1:colcon.colcon_core.environment:checking '/home/aaronb/f23_robotics_homework2/install/webots_ros2_homework1_python/bin'
[5.688s] Level 1:colcon.colcon_core.environment:create_environment_scripts_only(webots_ros2_homework1_python)
[5.708s] INFO:colcon.colcon_core.shell:Creating package script '/home/aaronb/f23_robotics_homework2/install/webots_ros2_homework1_python/share/webots_ros2_homework1_python/package.ps1'
[5.709s] INFO:colcon.colcon_core.shell:Creating package descriptor '/home/aaronb/f23_robotics_homework2/install/webots_ros2_homework1_python/share/webots_ros2_homework1_python/package.dsv'
[5.710s] INFO:colcon.colcon_core.shell:Creating package script '/home/aaronb/f23_robotics_homework2/install/webots_ros2_homework1_python/share/webots_ros2_homework1_python/package.sh'
[5.711s] INFO:colcon.colcon_core.shell:Creating package script '/home/aaronb/f23_robotics_homework2/install/webots_ros2_homework1_python/share/webots_ros2_homework1_python/package.bash'
[5.712s] INFO:colcon.colcon_core.shell:Creating package script '/home/aaronb/f23_robotics_homework2/install/webots_ros2_homework1_python/share/webots_ros2_homework1_python/package.zsh'
[5.712s] Level 1:colcon.colcon_core.environment:create_file_with_runtime_dependencies(/home/aaronb/f23_robotics_homework2/install/webots_ros2_homework1_python/share/colcon-core/packages/webots_ros2_homework1_python)
[5.717s] DEBUG:colcon.colcon_core.event_handler.log_command:Invoked command in '/home/aaronb/f23_robotics_homework2/src/turtlebot_controller' returned '0': PYTHONPATH=/home/aaronb/f23_robotics_homework2/build/turtlebot_controller/prefix_override:/home/aaronb/f23_robotics_homework2/install/turtlebot_controller/lib/python3.10/site-packages:${PYTHONPATH} /usr/bin/python3 setup.py egg_info --egg-base ../../build/turtlebot_controller build --build-base /home/aaronb/f23_robotics_homework2/build/turtlebot_controller/build install --record /home/aaronb/f23_robotics_homework2/build/turtlebot_controller/install.log --single-version-externally-managed
[5.742s] Level 1:colcon.colcon_core.environment:checking '/home/aaronb/f23_robotics_homework2/install/turtlebot_controller' for CMake module files
[5.743s] Level 1:colcon.colcon_core.environment:checking '/home/aaronb/f23_robotics_homework2/install/turtlebot_controller' for CMake config files
[5.744s] Level 1:colcon.colcon_core.environment:checking '/home/aaronb/f23_robotics_homework2/install/turtlebot_controller/lib'
[5.744s] Level 1:colcon.colcon_core.environment:checking '/home/aaronb/f23_robotics_homework2/install/turtlebot_controller/bin'
[5.745s] Level 1:colcon.colcon_core.environment:checking '/home/aaronb/f23_robotics_homework2/install/turtlebot_controller/lib/pkgconfig/turtlebot_controller.pc'
[5.745s] Level 1:colcon.colcon_core.environment:checking '/home/aaronb/f23_robotics_homework2/install/turtlebot_controller/lib/python3.10/site-packages'
[5.745s] Level 1:colcon.colcon_core.shell:create_environment_hook('turtlebot_controller', 'pythonpath')
[5.778s] INFO:colcon.colcon_core.shell:Creating environment hook '/home/aaronb/f23_robotics_homework2/install/turtlebot_controller/share/turtlebot_controller/hook/pythonpath.ps1'
[5.779s] INFO:colcon.colcon_core.shell:Creating environment descriptor '/home/aaronb/f23_robotics_homework2/install/turtlebot_controller/share/turtlebot_controller/hook/pythonpath.dsv'
[5.780s] INFO:colcon.colcon_core.shell:Creating environment hook '/home/aaronb/f23_robotics_homework2/install/turtlebot_controller/share/turtlebot_controller/hook/pythonpath.sh'
[5.781s] Level 1:colcon.colcon_core.environment:checking '/home/aaronb/f23_robotics_homework2/install/turtlebot_controller/bin'
[5.781s] Level 1:colcon.colcon_core.environment:create_environment_scripts_only(turtlebot_controller)
[5.808s] INFO:colcon.colcon_core.shell:Creating package script '/home/aaronb/f23_robotics_homework2/install/turtlebot_controller/share/turtlebot_controller/package.ps1'
[5.809s] INFO:colcon.colcon_core.shell:Creating package descriptor '/home/aaronb/f23_robotics_homework2/install/turtlebot_controller/share/turtlebot_controller/package.dsv'
[5.810s] INFO:colcon.colcon_core.shell:Creating package script '/home/aaronb/f23_robotics_homework2/install/turtlebot_controller/share/turtlebot_controller/package.sh'
[5.811s] INFO:colcon.colcon_core.shell:Creating package script '/home/aaronb/f23_robotics_homework2/install/turtlebot_controller/share/turtlebot_controller/package.bash'
[5.812s] INFO:colcon.colcon_core.shell:Creating package script '/home/aaronb/f23_robotics_homework2/install/turtlebot_controller/share/turtlebot_controller/package.zsh'
[5.812s] Level 1:colcon.colcon_core.environment:create_file_with_runtime_dependencies(/home/aaronb/f23_robotics_homework2/install/turtlebot_controller/share/colcon-core/packages/turtlebot_controller)
[5.813s] DEBUG:colcon.colcon_parallel_executor.executor.parallel:closing loop
[5.814s] DEBUG:colcon.colcon_parallel_executor.executor.parallel:loop closed
[5.815s] DEBUG:colcon.colcon_parallel_executor.executor.parallel:run_until_complete finished with '0'
[5.816s] DEBUG:colcon.colcon_core.event_reactor:joining thread
[5.930s] INFO:colcon.colcon_core.plugin_system:Skipping extension 'colcon_notification.desktop_notification.notify_send': Could not find 'notify-send'
[5.930s] INFO:colcon.colcon_core.plugin_system:Skipping extension 'colcon_notification.desktop_notification.terminal_notifier': Not used on non-Darwin systems
[5.930s] INFO:colcon.colcon_core.plugin_system:Skipping extension 'colcon_notification.desktop_notification.win32': Not used on non-Windows systems
[5.930s] INFO:colcon.colcon_notification.desktop_notification:Sending desktop notification using 'notify2'
[5.931s] DEBUG:colcon.colcon_notification.desktop_notification.notify2:Failed to initialize notify2: org.freedesktop.DBus.Error.FileNotFound: Failed to connect to socket /run/user/1000/bus: No such file or directory
[5.931s] DEBUG:colcon.colcon_core.event_reactor:joined thread
[5.954s] INFO:colcon.colcon_core.shell:Creating prefix script '/home/aaronb/f23_robotics_homework2/install/local_setup.ps1'
[5.956s] INFO:colcon.colcon_core.shell:Creating prefix util module '/home/aaronb/f23_robotics_homework2/install/_local_setup_util_ps1.py'
[5.960s] INFO:colcon.colcon_core.shell:Creating prefix chain script '/home/aaronb/f23_robotics_homework2/install/setup.ps1'
[5.985s] INFO:colcon.colcon_core.shell:Creating prefix script '/home/aaronb/f23_robotics_homework2/install/local_setup.sh'
[5.986s] INFO:colcon.colcon_core.shell:Creating prefix util module '/home/aaronb/f23_robotics_homework2/install/_local_setup_util_sh.py'
[5.987s] INFO:colcon.colcon_core.shell:Creating prefix chain script '/home/aaronb/f23_robotics_homework2/install/setup.sh'
[6.011s] INFO:colcon.colcon_core.shell:Creating prefix script '/home/aaronb/f23_robotics_homework2/install/local_setup.bash'
[6.012s] INFO:colcon.colcon_core.shell:Creating prefix chain script '/home/aaronb/f23_robotics_homework2/install/setup.bash'
[6.034s] INFO:colcon.colcon_core.shell:Creating prefix script '/home/aaronb/f23_robotics_homework2/install/local_setup.zsh'
[6.035s] INFO:colcon.colcon_core.shell:Creating prefix chain script '/home/aaronb/f23_robotics_homework2/install/setup.zsh'
