[1.161s] DEBUG:colcon:Command line arguments: ['/usr/bin/colcon', 'build']
[1.162s] DEBUG:colcon:Parsed command line arguments: Namespace(log_base=None, log_level=None, verb_name='build', build_base='build', install_base='install', merge_install=False, symlink_install=False, test_result_base=None, continue_on_error=False, executor='parallel', parallel_workers=4, event_handlers=None, ignore_user_meta=False, metas=['./colcon.meta'], base_paths=['.'], packages_ignore=None, packages_ignore_regex=None, paths=None, packages_up_to=None, packages_up_to_regex=None, packages_above=None, packages_above_and_dependencies=None, packages_above_depth=None, packages_select_by_dep=None, packages_skip_by_dep=None, packages_skip_up_to=None, packages_select_build_failed=False, packages_skip_build_finished=False, packages_select_test_failures=False, packages_skip_test_passed=False, packages_select=None, packages_skip=None, packages_select_regex=None, packages_skip_regex=None, packages_start=None, packages_end=None, allow_overriding=[], cmake_args=None, cmake_target=None, cmake_target_skip_unavailable=False, cmake_clean_cache=False, cmake_clean_first=False, cmake_force_configure=False, ament_cmake_args=None, catkin_cmake_args=None, catkin_skip_building_tests=False, verb_parser=<colcon_defaults.argument_parser.defaults.DefaultArgumentsDecorator object at 0x7fa8002d79a0>, verb_extension=<colcon_core.verb.build.BuildVerb object at 0x7fa8002d7460>, main=<bound method BuildVerb.main of <colcon_core.verb.build.BuildVerb object at 0x7fa8002d7460>>)
[1.224s] Level 1:colcon.colcon_core.package_discovery:discover_packages(colcon_meta) check parameters
[1.224s] Level 1:colcon.colcon_core.package_discovery:discover_packages(recursive) check parameters
[1.224s] Level 1:colcon.colcon_core.package_discovery:discover_packages(ignore) check parameters
[1.224s] Level 1:colcon.colcon_core.package_discovery:discover_packages(path) check parameters
[1.224s] Level 1:colcon.colcon_core.package_discovery:discover_packages(colcon_meta) discover
[1.224s] Level 1:colcon.colcon_core.package_discovery:discover_packages(recursive) discover
[1.224s] INFO:colcon.colcon_core.package_discovery:Crawling recursively for packages in '/home/aaronb/f23_robotics_homework2/src'
[1.225s] Level 1:colcon.colcon_core.package_identification:_identify(.) by extensions ['ignore', 'ignore_ament_install']
[1.225s] Level 1:colcon.colcon_core.package_identification:_identify(.) by extension 'ignore'
[1.225s] Level 1:colcon.colcon_core.package_identification:_identify(.) by extension 'ignore_ament_install'
[1.225s] Level 1:colcon.colcon_core.package_identification:_identify(.) by extensions ['colcon_pkg']
[1.225s] Level 1:colcon.colcon_core.package_identification:_identify(.) by extension 'colcon_pkg'
[1.225s] Level 1:colcon.colcon_core.package_identification:_identify(.) by extensions ['colcon_meta']
[1.225s] Level 1:colcon.colcon_core.package_identification:_identify(.) by extension 'colcon_meta'
[1.225s] Level 1:colcon.colcon_core.package_identification:_identify(.) by extensions ['ros']
[1.225s] Level 1:colcon.colcon_core.package_identification:_identify(.) by extension 'ros'
[1.241s] Level 1:colcon.colcon_core.package_identification:_identify(.) by extensions ['cmake', 'python']
[1.241s] Level 1:colcon.colcon_core.package_identification:_identify(.) by extension 'cmake'
[1.241s] Level 1:colcon.colcon_core.package_identification:_identify(.) by extension 'python'
[1.241s] Level 1:colcon.colcon_core.package_identification:_identify(.) by extensions ['python_setup_py']
[1.241s] Level 1:colcon.colcon_core.package_identification:_identify(.) by extension 'python_setup_py'
[1.241s] Level 1:colcon.colcon_core.package_identification:_identify(build) by extensions ['ignore', 'ignore_ament_install']
[1.242s] Level 1:colcon.colcon_core.package_identification:_identify(build) by extension 'ignore'
[1.242s] Level 1:colcon.colcon_core.package_identification:_identify(build) ignored
[1.242s] Level 1:colcon.colcon_core.package_identification:_identify(install) by extensions ['ignore', 'ignore_ament_install']
[1.242s] Level 1:colcon.colcon_core.package_identification:_identify(install) by extension 'ignore'
[1.242s] Level 1:colcon.colcon_core.package_identification:_identify(install) ignored
[1.242s] Level 1:colcon.colcon_core.package_identification:_identify(log) by extensions ['ignore', 'ignore_ament_install']
[1.242s] Level 1:colcon.colcon_core.package_identification:_identify(log) by extension 'ignore'
[1.242s] Level 1:colcon.colcon_core.package_identification:_identify(log) ignored
[1.242s] Level 1:colcon.colcon_core.package_identification:_identify(turtlebot_controller) by extensions ['ignore', 'ignore_ament_install']
[1.243s] Level 1:colcon.colcon_core.package_identification:_identify(turtlebot_controller) by extension 'ignore'
[1.243s] Level 1:colcon.colcon_core.package_identification:_identify(turtlebot_controller) by extension 'ignore_ament_install'
[1.243s] Level 1:colcon.colcon_core.package_identification:_identify(turtlebot_controller) by extensions ['colcon_pkg']
[1.243s] Level 1:colcon.colcon_core.package_identification:_identify(turtlebot_controller) by extension 'colcon_pkg'
[1.243s] Level 1:colcon.colcon_core.package_identification:_identify(turtlebot_controller) by extensions ['colcon_meta']
[1.243s] Level 1:colcon.colcon_core.package_identification:_identify(turtlebot_controller) by extension 'colcon_meta'
[1.243s] Level 1:colcon.colcon_core.package_identification:_identify(turtlebot_controller) by extensions ['ros']
[1.243s] Level 1:colcon.colcon_core.package_identification:_identify(turtlebot_controller) by extension 'ros'
[1.247s] DEBUG:colcon.colcon_core.package_identification:Package 'turtlebot_controller' with type 'ros.ament_python' and name 'turtlebot_controller'
[1.247s] Level 1:colcon.colcon_core.package_identification:_identify(webots_ros2_controller_python) by extensions ['ignore', 'ignore_ament_install']
[1.248s] Level 1:colcon.colcon_core.package_identification:_identify(webots_ros2_controller_python) by extension 'ignore'
[1.248s] Level 1:colcon.colcon_core.package_identification:_identify(webots_ros2_controller_python) by extension 'ignore_ament_install'
[1.248s] Level 1:colcon.colcon_core.package_identification:_identify(webots_ros2_controller_python) by extensions ['colcon_pkg']
[1.248s] Level 1:colcon.colcon_core.package_identification:_identify(webots_ros2_controller_python) by extension 'colcon_pkg'
[1.248s] Level 1:colcon.colcon_core.package_identification:_identify(webots_ros2_controller_python) by extensions ['colcon_meta']
[1.249s] Level 1:colcon.colcon_core.package_identification:_identify(webots_ros2_controller_python) by extension 'colcon_meta'
[1.249s] Level 1:colcon.colcon_core.package_identification:_identify(webots_ros2_controller_python) by extensions ['ros']
[1.249s] Level 1:colcon.colcon_core.package_identification:_identify(webots_ros2_controller_python) by extension 'ros'
[1.249s] DEBUG:colcon.colcon_core.package_identification:Package 'webots_ros2_controller_python' with type 'ros.ament_python' and name 'webots_ros2_homework2_python'
[1.250s] Level 1:colcon.colcon_core.package_identification:_identify(webots_ros2_sim_python) by extensions ['ignore', 'ignore_ament_install']
[1.250s] Level 1:colcon.colcon_core.package_identification:_identify(webots_ros2_sim_python) by extension 'ignore'
[1.250s] Level 1:colcon.colcon_core.package_identification:_identify(webots_ros2_sim_python) by extension 'ignore_ament_install'
[1.250s] Level 1:colcon.colcon_core.package_identification:_identify(webots_ros2_sim_python) by extensions ['colcon_pkg']
[1.250s] Level 1:colcon.colcon_core.package_identification:_identify(webots_ros2_sim_python) by extension 'colcon_pkg'
[1.250s] Level 1:colcon.colcon_core.package_identification:_identify(webots_ros2_sim_python) by extensions ['colcon_meta']
[1.250s] Level 1:colcon.colcon_core.package_identification:_identify(webots_ros2_sim_python) by extension 'colcon_meta'
[1.250s] Level 1:colcon.colcon_core.package_identification:_identify(webots_ros2_sim_python) by extensions ['ros']
[1.250s] Level 1:colcon.colcon_core.package_identification:_identify(webots_ros2_sim_python) by extension 'ros'
[1.251s] DEBUG:colcon.colcon_core.package_identification:Package 'webots_ros2_sim_python' with type 'ros.ament_python' and name 'webots_ros2_homework1_python'
[1.252s] Level 1:colcon.colcon_core.package_discovery:discover_packages(recursive) using defaults
[1.252s] Level 1:colcon.colcon_core.package_discovery:discover_packages(ignore) discover
[1.252s] Level 1:colcon.colcon_core.package_discovery:discover_packages(ignore) using defaults
[1.252s] Level 1:colcon.colcon_core.package_discovery:discover_packages(path) discover
[1.252s] Level 1:colcon.colcon_core.package_discovery:discover_packages(path) using defaults
[1.374s] Level 1:colcon.colcon_core.package_discovery:discover_packages(prefix_path) check parameters
[1.374s] Level 1:colcon.colcon_core.package_discovery:discover_packages(prefix_path) discover
[1.411s] DEBUG:colcon.colcon_installed_package_information.package_discovery:Found 3 installed packages in /home/aaronb/f23_robotics_homework2/install
[1.427s] DEBUG:colcon.colcon_installed_package_information.package_discovery:Found 302 installed packages in /opt/ros/humble
[1.428s] Level 1:colcon.colcon_core.package_discovery:discover_packages(prefix_path) using defaults
[1.537s] Level 5:colcon.colcon_core.verb:set package 'turtlebot_controller' build argument 'cmake_args' from command line to 'None'
[1.538s] Level 5:colcon.colcon_core.verb:set package 'turtlebot_controller' build argument 'cmake_target' from command line to 'None'
[1.538s] Level 5:colcon.colcon_core.verb:set package 'turtlebot_controller' build argument 'cmake_target_skip_unavailable' from command line to 'False'
[1.538s] Level 5:colcon.colcon_core.verb:set package 'turtlebot_controller' build argument 'cmake_clean_cache' from command line to 'False'
[1.538s] Level 5:colcon.colcon_core.verb:set package 'turtlebot_controller' build argument 'cmake_clean_first' from command line to 'False'
[1.538s] Level 5:colcon.colcon_core.verb:set package 'turtlebot_controller' build argument 'cmake_force_configure' from command line to 'False'
[1.538s] Level 5:colcon.colcon_core.verb:set package 'turtlebot_controller' build argument 'ament_cmake_args' from command line to 'None'
[1.538s] Level 5:colcon.colcon_core.verb:set package 'turtlebot_controller' build argument 'catkin_cmake_args' from command line to 'None'
[1.538s] Level 5:colcon.colcon_core.verb:set package 'turtlebot_controller' build argument 'catkin_skip_building_tests' from command line to 'False'
[1.538s] DEBUG:colcon.colcon_core.verb:Building package 'turtlebot_controller' with the following arguments: {'ament_cmake_args': None, 'build_base': '/home/aaronb/f23_robotics_homework2/src/build/turtlebot_controller', 'catkin_cmake_args': None, 'catkin_skip_building_tests': False, 'cmake_args': None, 'cmake_clean_cache': False, 'cmake_clean_first': False, 'cmake_force_configure': False, 'cmake_target': None, 'cmake_target_skip_unavailable': False, 'install_base': '/home/aaronb/f23_robotics_homework2/src/install/turtlebot_controller', 'merge_install': False, 'path': '/home/aaronb/f23_robotics_homework2/src/turtlebot_controller', 'symlink_install': False, 'test_result_base': None}
[1.566s] Level 5:colcon.colcon_core.verb:set package 'webots_ros2_homework1_python' build argument 'cmake_args' from command line to 'None'
[1.566s] Level 5:colcon.colcon_core.verb:set package 'webots_ros2_homework1_python' build argument 'cmake_target' from command line to 'None'
[1.566s] Level 5:colcon.colcon_core.verb:set package 'webots_ros2_homework1_python' build argument 'cmake_target_skip_unavailable' from command line to 'False'
[1.566s] Level 5:colcon.colcon_core.verb:set package 'webots_ros2_homework1_python' build argument 'cmake_clean_cache' from command line to 'False'
[1.566s] Level 5:colcon.colcon_core.verb:set package 'webots_ros2_homework1_python' build argument 'cmake_clean_first' from command line to 'False'
[1.567s] Level 5:colcon.colcon_core.verb:set package 'webots_ros2_homework1_python' build argument 'cmake_force_configure' from command line to 'False'
[1.567s] Level 5:colcon.colcon_core.verb:set package 'webots_ros2_homework1_python' build argument 'ament_cmake_args' from command line to 'None'
[1.567s] Level 5:colcon.colcon_core.verb:set package 'webots_ros2_homework1_python' build argument 'catkin_cmake_args' from command line to 'None'
[1.567s] Level 5:colcon.colcon_core.verb:set package 'webots_ros2_homework1_python' build argument 'catkin_skip_building_tests' from command line to 'False'
[1.567s] DEBUG:colcon.colcon_core.verb:Building package 'webots_ros2_homework1_python' with the following arguments: {'ament_cmake_args': None, 'build_base': '/home/aaronb/f23_robotics_homework2/src/build/webots_ros2_homework1_python', 'catkin_cmake_args': None, 'catkin_skip_building_tests': False, 'cmake_args': None, 'cmake_clean_cache': False, 'cmake_clean_first': False, 'cmake_force_configure': False, 'cmake_target': None, 'cmake_target_skip_unavailable': False, 'install_base': '/home/aaronb/f23_robotics_homework2/src/install/webots_ros2_homework1_python', 'merge_install': False, 'path': '/home/aaronb/f23_robotics_homework2/src/webots_ros2_sim_python', 'symlink_install': False, 'test_result_base': None}
[1.589s] Level 5:colcon.colcon_core.verb:set package 'webots_ros2_homework2_python' build argument 'cmake_args' from command line to 'None'
[1.589s] Level 5:colcon.colcon_core.verb:set package 'webots_ros2_homework2_python' build argument 'cmake_target' from command line to 'None'
[1.589s] Level 5:colcon.colcon_core.verb:set package 'webots_ros2_homework2_python' build argument 'cmake_target_skip_unavailable' from command line to 'False'
[1.589s] Level 5:colcon.colcon_core.verb:set package 'webots_ros2_homework2_python' build argument 'cmake_clean_cache' from command line to 'False'
[1.589s] Level 5:colcon.colcon_core.verb:set package 'webots_ros2_homework2_python' build argument 'cmake_clean_first' from command line to 'False'
[1.589s] Level 5:colcon.colcon_core.verb:set package 'webots_ros2_homework2_python' build argument 'cmake_force_configure' from command line to 'False'
[1.589s] Level 5:colcon.colcon_core.verb:set package 'webots_ros2_homework2_python' build argument 'ament_cmake_args' from command line to 'None'
[1.589s] Level 5:colcon.colcon_core.verb:set package 'webots_ros2_homework2_python' build argument 'catkin_cmake_args' from command line to 'None'
[1.589s] Level 5:colcon.colcon_core.verb:set package 'webots_ros2_homework2_python' build argument 'catkin_skip_building_tests' from command line to 'False'
[1.589s] DEBUG:colcon.colcon_core.verb:Building package 'webots_ros2_homework2_python' with the following arguments: {'ament_cmake_args': None, 'build_base': '/home/aaronb/f23_robotics_homework2/src/build/webots_ros2_homework2_python', 'catkin_cmake_args': None, 'catkin_skip_building_tests': False, 'cmake_args': None, 'cmake_clean_cache': False, 'cmake_clean_first': False, 'cmake_force_configure': False, 'cmake_target': None, 'cmake_target_skip_unavailable': False, 'install_base': '/home/aaronb/f23_robotics_homework2/src/install/webots_ros2_homework2_python', 'merge_install': False, 'path': '/home/aaronb/f23_robotics_homework2/src/webots_ros2_controller_python', 'symlink_install': False, 'test_result_base': None}
[1.608s] INFO:colcon.colcon_core.executor:Executing jobs using 'parallel' executor
[1.629s] DEBUG:colcon.colcon_parallel_executor.executor.parallel:run_until_complete
[1.629s] INFO:colcon.colcon_ros.task.ament_python.build:Building ROS package in '/home/aaronb/f23_robotics_homework2/src/turtlebot_controller' with build type 'ament_python'
[1.630s] Level 1:colcon.colcon_core.shell:create_environment_hook('turtlebot_controller', 'ament_prefix_path')
[1.654s] INFO:colcon.colcon_core.plugin_system:Skipping extension 'colcon_core.shell.bat': Not used on non-Windows systems
[1.655s] INFO:colcon.colcon_core.shell:Creating environment hook '/home/aaronb/f23_robotics_homework2/src/install/turtlebot_controller/share/turtlebot_controller/hook/ament_prefix_path.ps1'
[1.656s] INFO:colcon.colcon_core.shell:Creating environment descriptor '/home/aaronb/f23_robotics_homework2/src/install/turtlebot_controller/share/turtlebot_controller/hook/ament_prefix_path.dsv'
[1.657s] INFO:colcon.colcon_core.shell:Creating environment hook '/home/aaronb/f23_robotics_homework2/src/install/turtlebot_controller/share/turtlebot_controller/hook/ament_prefix_path.sh'
[1.675s] INFO:colcon.colcon_core.shell:Skip shell extension 'powershell' for command environment: Not usable outside of PowerShell
[1.675s] DEBUG:colcon.colcon_core.shell:Skip shell extension 'dsv' for command environment
[1.723s] INFO:colcon.colcon_ros.task.ament_python.build:Building ROS package in '/home/aaronb/f23_robotics_homework2/src/webots_ros2_sim_python' with build type 'ament_python'
[1.723s] Level 1:colcon.colcon_core.shell:create_environment_hook('webots_ros2_homework1_python', 'ament_prefix_path')
[1.745s] INFO:colcon.colcon_core.shell:Creating environment hook '/home/aaronb/f23_robotics_homework2/src/install/webots_ros2_homework1_python/share/webots_ros2_homework1_python/hook/ament_prefix_path.ps1'
[1.746s] INFO:colcon.colcon_core.shell:Creating environment descriptor '/home/aaronb/f23_robotics_homework2/src/install/webots_ros2_homework1_python/share/webots_ros2_homework1_python/hook/ament_prefix_path.dsv'
[1.747s] INFO:colcon.colcon_core.shell:Creating environment hook '/home/aaronb/f23_robotics_homework2/src/install/webots_ros2_homework1_python/share/webots_ros2_homework1_python/hook/ament_prefix_path.sh'
[1.763s] INFO:colcon.colcon_core.shell:Skip shell extension 'powershell' for command environment: Not usable outside of PowerShell
[1.763s] DEBUG:colcon.colcon_core.shell:Skip shell extension 'dsv' for command environment
[1.818s] INFO:colcon.colcon_ros.task.ament_python.build:Building ROS package in '/home/aaronb/f23_robotics_homework2/src/webots_ros2_controller_python' with build type 'ament_python'
[1.818s] Level 1:colcon.colcon_core.shell:create_environment_hook('webots_ros2_homework2_python', 'ament_prefix_path')
[1.840s] INFO:colcon.colcon_core.shell:Creating environment hook '/home/aaronb/f23_robotics_homework2/src/install/webots_ros2_homework2_python/share/webots_ros2_homework2_python/hook/ament_prefix_path.ps1'
[1.841s] INFO:colcon.colcon_core.shell:Creating environment descriptor '/home/aaronb/f23_robotics_homework2/src/install/webots_ros2_homework2_python/share/webots_ros2_homework2_python/hook/ament_prefix_path.dsv'
[1.842s] INFO:colcon.colcon_core.shell:Creating environment hook '/home/aaronb/f23_robotics_homework2/src/install/webots_ros2_homework2_python/share/webots_ros2_homework2_python/hook/ament_prefix_path.sh'
[1.860s] INFO:colcon.colcon_core.shell:Skip shell extension 'powershell' for command environment: Not usable outside of PowerShell
[1.860s] DEBUG:colcon.colcon_core.shell:Skip shell extension 'dsv' for command environment
[2.229s] INFO:colcon.colcon_core.task.python.build:Building Python package in '/home/aaronb/f23_robotics_homework2/src/turtlebot_controller'
[2.245s] INFO:colcon.colcon_core.shell:Skip shell extension 'powershell' for command environment: Not usable outside of PowerShell
[2.245s] DEBUG:colcon.colcon_core.shell:Skip shell extension 'dsv' for command environment
[2.601s] INFO:colcon.colcon_core.task.python.build:Building Python package in '/home/aaronb/f23_robotics_homework2/src/webots_ros2_sim_python'
[2.614s] INFO:colcon.colcon_core.shell:Skip shell extension 'powershell' for command environment: Not usable outside of PowerShell
[2.614s] DEBUG:colcon.colcon_core.shell:Skip shell extension 'dsv' for command environment
[2.960s] INFO:colcon.colcon_core.task.python.build:Building Python package in '/home/aaronb/f23_robotics_homework2/src/webots_ros2_controller_python'
[2.978s] INFO:colcon.colcon_core.shell:Skip shell extension 'powershell' for command environment: Not usable outside of PowerShell
[2.978s] DEBUG:colcon.colcon_core.shell:Skip shell extension 'dsv' for command environment
[3.814s] DEBUG:colcon.colcon_core.event_handler.log_command:Invoking command in '/home/aaronb/f23_robotics_homework2/src/turtlebot_controller': PYTHONPATH=/home/aaronb/f23_robotics_homework2/src/build/turtlebot_controller/prefix_override:/home/aaronb/f23_robotics_homework2/src/install/turtlebot_controller/lib/python3.10/site-packages:${PYTHONPATH} /usr/bin/python3 setup.py egg_info --egg-base ../build/turtlebot_controller build --build-base /home/aaronb/f23_robotics_homework2/src/build/turtlebot_controller/build install --record /home/aaronb/f23_robotics_homework2/src/build/turtlebot_controller/install.log --single-version-externally-managed
[3.831s] DEBUG:colcon.colcon_core.event_handler.log_command:Invoking command in '/home/aaronb/f23_robotics_homework2/src/webots_ros2_controller_python': PYTHONPATH=/home/aaronb/f23_robotics_homework2/src/build/webots_ros2_homework2_python/prefix_override:/home/aaronb/f23_robotics_homework2/src/install/webots_ros2_homework2_python/lib/python3.10/site-packages:${PYTHONPATH} /usr/bin/python3 setup.py egg_info --egg-base ../build/webots_ros2_homework2_python build --build-base /home/aaronb/f23_robotics_homework2/src/build/webots_ros2_homework2_python/build install --record /home/aaronb/f23_robotics_homework2/src/build/webots_ros2_homework2_python/install.log --single-version-externally-managed
[3.848s] DEBUG:colcon.colcon_core.event_handler.log_command:Invoking command in '/home/aaronb/f23_robotics_homework2/src/webots_ros2_sim_python': PYTHONPATH=/home/aaronb/f23_robotics_homework2/src/build/webots_ros2_homework1_python/prefix_override:/home/aaronb/f23_robotics_homework2/src/install/webots_ros2_homework1_python/lib/python3.10/site-packages:${PYTHONPATH} /usr/bin/python3 setup.py egg_info --egg-base ../build/webots_ros2_homework1_python build --build-base /home/aaronb/f23_robotics_homework2/src/build/webots_ros2_homework1_python/build install --record /home/aaronb/f23_robotics_homework2/src/build/webots_ros2_homework1_python/install.log --single-version-externally-managed
[4.476s] DEBUG:colcon.colcon_core.event_handler.log_command:Invoked command in '/home/aaronb/f23_robotics_homework2/src/turtlebot_controller' returned '0': PYTHONPATH=/home/aaronb/f23_robotics_homework2/src/build/turtlebot_controller/prefix_override:/home/aaronb/f23_robotics_homework2/src/install/turtlebot_controller/lib/python3.10/site-packages:${PYTHONPATH} /usr/bin/python3 setup.py egg_info --egg-base ../build/turtlebot_controller build --build-base /home/aaronb/f23_robotics_homework2/src/build/turtlebot_controller/build install --record /home/aaronb/f23_robotics_homework2/src/build/turtlebot_controller/install.log --single-version-externally-managed
[4.516s] Level 1:colcon.colcon_core.environment:checking '/home/aaronb/f23_robotics_homework2/src/install/turtlebot_controller' for CMake module files
[4.517s] Level 1:colcon.colcon_core.environment:checking '/home/aaronb/f23_robotics_homework2/src/install/turtlebot_controller' for CMake config files
[4.518s] Level 1:colcon.colcon_core.environment:checking '/home/aaronb/f23_robotics_homework2/src/install/turtlebot_controller/lib'
[4.518s] Level 1:colcon.colcon_core.environment:checking '/home/aaronb/f23_robotics_homework2/src/install/turtlebot_controller/bin'
[4.519s] Level 1:colcon.colcon_core.environment:checking '/home/aaronb/f23_robotics_homework2/src/install/turtlebot_controller/lib/pkgconfig/turtlebot_controller.pc'
[4.519s] Level 1:colcon.colcon_core.environment:checking '/home/aaronb/f23_robotics_homework2/src/install/turtlebot_controller/lib/python3.10/site-packages'
[4.519s] Level 1:colcon.colcon_core.shell:create_environment_hook('turtlebot_controller', 'pythonpath')
[4.560s] INFO:colcon.colcon_core.shell:Creating environment hook '/home/aaronb/f23_robotics_homework2/src/install/turtlebot_controller/share/turtlebot_controller/hook/pythonpath.ps1'
[4.561s] INFO:colcon.colcon_core.shell:Creating environment descriptor '/home/aaronb/f23_robotics_homework2/src/install/turtlebot_controller/share/turtlebot_controller/hook/pythonpath.dsv'
[4.562s] INFO:colcon.colcon_core.shell:Creating environment hook '/home/aaronb/f23_robotics_homework2/src/install/turtlebot_controller/share/turtlebot_controller/hook/pythonpath.sh'
[4.564s] Level 1:colcon.colcon_core.environment:checking '/home/aaronb/f23_robotics_homework2/src/install/turtlebot_controller/bin'
[4.565s] Level 1:colcon.colcon_core.environment:create_environment_scripts_only(turtlebot_controller)
[4.588s] INFO:colcon.colcon_core.shell:Creating package script '/home/aaronb/f23_robotics_homework2/src/install/turtlebot_controller/share/turtlebot_controller/package.ps1'
[4.590s] INFO:colcon.colcon_core.shell:Creating package descriptor '/home/aaronb/f23_robotics_homework2/src/install/turtlebot_controller/share/turtlebot_controller/package.dsv'
[4.591s] INFO:colcon.colcon_core.shell:Creating package script '/home/aaronb/f23_robotics_homework2/src/install/turtlebot_controller/share/turtlebot_controller/package.sh'
[4.592s] INFO:colcon.colcon_core.shell:Creating package script '/home/aaronb/f23_robotics_homework2/src/install/turtlebot_controller/share/turtlebot_controller/package.bash'
[4.595s] INFO:colcon.colcon_core.shell:Creating package script '/home/aaronb/f23_robotics_homework2/src/install/turtlebot_controller/share/turtlebot_controller/package.zsh'
[4.596s] Level 1:colcon.colcon_core.environment:create_file_with_runtime_dependencies(/home/aaronb/f23_robotics_homework2/src/install/turtlebot_controller/share/colcon-core/packages/turtlebot_controller)
[4.603s] DEBUG:colcon.colcon_core.event_handler.log_command:Invoked command in '/home/aaronb/f23_robotics_homework2/src/webots_ros2_controller_python' returned '0': PYTHONPATH=/home/aaronb/f23_robotics_homework2/src/build/webots_ros2_homework2_python/prefix_override:/home/aaronb/f23_robotics_homework2/src/install/webots_ros2_homework2_python/lib/python3.10/site-packages:${PYTHONPATH} /usr/bin/python3 setup.py egg_info --egg-base ../build/webots_ros2_homework2_python build --build-base /home/aaronb/f23_robotics_homework2/src/build/webots_ros2_homework2_python/build install --record /home/aaronb/f23_robotics_homework2/src/build/webots_ros2_homework2_python/install.log --single-version-externally-managed
[4.624s] Level 1:colcon.colcon_core.environment:checking '/home/aaronb/f23_robotics_homework2/src/install/webots_ros2_homework2_python' for CMake module files
[4.625s] Level 1:colcon.colcon_core.environment:checking '/home/aaronb/f23_robotics_homework2/src/install/webots_ros2_homework2_python' for CMake config files
[4.626s] Level 1:colcon.colcon_core.environment:checking '/home/aaronb/f23_robotics_homework2/src/install/webots_ros2_homework2_python/lib'
[4.626s] Level 1:colcon.colcon_core.environment:checking '/home/aaronb/f23_robotics_homework2/src/install/webots_ros2_homework2_python/bin'
[4.627s] Level 1:colcon.colcon_core.environment:checking '/home/aaronb/f23_robotics_homework2/src/install/webots_ros2_homework2_python/lib/pkgconfig/webots_ros2_homework2_python.pc'
[4.627s] Level 1:colcon.colcon_core.environment:checking '/home/aaronb/f23_robotics_homework2/src/install/webots_ros2_homework2_python/lib/python3.10/site-packages'
[4.627s] Level 1:colcon.colcon_core.shell:create_environment_hook('webots_ros2_homework2_python', 'pythonpath')
[4.650s] INFO:colcon.colcon_core.shell:Creating environment hook '/home/aaronb/f23_robotics_homework2/src/install/webots_ros2_homework2_python/share/webots_ros2_homework2_python/hook/pythonpath.ps1'
[4.651s] INFO:colcon.colcon_core.shell:Creating environment descriptor '/home/aaronb/f23_robotics_homework2/src/install/webots_ros2_homework2_python/share/webots_ros2_homework2_python/hook/pythonpath.dsv'
[4.651s] INFO:colcon.colcon_core.shell:Creating environment hook '/home/aaronb/f23_robotics_homework2/src/install/webots_ros2_homework2_python/share/webots_ros2_homework2_python/hook/pythonpath.sh'
[4.652s] Level 1:colcon.colcon_core.environment:checking '/home/aaronb/f23_robotics_homework2/src/install/webots_ros2_homework2_python/bin'
[4.652s] Level 1:colcon.colcon_core.environment:create_environment_scripts_only(webots_ros2_homework2_python)
[4.674s] INFO:colcon.colcon_core.shell:Creating package script '/home/aaronb/f23_robotics_homework2/src/install/webots_ros2_homework2_python/share/webots_ros2_homework2_python/package.ps1'
[4.675s] INFO:colcon.colcon_core.shell:Creating package descriptor '/home/aaronb/f23_robotics_homework2/src/install/webots_ros2_homework2_python/share/webots_ros2_homework2_python/package.dsv'
[4.676s] INFO:colcon.colcon_core.shell:Creating package script '/home/aaronb/f23_robotics_homework2/src/install/webots_ros2_homework2_python/share/webots_ros2_homework2_python/package.sh'
[4.676s] INFO:colcon.colcon_core.shell:Creating package script '/home/aaronb/f23_robotics_homework2/src/install/webots_ros2_homework2_python/share/webots_ros2_homework2_python/package.bash'
[4.677s] INFO:colcon.colcon_core.shell:Creating package script '/home/aaronb/f23_robotics_homework2/src/install/webots_ros2_homework2_python/share/webots_ros2_homework2_python/package.zsh'
[4.677s] Level 1:colcon.colcon_core.environment:create_file_with_runtime_dependencies(/home/aaronb/f23_robotics_homework2/src/install/webots_ros2_homework2_python/share/colcon-core/packages/webots_ros2_homework2_python)
[4.685s] DEBUG:colcon.colcon_core.event_handler.log_command:Invoked command in '/home/aaronb/f23_robotics_homework2/src/webots_ros2_sim_python' returned '0': PYTHONPATH=/home/aaronb/f23_robotics_homework2/src/build/webots_ros2_homework1_python/prefix_override:/home/aaronb/f23_robotics_homework2/src/install/webots_ros2_homework1_python/lib/python3.10/site-packages:${PYTHONPATH} /usr/bin/python3 setup.py egg_info --egg-base ../build/webots_ros2_homework1_python build --build-base /home/aaronb/f23_robotics_homework2/src/build/webots_ros2_homework1_python/build install --record /home/aaronb/f23_robotics_homework2/src/build/webots_ros2_homework1_python/install.log --single-version-externally-managed
[4.703s] Level 1:colcon.colcon_core.environment:checking '/home/aaronb/f23_robotics_homework2/src/install/webots_ros2_homework1_python' for CMake module files
[4.703s] Level 1:colcon.colcon_core.environment:checking '/home/aaronb/f23_robotics_homework2/src/install/webots_ros2_homework1_python' for CMake config files
[4.704s] Level 1:colcon.colcon_core.environment:checking '/home/aaronb/f23_robotics_homework2/src/install/webots_ros2_homework1_python/lib'
[4.704s] Level 1:colcon.colcon_core.environment:checking '/home/aaronb/f23_robotics_homework2/src/install/webots_ros2_homework1_python/bin'
[4.704s] Level 1:colcon.colcon_core.environment:checking '/home/aaronb/f23_robotics_homework2/src/install/webots_ros2_homework1_python/lib/pkgconfig/webots_ros2_homework1_python.pc'
[4.705s] Level 1:colcon.colcon_core.environment:checking '/home/aaronb/f23_robotics_homework2/src/install/webots_ros2_homework1_python/lib/python3.10/site-packages'
[4.705s] Level 1:colcon.colcon_core.shell:create_environment_hook('webots_ros2_homework1_python', 'pythonpath')
[4.724s] INFO:colcon.colcon_core.shell:Creating environment hook '/home/aaronb/f23_robotics_homework2/src/install/webots_ros2_homework1_python/share/webots_ros2_homework1_python/hook/pythonpath.ps1'
[4.725s] INFO:colcon.colcon_core.shell:Creating environment descriptor '/home/aaronb/f23_robotics_homework2/src/install/webots_ros2_homework1_python/share/webots_ros2_homework1_python/hook/pythonpath.dsv'
[4.726s] INFO:colcon.colcon_core.shell:Creating environment hook '/home/aaronb/f23_robotics_homework2/src/install/webots_ros2_homework1_python/share/webots_ros2_homework1_python/hook/pythonpath.sh'
[4.727s] Level 1:colcon.colcon_core.environment:checking '/home/aaronb/f23_robotics_homework2/src/install/webots_ros2_homework1_python/bin'
[4.727s] Level 1:colcon.colcon_core.environment:create_environment_scripts_only(webots_ros2_homework1_python)
[4.748s] INFO:colcon.colcon_core.shell:Creating package script '/home/aaronb/f23_robotics_homework2/src/install/webots_ros2_homework1_python/share/webots_ros2_homework1_python/package.ps1'
[4.749s] INFO:colcon.colcon_core.shell:Creating package descriptor '/home/aaronb/f23_robotics_homework2/src/install/webots_ros2_homework1_python/share/webots_ros2_homework1_python/package.dsv'
[4.750s] INFO:colcon.colcon_core.shell:Creating package script '/home/aaronb/f23_robotics_homework2/src/install/webots_ros2_homework1_python/share/webots_ros2_homework1_python/package.sh'
[4.751s] INFO:colcon.colcon_core.shell:Creating package script '/home/aaronb/f23_robotics_homework2/src/install/webots_ros2_homework1_python/share/webots_ros2_homework1_python/package.bash'
[4.751s] INFO:colcon.colcon_core.shell:Creating package script '/home/aaronb/f23_robotics_homework2/src/install/webots_ros2_homework1_python/share/webots_ros2_homework1_python/package.zsh'
[4.752s] Level 1:colcon.colcon_core.environment:create_file_with_runtime_dependencies(/home/aaronb/f23_robotics_homework2/src/install/webots_ros2_homework1_python/share/colcon-core/packages/webots_ros2_homework1_python)
[4.752s] DEBUG:colcon.colcon_parallel_executor.executor.parallel:closing loop
[4.753s] DEBUG:colcon.colcon_parallel_executor.executor.parallel:loop closed
[4.754s] DEBUG:colcon.colcon_parallel_executor.executor.parallel:run_until_complete finished with '0'
[4.755s] DEBUG:colcon.colcon_core.event_reactor:joining thread
[4.862s] INFO:colcon.colcon_core.plugin_system:Skipping extension 'colcon_notification.desktop_notification.notify_send': Could not find 'notify-send'
[4.862s] INFO:colcon.colcon_core.plugin_system:Skipping extension 'colcon_notification.desktop_notification.terminal_notifier': Not used on non-Darwin systems
[4.862s] INFO:colcon.colcon_core.plugin_system:Skipping extension 'colcon_notification.desktop_notification.win32': Not used on non-Windows systems
[4.862s] INFO:colcon.colcon_notification.desktop_notification:Sending desktop notification using 'notify2'
[4.862s] DEBUG:colcon.colcon_notification.desktop_notification.notify2:Failed to initialize notify2: org.freedesktop.DBus.Error.FileNotFound: Failed to connect to socket /run/user/1000/bus: No such file or directory
[4.862s] DEBUG:colcon.colcon_core.event_reactor:joined thread
[4.878s] INFO:colcon.colcon_core.shell:Creating prefix script '/home/aaronb/f23_robotics_homework2/src/install/local_setup.ps1'
[4.880s] INFO:colcon.colcon_core.shell:Creating prefix util module '/home/aaronb/f23_robotics_homework2/src/install/_local_setup_util_ps1.py'
[4.881s] INFO:colcon.colcon_core.shell:Creating prefix chain script '/home/aaronb/f23_robotics_homework2/src/install/setup.ps1'
[4.903s] INFO:colcon.colcon_core.shell:Creating prefix script '/home/aaronb/f23_robotics_homework2/src/install/local_setup.sh'
[4.904s] INFO:colcon.colcon_core.shell:Creating prefix util module '/home/aaronb/f23_robotics_homework2/src/install/_local_setup_util_sh.py'
[4.906s] INFO:colcon.colcon_core.shell:Creating prefix chain script '/home/aaronb/f23_robotics_homework2/src/install/setup.sh'
[4.929s] INFO:colcon.colcon_core.shell:Creating prefix script '/home/aaronb/f23_robotics_homework2/src/install/local_setup.bash'
[4.930s] INFO:colcon.colcon_core.shell:Creating prefix chain script '/home/aaronb/f23_robotics_homework2/src/install/setup.bash'
[4.951s] INFO:colcon.colcon_core.shell:Creating prefix script '/home/aaronb/f23_robotics_homework2/src/install/local_setup.zsh'
[4.952s] INFO:colcon.colcon_core.shell:Creating prefix chain script '/home/aaronb/f23_robotics_homework2/src/install/setup.zsh'
