running egg_info
creating ../../build/webots_ros2_homework2_python/webots_ros2_homework2_python.egg-info
writing ../../build/webots_ros2_homework2_python/webots_ros2_homework2_python.egg-info/PKG-INFO
writing dependency_links to ../../build/webots_ros2_homework2_python/webots_ros2_homework2_python.egg-info/dependency_links.txt
writing entry points to ../../build/webots_ros2_homework2_python/webots_ros2_homework2_python.egg-info/entry_points.txt
writing requirements to ../../build/webots_ros2_homework2_python/webots_ros2_homework2_python.egg-info/requires.txt
writing top-level names to ../../build/webots_ros2_homework2_python/webots_ros2_homework2_python.egg-info/top_level.txt
writing manifest file '../../build/webots_ros2_homework2_python/webots_ros2_homework2_python.egg-info/SOURCES.txt'
reading manifest file '../../build/webots_ros2_homework2_python/webots_ros2_homework2_python.egg-info/SOURCES.txt'
writing manifest file '../../build/webots_ros2_homework2_python/webots_ros2_homework2_python.egg-info/SOURCES.txt'
running build
running build_py
creating /home/aaronb/f23_robotics_homework2/build/webots_ros2_homework2_python/build
creating /home/aaronb/f23_robotics_homework2/build/webots_ros2_homework2_python/build/lib
creating /home/aaronb/f23_robotics_homework2/build/webots_ros2_homework2_python/build/lib/webots_ros2_homework2_python
copying webots_ros2_homework2_python/__init__.py -> /home/aaronb/f23_robotics_homework2/build/webots_ros2_homework2_python/build/lib/webots_ros2_homework2_python
copying webots_ros2_homework2_python/my_node.py -> /home/aaronb/f23_robotics_homework2/build/webots_ros2_homework2_python/build/lib/webots_ros2_homework2_python
running install
running install_lib
creating /home/aaronb/f23_robotics_homework2/install/webots_ros2_homework2_python/lib/python3.10/site-packages/webots_ros2_homework2_python
copying /home/aaronb/f23_robotics_homework2/build/webots_ros2_homework2_python/build/lib/webots_ros2_homework2_python/__init__.py -> /home/aaronb/f23_robotics_homework2/install/webots_ros2_homework2_python/lib/python3.10/site-packages/webots_ros2_homework2_python
copying /home/aaronb/f23_robotics_homework2/build/webots_ros2_homework2_python/build/lib/webots_ros2_homework2_python/my_node.py -> /home/aaronb/f23_robotics_homework2/install/webots_ros2_homework2_python/lib/python3.10/site-packages/webots_ros2_homework2_python
byte-compiling /home/aaronb/f23_robotics_homework2/install/webots_ros2_homework2_python/lib/python3.10/site-packages/webots_ros2_homework2_python/__init__.py to __init__.cpython-310.pyc
byte-compiling /home/aaronb/f23_robotics_homework2/install/webots_ros2_homework2_python/lib/python3.10/site-packages/webots_ros2_homework2_python/my_node.py to my_node.cpython-310.pyc
running install_data
creating /home/aaronb/f23_robotics_homework2/install/webots_ros2_homework2_python/share/ament_index
creating /home/aaronb/f23_robotics_homework2/install/webots_ros2_homework2_python/share/ament_index/resource_index
creating /home/aaronb/f23_robotics_homework2/install/webots_ros2_homework2_python/share/ament_index/resource_index/packages
copying resource/webots_ros2_homework2_python -> /home/aaronb/f23_robotics_homework2/install/webots_ros2_homework2_python/share/ament_index/resource_index/packages
copying package.xml -> /home/aaronb/f23_robotics_homework2/install/webots_ros2_homework2_python/share/webots_ros2_homework2_python
running install_egg_info
Copying ../../build/webots_ros2_homework2_python/webots_ros2_homework2_python.egg-info to /home/aaronb/f23_robotics_homework2/install/webots_ros2_homework2_python/lib/python3.10/site-packages/webots_ros2_homework2_python-0.0.0-py3.10.egg-info
running install_scripts
Installing my_node script to /home/aaronb/f23_robotics_homework2/install/webots_ros2_homework2_python/lib/webots_ros2_homework2_python
writing list of installed files to '/home/aaronb/f23_robotics_homework2/build/webots_ros2_homework2_python/install.log'
