[1.160s] Invoking command in '/home/aaronb/f23_robotics_homework2/src/webots_ros2_homework2_python': PYTHONPATH=/home/aaronb/f23_robotics_homework2/build/webots_ros2_homework2_python/prefix_override:/home/aaronb/f23_robotics_homework2/install/webots_ros2_homework2_python/lib/python3.10/site-packages:${PYTHONPATH} /usr/bin/python3 setup.py egg_info --egg-base ../../build/webots_ros2_homework2_python build --build-base /home/aaronb/f23_robotics_homework2/build/webots_ros2_homework2_python/build install --record /home/aaronb/f23_robotics_homework2/build/webots_ros2_homework2_python/install.log --single-version-externally-managed
[1.448s] running egg_info
[1.448s] creating ../../build/webots_ros2_homework2_python/webots_ros2_homework2_python.egg-info
[1.449s] writing ../../build/webots_ros2_homework2_python/webots_ros2_homework2_python.egg-info/PKG-INFO
[1.449s] writing dependency_links to ../../build/webots_ros2_homework2_python/webots_ros2_homework2_python.egg-info/dependency_links.txt
[1.450s] writing entry points to ../../build/webots_ros2_homework2_python/webots_ros2_homework2_python.egg-info/entry_points.txt
[1.450s] writing requirements to ../../build/webots_ros2_homework2_python/webots_ros2_homework2_python.egg-info/requires.txt
[1.450s] writing top-level names to ../../build/webots_ros2_homework2_python/webots_ros2_homework2_python.egg-info/top_level.txt
[1.450s] writing manifest file '../../build/webots_ros2_homework2_python/webots_ros2_homework2_python.egg-info/SOURCES.txt'
[1.454s] reading manifest file '../../build/webots_ros2_homework2_python/webots_ros2_homework2_python.egg-info/SOURCES.txt'
[1.456s] writing manifest file '../../build/webots_ros2_homework2_python/webots_ros2_homework2_python.egg-info/SOURCES.txt'
[1.457s] running build
[1.458s] running build_py
[1.459s] creating /home/aaronb/f23_robotics_homework2/build/webots_ros2_homework2_python/build
[1.459s] creating /home/aaronb/f23_robotics_homework2/build/webots_ros2_homework2_python/build/lib
[1.459s] creating /home/aaronb/f23_robotics_homework2/build/webots_ros2_homework2_python/build/lib/webots_ros2_homework2_python
[1.459s] copying webots_ros2_homework2_python/__init__.py -> /home/aaronb/f23_robotics_homework2/build/webots_ros2_homework2_python/build/lib/webots_ros2_homework2_python
[1.460s] copying webots_ros2_homework2_python/my_node.py -> /home/aaronb/f23_robotics_homework2/build/webots_ros2_homework2_python/build/lib/webots_ros2_homework2_python
[1.462s] /usr/lib/python3/dist-packages/setuptools/command/install.py:34: SetuptoolsDeprecationWarning: setup.py install is deprecated. Use build and pip and other standards-based tools.
[1.462s]   warnings.warn(
[1.462s] running install
[1.462s] running install_lib
[1.463s] creating /home/aaronb/f23_robotics_homework2/install/webots_ros2_homework2_python/lib/python3.10/site-packages/webots_ros2_homework2_python
[1.463s] copying /home/aaronb/f23_robotics_homework2/build/webots_ros2_homework2_python/build/lib/webots_ros2_homework2_python/__init__.py -> /home/aaronb/f23_robotics_homework2/install/webots_ros2_homework2_python/lib/python3.10/site-packages/webots_ros2_homework2_python
[1.463s] copying /home/aaronb/f23_robotics_homework2/build/webots_ros2_homework2_python/build/lib/webots_ros2_homework2_python/my_node.py -> /home/aaronb/f23_robotics_homework2/install/webots_ros2_homework2_python/lib/python3.10/site-packages/webots_ros2_homework2_python
[1.464s] byte-compiling /home/aaronb/f23_robotics_homework2/install/webots_ros2_homework2_python/lib/python3.10/site-packages/webots_ros2_homework2_python/__init__.py to __init__.cpython-310.pyc
[1.464s] byte-compiling /home/aaronb/f23_robotics_homework2/install/webots_ros2_homework2_python/lib/python3.10/site-packages/webots_ros2_homework2_python/my_node.py to my_node.cpython-310.pyc
[1.464s] running install_data
[1.464s] creating /home/aaronb/f23_robotics_homework2/install/webots_ros2_homework2_python/share/ament_index
[1.465s] creating /home/aaronb/f23_robotics_homework2/install/webots_ros2_homework2_python/share/ament_index/resource_index
[1.465s] creating /home/aaronb/f23_robotics_homework2/install/webots_ros2_homework2_python/share/ament_index/resource_index/packages
[1.466s] copying resource/webots_ros2_homework2_python -> /home/aaronb/f23_robotics_homework2/install/webots_ros2_homework2_python/share/ament_index/resource_index/packages
[1.466s] copying package.xml -> /home/aaronb/f23_robotics_homework2/install/webots_ros2_homework2_python/share/webots_ros2_homework2_python
[1.466s] running install_egg_info
[1.469s] Copying ../../build/webots_ros2_homework2_python/webots_ros2_homework2_python.egg-info to /home/aaronb/f23_robotics_homework2/install/webots_ros2_homework2_python/lib/python3.10/site-packages/webots_ros2_homework2_python-0.0.0-py3.10.egg-info
[1.471s] running install_scripts
[1.505s] Installing my_node script to /home/aaronb/f23_robotics_homework2/install/webots_ros2_homework2_python/lib/webots_ros2_homework2_python
[1.506s] writing list of installed files to '/home/aaronb/f23_robotics_homework2/build/webots_ros2_homework2_python/install.log'
[1.615s] Invoked command in '/home/aaronb/f23_robotics_homework2/src/webots_ros2_homework2_python' returned '0': PYTHONPATH=/home/aaronb/f23_robotics_homework2/build/webots_ros2_homework2_python/prefix_override:/home/aaronb/f23_robotics_homework2/install/webots_ros2_homework2_python/lib/python3.10/site-packages:${PYTHONPATH} /usr/bin/python3 setup.py egg_info --egg-base ../../build/webots_ros2_homework2_python build --build-base /home/aaronb/f23_robotics_homework2/build/webots_ros2_homework2_python/build install --record /home/aaronb/f23_robotics_homework2/build/webots_ros2_homework2_python/install.log --single-version-externally-managed
