[5.270s] Invoking command in '/home/aaronb/f23_robotics_homework2/src/webots_ros2_homework1_python': PYTHONPATH=/home/aaronb/f23_robotics_homework2/build/webots_ros2_homework1_python/prefix_override:/home/aaronb/f23_robotics_homework2/install/webots_ros2_homework1_python/lib/python3.10/site-packages:${PYTHONPATH} /usr/bin/python3 setup.py egg_info --egg-base ../../build/webots_ros2_homework1_python build --build-base /home/aaronb/f23_robotics_homework2/build/webots_ros2_homework1_python/build install --record /home/aaronb/f23_robotics_homework2/build/webots_ros2_homework1_python/install.log --single-version-externally-managed
[5.869s] running egg_info
[5.872s] writing ../../build/webots_ros2_homework1_python/webots_ros2_homework1_python.egg-info/PKG-INFO
[5.872s] writing dependency_links to ../../build/webots_ros2_homework1_python/webots_ros2_homework1_python.egg-info/dependency_links.txt
[5.873s] writing entry points to ../../build/webots_ros2_homework1_python/webots_ros2_homework1_python.egg-info/entry_points.txt
[5.873s] writing requirements to ../../build/webots_ros2_homework1_python/webots_ros2_homework1_python.egg-info/requires.txt
[5.874s] writing top-level names to ../../build/webots_ros2_homework1_python/webots_ros2_homework1_python.egg-info/top_level.txt
[5.884s] reading manifest file '../../build/webots_ros2_homework1_python/webots_ros2_homework1_python.egg-info/SOURCES.txt'
[5.886s] writing manifest file '../../build/webots_ros2_homework1_python/webots_ros2_homework1_python.egg-info/SOURCES.txt'
[5.887s] running build
[5.887s] running build_py
[5.887s] copying webots_ros2_homework1_python/webots_ros2_homework1_python.py -> /home/aaronb/f23_robotics_homework2/build/webots_ros2_homework1_python/build/lib/webots_ros2_homework1_python
[5.888s] running install
[5.888s] /usr/lib/python3/dist-packages/setuptools/command/install.py:34: SetuptoolsDeprecationWarning: setup.py install is deprecated. Use build and pip and other standards-based tools.
[5.888s]   warnings.warn(
[5.889s] running install_lib
[5.893s] copying /home/aaronb/f23_robotics_homework2/build/webots_ros2_homework1_python/build/lib/webots_ros2_homework1_python/webots_ros2_homework1_python.py -> /home/aaronb/f23_robotics_homework2/install/webots_ros2_homework1_python/lib/python3.10/site-packages/webots_ros2_homework1_python
[5.895s] byte-compiling /home/aaronb/f23_robotics_homework2/install/webots_ros2_homework1_python/lib/python3.10/site-packages/webots_ros2_homework1_python/webots_ros2_homework1_python.py to webots_ros2_homework1_python.cpython-310.pyc
[5.900s]   File "/home/aaronb/f23_robotics_homework2/install/webots_ros2_homework1_python/lib/python3.10/site-packages/webots_ros2_homework1_python/webots_ros2_homework1_python.py", line 72
[5.901s]     if self.turtle
[5.902s]                   ^
[5.902s] SyntaxError: expected ':'
[5.902s] 
[5.903s] running install_data
[5.904s] running install_egg_info
[5.911s] removing '/home/aaronb/f23_robotics_homework2/install/webots_ros2_homework1_python/lib/python3.10/site-packages/webots_ros2_homework1_python-0.0.0-py3.10.egg-info' (and everything under it)
[5.913s] Copying ../../build/webots_ros2_homework1_python/webots_ros2_homework1_python.egg-info to /home/aaronb/f23_robotics_homework2/install/webots_ros2_homework1_python/lib/python3.10/site-packages/webots_ros2_homework1_python-0.0.0-py3.10.egg-info
[5.916s] running install_scripts
[5.988s] Installing webots_ros2_homework1_python script to /home/aaronb/f23_robotics_homework2/install/webots_ros2_homework1_python/lib/webots_ros2_homework1_python
[5.989s] writing list of installed files to '/home/aaronb/f23_robotics_homework2/build/webots_ros2_homework1_python/install.log'
[6.163s] Invoked command in '/home/aaronb/f23_robotics_homework2/src/webots_ros2_homework1_python' returned '0': PYTHONPATH=/home/aaronb/f23_robotics_homework2/build/webots_ros2_homework1_python/prefix_override:/home/aaronb/f23_robotics_homework2/install/webots_ros2_homework1_python/lib/python3.10/site-packages:${PYTHONPATH} /usr/bin/python3 setup.py egg_info --egg-base ../../build/webots_ros2_homework1_python build --build-base /home/aaronb/f23_robotics_homework2/build/webots_ros2_homework1_python/build install --record /home/aaronb/f23_robotics_homework2/build/webots_ros2_homework1_python/install.log --single-version-externally-managed
