running egg_info
creating ../../build/turtlebot_controller/turtlebot_lab_controller.egg-info
writing ../../build/turtlebot_controller/turtlebot_lab_controller.egg-info/PKG-INFO
writing dependency_links to ../../build/turtlebot_controller/turtlebot_lab_controller.egg-info/dependency_links.txt
writing entry points to ../../build/turtlebot_controller/turtlebot_lab_controller.egg-info/entry_points.txt
writing requirements to ../../build/turtlebot_controller/turtlebot_lab_controller.egg-info/requires.txt
writing top-level names to ../../build/turtlebot_controller/turtlebot_lab_controller.egg-info/top_level.txt
writing manifest file '../../build/turtlebot_controller/turtlebot_lab_controller.egg-info/SOURCES.txt'
reading manifest file '../../build/turtlebot_controller/turtlebot_lab_controller.egg-info/SOURCES.txt'
writing manifest file '../../build/turtlebot_controller/turtlebot_lab_controller.egg-info/SOURCES.txt'
running build
running build_py
creating /home/aaronb/f23_robotics_homework2/build/turtlebot_controller/build/lib/turtlebot_lab_controller
copying turtlebot_lab_controller/turtlebot_lab_controller.py -> /home/aaronb/f23_robotics_homework2/build/turtlebot_controller/build/lib/turtlebot_lab_controller
copying turtlebot_lab_controller/__init__.py -> /home/aaronb/f23_robotics_homework2/build/turtlebot_controller/build/lib/turtlebot_lab_controller
running install
running install_lib
creating /home/aaronb/f23_robotics_homework2/install/turtlebot_controller/lib/python3.10/site-packages/turtlebot_lab_controller
copying /home/aaronb/f23_robotics_homework2/build/turtlebot_controller/build/lib/turtlebot_lab_controller/turtlebot_lab_controller.py -> /home/aaronb/f23_robotics_homework2/install/turtlebot_controller/lib/python3.10/site-packages/turtlebot_lab_controller
copying /home/aaronb/f23_robotics_homework2/build/turtlebot_controller/build/lib/turtlebot_lab_controller/__init__.py -> /home/aaronb/f23_robotics_homework2/install/turtlebot_controller/lib/python3.10/site-packages/turtlebot_lab_controller
byte-compiling /home/aaronb/f23_robotics_homework2/install/turtlebot_controller/lib/python3.10/site-packages/turtlebot_lab_controller/turtlebot_lab_controller.py to turtlebot_lab_controller.cpython-310.pyc
byte-compiling /home/aaronb/f23_robotics_homework2/install/turtlebot_controller/lib/python3.10/site-packages/turtlebot_lab_controller/__init__.py to __init__.cpython-310.pyc
running install_data
