[2.778s] Invoking command in '/home/aaronb/f23_robotics_homework2/src/turtlebot_controller': PYTHONPATH=/home/aaronb/f23_robotics_homework2/build/turtlebot_controller/prefix_override:/home/aaronb/f23_robotics_homework2/install/turtlebot_controller/lib/python3.10/site-packages:${PYTHONPATH} /usr/bin/python3 setup.py egg_info --egg-base ../../build/turtlebot_controller build --build-base /home/aaronb/f23_robotics_homework2/build/turtlebot_controller/build install --record /home/aaronb/f23_robotics_homework2/build/turtlebot_controller/install.log --single-version-externally-managed
[3.376s] running egg_info
[3.378s] creating ../../build/turtlebot_controller/turtlebot_lab_controller.egg-info
[3.383s] writing ../../build/turtlebot_controller/turtlebot_lab_controller.egg-info/PKG-INFO
[3.383s] writing dependency_links to ../../build/turtlebot_controller/turtlebot_lab_controller.egg-info/dependency_links.txt
[3.383s] writing entry points to ../../build/turtlebot_controller/turtlebot_lab_controller.egg-info/entry_points.txt
[3.384s] writing requirements to ../../build/turtlebot_controller/turtlebot_lab_controller.egg-info/requires.txt
[3.384s] writing top-level names to ../../build/turtlebot_controller/turtlebot_lab_controller.egg-info/top_level.txt
[3.384s] writing manifest file '../../build/turtlebot_controller/turtlebot_lab_controller.egg-info/SOURCES.txt'
[3.385s] reading manifest file '../../build/turtlebot_controller/turtlebot_lab_controller.egg-info/SOURCES.txt'
[3.388s] writing manifest file '../../build/turtlebot_controller/turtlebot_lab_controller.egg-info/SOURCES.txt'
[3.388s] running build
[3.390s] running build_py
[3.390s] creating /home/aaronb/f23_robotics_homework2/build/turtlebot_controller/build/lib/turtlebot_lab_controller
[3.391s] copying turtlebot_lab_controller/turtlebot_lab_controller.py -> /home/aaronb/f23_robotics_homework2/build/turtlebot_controller/build/lib/turtlebot_lab_controller
[3.393s] copying turtlebot_lab_controller/__init__.py -> /home/aaronb/f23_robotics_homework2/build/turtlebot_controller/build/lib/turtlebot_lab_controller
[3.393s] running install
[3.394s] /usr/lib/python3/dist-packages/setuptools/command/install.py:34: SetuptoolsDeprecationWarning: setup.py install is deprecated. Use build and pip and other standards-based tools.
[3.394s]   warnings.warn(
[3.394s] running install_lib
[3.394s] creating /home/aaronb/f23_robotics_homework2/install/turtlebot_controller/lib/python3.10/site-packages/turtlebot_lab_controller
[3.395s] copying /home/aaronb/f23_robotics_homework2/build/turtlebot_controller/build/lib/turtlebot_lab_controller/turtlebot_lab_controller.py -> /home/aaronb/f23_robotics_homework2/install/turtlebot_controller/lib/python3.10/site-packages/turtlebot_lab_controller
[3.395s] copying /home/aaronb/f23_robotics_homework2/build/turtlebot_controller/build/lib/turtlebot_lab_controller/__init__.py -> /home/aaronb/f23_robotics_homework2/install/turtlebot_controller/lib/python3.10/site-packages/turtlebot_lab_controller
[3.395s] byte-compiling /home/aaronb/f23_robotics_homework2/install/turtlebot_controller/lib/python3.10/site-packages/turtlebot_lab_controller/turtlebot_lab_controller.py to turtlebot_lab_controller.cpython-310.pyc
[3.399s] byte-compiling /home/aaronb/f23_robotics_homework2/install/turtlebot_controller/lib/python3.10/site-packages/turtlebot_lab_controller/__init__.py to __init__.cpython-310.pyc
[3.399s] running install_data
[3.402s] error: can't copy 'resource/turtlebot_lab_controller': doesn't exist or not a regular file
[3.455s] Invoked command in '/home/aaronb/f23_robotics_homework2/src/turtlebot_controller' returned '1': PYTHONPATH=/home/aaronb/f23_robotics_homework2/build/turtlebot_controller/prefix_override:/home/aaronb/f23_robotics_homework2/install/turtlebot_controller/lib/python3.10/site-packages:${PYTHONPATH} /usr/bin/python3 setup.py egg_info --egg-base ../../build/turtlebot_controller build --build-base /home/aaronb/f23_robotics_homework2/build/turtlebot_controller/build install --record /home/aaronb/f23_robotics_homework2/build/turtlebot_controller/install.log --single-version-externally-managed
