[1.947s] Invoking command in '/home/aaronb/f23_robotics_homework2/src/webots_ros2_controller_python': PYTHONPATH=/home/aaronb/f23_robotics_homework2/src/build/webots_ros2_homework2_python/prefix_override:/home/aaronb/f23_robotics_homework2/src/install/webots_ros2_homework2_python/lib/python3.10/site-packages:${PYTHONPATH} /usr/bin/python3 setup.py egg_info --egg-base ../build/webots_ros2_homework2_python build --build-base /home/aaronb/f23_robotics_homework2/src/build/webots_ros2_homework2_python/build install --record /home/aaronb/f23_robotics_homework2/src/build/webots_ros2_homework2_python/install.log --single-version-externally-managed
[2.506s] running egg_info
[2.508s] creating ../build/webots_ros2_homework2_python/webots_ros2_homework2_python.egg-info
[2.508s] writing ../build/webots_ros2_homework2_python/webots_ros2_homework2_python.egg-info/PKG-INFO
[2.509s] writing dependency_links to ../build/webots_ros2_homework2_python/webots_ros2_homework2_python.egg-info/dependency_links.txt
[2.509s] writing entry points to ../build/webots_ros2_homework2_python/webots_ros2_homework2_python.egg-info/entry_points.txt
[2.509s] writing requirements to ../build/webots_ros2_homework2_python/webots_ros2_homework2_python.egg-info/requires.txt
[2.510s] writing top-level names to ../build/webots_ros2_homework2_python/webots_ros2_homework2_python.egg-info/top_level.txt
[2.510s] writing manifest file '../build/webots_ros2_homework2_python/webots_ros2_homework2_python.egg-info/SOURCES.txt'
[2.514s] reading manifest file '../build/webots_ros2_homework2_python/webots_ros2_homework2_python.egg-info/SOURCES.txt'
[2.516s] writing manifest file '../build/webots_ros2_homework2_python/webots_ros2_homework2_python.egg-info/SOURCES.txt'
[2.516s] running build
[2.516s] running build_py
[2.517s] creating /home/aaronb/f23_robotics_homework2/src/build/webots_ros2_homework2_python/build
[2.517s] creating /home/aaronb/f23_robotics_homework2/src/build/webots_ros2_homework2_python/build/lib
[2.518s] creating /home/aaronb/f23_robotics_homework2/src/build/webots_ros2_homework2_python/build/lib/webots_ros2_homework2_python
[2.519s] copying webots_ros2_homework2_python/turtlebot_controller.py -> /home/aaronb/f23_robotics_homework2/src/build/webots_ros2_homework2_python/build/lib/webots_ros2_homework2_python
[2.524s] copying webots_ros2_homework2_python/__init__.py -> /home/aaronb/f23_robotics_homework2/src/build/webots_ros2_homework2_python/build/lib/webots_ros2_homework2_python
[2.524s] running install
[2.526s] /usr/lib/python3/dist-packages/setuptools/command/install.py:34: SetuptoolsDeprecationWarning: setup.py install is deprecated. Use build and pip and other standards-based tools.
[2.527s]   warnings.warn(
[2.527s] running install_lib
[2.528s] creating /home/aaronb/f23_robotics_homework2/src/install/webots_ros2_homework2_python/lib/python3.10/site-packages/webots_ros2_homework2_python
[2.529s] copying /home/aaronb/f23_robotics_homework2/src/build/webots_ros2_homework2_python/build/lib/webots_ros2_homework2_python/turtlebot_controller.py -> /home/aaronb/f23_robotics_homework2/src/install/webots_ros2_homework2_python/lib/python3.10/site-packages/webots_ros2_homework2_python
[2.529s] copying /home/aaronb/f23_robotics_homework2/src/build/webots_ros2_homework2_python/build/lib/webots_ros2_homework2_python/__init__.py -> /home/aaronb/f23_robotics_homework2/src/install/webots_ros2_homework2_python/lib/python3.10/site-packages/webots_ros2_homework2_python
[2.530s] byte-compiling /home/aaronb/f23_robotics_homework2/src/install/webots_ros2_homework2_python/lib/python3.10/site-packages/webots_ros2_homework2_python/turtlebot_controller.py to turtlebot_controller.cpython-310.pyc
[2.532s] byte-compiling /home/aaronb/f23_robotics_homework2/src/install/webots_ros2_homework2_python/lib/python3.10/site-packages/webots_ros2_homework2_python/__init__.py to __init__.cpython-310.pyc
[2.532s] running install_data
[2.534s] creating /home/aaronb/f23_robotics_homework2/src/install/webots_ros2_homework2_python/share/ament_index
[2.534s] creating /home/aaronb/f23_robotics_homework2/src/install/webots_ros2_homework2_python/share/ament_index/resource_index
[2.535s] creating /home/aaronb/f23_robotics_homework2/src/install/webots_ros2_homework2_python/share/ament_index/resource_index/packages
[2.535s] copying resource/webots_ros2_homework2_python -> /home/aaronb/f23_robotics_homework2/src/install/webots_ros2_homework2_python/share/ament_index/resource_index/packages
[2.535s] copying package.xml -> /home/aaronb/f23_robotics_homework2/src/install/webots_ros2_homework2_python/share/webots_ros2_homework2_python
[2.536s] running install_egg_info
[2.537s] Copying ../build/webots_ros2_homework2_python/webots_ros2_homework2_python.egg-info to /home/aaronb/f23_robotics_homework2/src/install/webots_ros2_homework2_python/lib/python3.10/site-packages/webots_ros2_homework2_python-0.0.0-py3.10.egg-info
[2.540s] running install_scripts
[2.580s] Installing my_node script to /home/aaronb/f23_robotics_homework2/src/install/webots_ros2_homework2_python/lib/webots_ros2_homework2_python
[2.581s] writing list of installed files to '/home/aaronb/f23_robotics_homework2/src/build/webots_ros2_homework2_python/install.log'
[2.705s] Invoked command in '/home/aaronb/f23_robotics_homework2/src/webots_ros2_controller_python' returned '0': PYTHONPATH=/home/aaronb/f23_robotics_homework2/src/build/webots_ros2_homework2_python/prefix_override:/home/aaronb/f23_robotics_homework2/src/install/webots_ros2_homework2_python/lib/python3.10/site-packages:${PYTHONPATH} /usr/bin/python3 setup.py egg_info --egg-base ../build/webots_ros2_homework2_python build --build-base /home/aaronb/f23_robotics_homework2/src/build/webots_ros2_homework2_python/build install --record /home/aaronb/f23_robotics_homework2/src/build/webots_ros2_homework2_python/install.log --single-version-externally-managed
