[1.037s] DEBUG:colcon:Command line arguments: ['/usr/bin/colcon', 'build']
[1.037s] DEBUG:colcon:Parsed command line arguments: Namespace(log_base=None, log_level=None, verb_name='build', build_base='build', install_base='install', merge_install=False, symlink_install=False, test_result_base=None, continue_on_error=False, executor='parallel', parallel_workers=4, event_handlers=None, ignore_user_meta=False, metas=['./colcon.meta'], base_paths=['.'], packages_ignore=None, packages_ignore_regex=None, paths=None, packages_up_to=None, packages_up_to_regex=None, packages_above=None, packages_above_and_dependencies=None, packages_above_depth=None, packages_select_by_dep=None, packages_skip_by_dep=None, packages_skip_up_to=None, packages_select_build_failed=False, packages_skip_build_finished=False, packages_select_test_failures=False, packages_skip_test_passed=False, packages_select=None, packages_skip=None, packages_select_regex=None, packages_skip_regex=None, packages_start=None, packages_end=None, allow_overriding=[], cmake_args=None, cmake_target=None, cmake_target_skip_unavailable=False, cmake_clean_cache=False, cmake_clean_first=False, cmake_force_configure=False, ament_cmake_args=None, catkin_cmake_args=None, catkin_skip_building_tests=False, verb_parser=<colcon_defaults.argument_parser.defaults.DefaultArgumentsDecorator object at 0x7f2ea08979a0>, verb_extension=<colcon_core.verb.build.BuildVerb object at 0x7f2ea0897460>, main=<bound method BuildVerb.main of <colcon_core.verb.build.BuildVerb object at 0x7f2ea0897460>>)
[1.087s] Level 1:colcon.colcon_core.package_discovery:discover_packages(colcon_meta) check parameters
[1.087s] Level 1:colcon.colcon_core.package_discovery:discover_packages(recursive) check parameters
[1.087s] Level 1:colcon.colcon_core.package_discovery:discover_packages(ignore) check parameters
[1.087s] Level 1:colcon.colcon_core.package_discovery:discover_packages(path) check parameters
[1.087s] Level 1:colcon.colcon_core.package_discovery:discover_packages(colcon_meta) discover
[1.087s] Level 1:colcon.colcon_core.package_discovery:discover_packages(recursive) discover
[1.087s] INFO:colcon.colcon_core.package_discovery:Crawling recursively for packages in '/home/aaronb/f23_robotics_homework2'
[1.087s] Level 1:colcon.colcon_core.package_identification:_identify(.) by extensions ['ignore', 'ignore_ament_install']
[1.088s] Level 1:colcon.colcon_core.package_identification:_identify(.) by extension 'ignore'
[1.088s] Level 1:colcon.colcon_core.package_identification:_identify(.) by extension 'ignore_ament_install'
[1.088s] Level 1:colcon.colcon_core.package_identification:_identify(.) by extensions ['colcon_pkg']
[1.088s] Level 1:colcon.colcon_core.package_identification:_identify(.) by extension 'colcon_pkg'
[1.088s] Level 1:colcon.colcon_core.package_identification:_identify(.) by extensions ['colcon_meta']
[1.088s] Level 1:colcon.colcon_core.package_identification:_identify(.) by extension 'colcon_meta'
[1.088s] Level 1:colcon.colcon_core.package_identification:_identify(.) by extensions ['ros']
[1.088s] Level 1:colcon.colcon_core.package_identification:_identify(.) by extension 'ros'
[1.098s] Level 1:colcon.colcon_core.package_identification:_identify(.) by extensions ['cmake', 'python']
[1.099s] Level 1:colcon.colcon_core.package_identification:_identify(.) by extension 'cmake'
[1.099s] Level 1:colcon.colcon_core.package_identification:_identify(.) by extension 'python'
[1.099s] Level 1:colcon.colcon_core.package_identification:_identify(.) by extensions ['python_setup_py']
[1.099s] Level 1:colcon.colcon_core.package_identification:_identify(.) by extension 'python_setup_py'
[1.099s] Level 1:colcon.colcon_core.package_identification:_identify(build) by extensions ['ignore', 'ignore_ament_install']
[1.099s] Level 1:colcon.colcon_core.package_identification:_identify(build) by extension 'ignore'
[1.099s] Level 1:colcon.colcon_core.package_identification:_identify(build) ignored
[1.099s] Level 1:colcon.colcon_core.package_identification:_identify(install) by extensions ['ignore', 'ignore_ament_install']
[1.099s] Level 1:colcon.colcon_core.package_identification:_identify(install) by extension 'ignore'
[1.099s] Level 1:colcon.colcon_core.package_identification:_identify(install) ignored
[1.099s] Level 1:colcon.colcon_core.package_identification:_identify(log) by extensions ['ignore', 'ignore_ament_install']
[1.099s] Level 1:colcon.colcon_core.package_identification:_identify(log) by extension 'ignore'
[1.099s] Level 1:colcon.colcon_core.package_identification:_identify(log) ignored
[1.100s] Level 1:colcon.colcon_core.package_identification:_identify(src) by extensions ['ignore', 'ignore_ament_install']
[1.100s] Level 1:colcon.colcon_core.package_identification:_identify(src) by extension 'ignore'
[1.100s] Level 1:colcon.colcon_core.package_identification:_identify(src) by extension 'ignore_ament_install'
[1.100s] Level 1:colcon.colcon_core.package_identification:_identify(src) by extensions ['colcon_pkg']
[1.100s] Level 1:colcon.colcon_core.package_identification:_identify(src) by extension 'colcon_pkg'
[1.100s] Level 1:colcon.colcon_core.package_identification:_identify(src) by extensions ['colcon_meta']
[1.100s] Level 1:colcon.colcon_core.package_identification:_identify(src) by extension 'colcon_meta'
[1.100s] Level 1:colcon.colcon_core.package_identification:_identify(src) by extensions ['ros']
[1.100s] Level 1:colcon.colcon_core.package_identification:_identify(src) by extension 'ros'
[1.100s] Level 1:colcon.colcon_core.package_identification:_identify(src) by extensions ['cmake', 'python']
[1.100s] Level 1:colcon.colcon_core.package_identification:_identify(src) by extension 'cmake'
[1.100s] Level 1:colcon.colcon_core.package_identification:_identify(src) by extension 'python'
[1.100s] Level 1:colcon.colcon_core.package_identification:_identify(src) by extensions ['python_setup_py']
[1.100s] Level 1:colcon.colcon_core.package_identification:_identify(src) by extension 'python_setup_py'
[1.100s] Level 1:colcon.colcon_core.package_identification:_identify(src/build) by extensions ['ignore', 'ignore_ament_install']
[1.100s] Level 1:colcon.colcon_core.package_identification:_identify(src/build) by extension 'ignore'
[1.100s] Level 1:colcon.colcon_core.package_identification:_identify(src/build) ignored
[1.100s] Level 1:colcon.colcon_core.package_identification:_identify(src/install) by extensions ['ignore', 'ignore_ament_install']
[1.100s] Level 1:colcon.colcon_core.package_identification:_identify(src/install) by extension 'ignore'
[1.100s] Level 1:colcon.colcon_core.package_identification:_identify(src/install) ignored
[1.101s] Level 1:colcon.colcon_core.package_identification:_identify(src/log) by extensions ['ignore', 'ignore_ament_install']
[1.101s] Level 1:colcon.colcon_core.package_identification:_identify(src/log) by extension 'ignore'
[1.101s] Level 1:colcon.colcon_core.package_identification:_identify(src/log) ignored
[1.101s] Level 1:colcon.colcon_core.package_identification:_identify(src/turtlebot_controller) by extensions ['ignore', 'ignore_ament_install']
[1.101s] Level 1:colcon.colcon_core.package_identification:_identify(src/turtlebot_controller) by extension 'ignore'
[1.101s] Level 1:colcon.colcon_core.package_identification:_identify(src/turtlebot_controller) by extension 'ignore_ament_install'
[1.101s] Level 1:colcon.colcon_core.package_identification:_identify(src/turtlebot_controller) by extensions ['colcon_pkg']
[1.101s] Level 1:colcon.colcon_core.package_identification:_identify(src/turtlebot_controller) by extension 'colcon_pkg'
[1.101s] Level 1:colcon.colcon_core.package_identification:_identify(src/turtlebot_controller) by extensions ['colcon_meta']
[1.101s] Level 1:colcon.colcon_core.package_identification:_identify(src/turtlebot_controller) by extension 'colcon_meta'
[1.101s] Level 1:colcon.colcon_core.package_identification:_identify(src/turtlebot_controller) by extensions ['ros']
[1.101s] Level 1:colcon.colcon_core.package_identification:_identify(src/turtlebot_controller) by extension 'ros'
[1.103s] DEBUG:colcon.colcon_core.package_identification:Package 'src/turtlebot_controller' with type 'ros.ament_python' and name 'turtlebot_controller'
[1.104s] Level 1:colcon.colcon_core.package_identification:_identify(src/webots_ros2_controller_python) by extensions ['ignore', 'ignore_ament_install']
[1.104s] Level 1:colcon.colcon_core.package_identification:_identify(src/webots_ros2_controller_python) by extension 'ignore'
[1.104s] Level 1:colcon.colcon_core.package_identification:_identify(src/webots_ros2_controller_python) by extension 'ignore_ament_install'
[1.104s] Level 1:colcon.colcon_core.package_identification:_identify(src/webots_ros2_controller_python) by extensions ['colcon_pkg']
[1.104s] Level 1:colcon.colcon_core.package_identification:_identify(src/webots_ros2_controller_python) by extension 'colcon_pkg'
[1.104s] Level 1:colcon.colcon_core.package_identification:_identify(src/webots_ros2_controller_python) by extensions ['colcon_meta']
[1.104s] Level 1:colcon.colcon_core.package_identification:_identify(src/webots_ros2_controller_python) by extension 'colcon_meta'
[1.104s] Level 1:colcon.colcon_core.package_identification:_identify(src/webots_ros2_controller_python) by extensions ['ros']
[1.104s] Level 1:colcon.colcon_core.package_identification:_identify(src/webots_ros2_controller_python) by extension 'ros'
[1.105s] DEBUG:colcon.colcon_core.package_identification:Package 'src/webots_ros2_controller_python' with type 'ros.ament_python' and name 'webots_ros2_homework2_python'
[1.105s] Level 1:colcon.colcon_core.package_identification:_identify(src/webots_ros2_sim_python) by extensions ['ignore', 'ignore_ament_install']
[1.105s] Level 1:colcon.colcon_core.package_identification:_identify(src/webots_ros2_sim_python) by extension 'ignore'
[1.105s] Level 1:colcon.colcon_core.package_identification:_identify(src/webots_ros2_sim_python) by extension 'ignore_ament_install'
[1.105s] Level 1:colcon.colcon_core.package_identification:_identify(src/webots_ros2_sim_python) by extensions ['colcon_pkg']
[1.105s] Level 1:colcon.colcon_core.package_identification:_identify(src/webots_ros2_sim_python) by extension 'colcon_pkg'
[1.105s] Level 1:colcon.colcon_core.package_identification:_identify(src/webots_ros2_sim_python) by extensions ['colcon_meta']
[1.105s] Level 1:colcon.colcon_core.package_identification:_identify(src/webots_ros2_sim_python) by extension 'colcon_meta'
[1.105s] Level 1:colcon.colcon_core.package_identification:_identify(src/webots_ros2_sim_python) by extensions ['ros']
[1.105s] Level 1:colcon.colcon_core.package_identification:_identify(src/webots_ros2_sim_python) by extension 'ros'
[1.106s] DEBUG:colcon.colcon_core.package_identification:Package 'src/webots_ros2_sim_python' with type 'ros.ament_python' and name 'webots_ros2_homework1_python'
[1.106s] Level 1:colcon.colcon_core.package_discovery:discover_packages(recursive) using defaults
[1.106s] Level 1:colcon.colcon_core.package_discovery:discover_packages(ignore) discover
[1.106s] Level 1:colcon.colcon_core.package_discovery:discover_packages(ignore) using defaults
[1.106s] Level 1:colcon.colcon_core.package_discovery:discover_packages(path) discover
[1.106s] Level 1:colcon.colcon_core.package_discovery:discover_packages(path) using defaults
[1.203s] Level 1:colcon.colcon_core.package_discovery:discover_packages(prefix_path) check parameters
[1.203s] Level 1:colcon.colcon_core.package_discovery:discover_packages(prefix_path) discover
[1.237s] DEBUG:colcon.colcon_installed_package_information.package_discovery:Found 3 installed packages in /home/aaronb/f23_robotics_homework2/install
[1.253s] DEBUG:colcon.colcon_installed_package_information.package_discovery:Found 302 installed packages in /opt/ros/humble
[1.255s] Level 1:colcon.colcon_core.package_discovery:discover_packages(prefix_path) using defaults
[1.366s] Level 5:colcon.colcon_core.verb:set package 'turtlebot_controller' build argument 'cmake_args' from command line to 'None'
[1.367s] Level 5:colcon.colcon_core.verb:set package 'turtlebot_controller' build argument 'cmake_target' from command line to 'None'
[1.367s] Level 5:colcon.colcon_core.verb:set package 'turtlebot_controller' build argument 'cmake_target_skip_unavailable' from command line to 'False'
[1.367s] Level 5:colcon.colcon_core.verb:set package 'turtlebot_controller' build argument 'cmake_clean_cache' from command line to 'False'
[1.367s] Level 5:colcon.colcon_core.verb:set package 'turtlebot_controller' build argument 'cmake_clean_first' from command line to 'False'
[1.367s] Level 5:colcon.colcon_core.verb:set package 'turtlebot_controller' build argument 'cmake_force_configure' from command line to 'False'
[1.367s] Level 5:colcon.colcon_core.verb:set package 'turtlebot_controller' build argument 'ament_cmake_args' from command line to 'None'
[1.367s] Level 5:colcon.colcon_core.verb:set package 'turtlebot_controller' build argument 'catkin_cmake_args' from command line to 'None'
[1.367s] Level 5:colcon.colcon_core.verb:set package 'turtlebot_controller' build argument 'catkin_skip_building_tests' from command line to 'False'
[1.367s] DEBUG:colcon.colcon_core.verb:Building package 'turtlebot_controller' with the following arguments: {'ament_cmake_args': None, 'build_base': '/home/aaronb/f23_robotics_homework2/build/turtlebot_controller', 'catkin_cmake_args': None, 'catkin_skip_building_tests': False, 'cmake_args': None, 'cmake_clean_cache': False, 'cmake_clean_first': False, 'cmake_force_configure': False, 'cmake_target': None, 'cmake_target_skip_unavailable': False, 'install_base': '/home/aaronb/f23_robotics_homework2/install/turtlebot_controller', 'merge_install': False, 'path': '/home/aaronb/f23_robotics_homework2/src/turtlebot_controller', 'symlink_install': False, 'test_result_base': None}
[1.383s] Level 5:colcon.colcon_core.verb:set package 'webots_ros2_homework1_python' build argument 'cmake_args' from command line to 'None'
[1.383s] Level 5:colcon.colcon_core.verb:set package 'webots_ros2_homework1_python' build argument 'cmake_target' from command line to 'None'
[1.383s] Level 5:colcon.colcon_core.verb:set package 'webots_ros2_homework1_python' build argument 'cmake_target_skip_unavailable' from command line to 'False'
[1.383s] Level 5:colcon.colcon_core.verb:set package 'webots_ros2_homework1_python' build argument 'cmake_clean_cache' from command line to 'False'
[1.383s] Level 5:colcon.colcon_core.verb:set package 'webots_ros2_homework1_python' build argument 'cmake_clean_first' from command line to 'False'
[1.383s] Level 5:colcon.colcon_core.verb:set package 'webots_ros2_homework1_python' build argument 'cmake_force_configure' from command line to 'False'
[1.383s] Level 5:colcon.colcon_core.verb:set package 'webots_ros2_homework1_python' build argument 'ament_cmake_args' from command line to 'None'
[1.383s] Level 5:colcon.colcon_core.verb:set package 'webots_ros2_homework1_python' build argument 'catkin_cmake_args' from command line to 'None'
[1.384s] Level 5:colcon.colcon_core.verb:set package 'webots_ros2_homework1_python' build argument 'catkin_skip_building_tests' from command line to 'False'
[1.384s] DEBUG:colcon.colcon_core.verb:Building package 'webots_ros2_homework1_python' with the following arguments: {'ament_cmake_args': None, 'build_base': '/home/aaronb/f23_robotics_homework2/build/webots_ros2_homework1_python', 'catkin_cmake_args': None, 'catkin_skip_building_tests': False, 'cmake_args': None, 'cmake_clean_cache': False, 'cmake_clean_first': False, 'cmake_force_configure': False, 'cmake_target': None, 'cmake_target_skip_unavailable': False, 'install_base': '/home/aaronb/f23_robotics_homework2/install/webots_ros2_homework1_python', 'merge_install': False, 'path': '/home/aaronb/f23_robotics_homework2/src/webots_ros2_sim_python', 'symlink_install': False, 'test_result_base': None}
[1.401s] Level 5:colcon.colcon_core.verb:set package 'webots_ros2_homework2_python' build argument 'cmake_args' from command line to 'None'
[1.401s] Level 5:colcon.colcon_core.verb:set package 'webots_ros2_homework2_python' build argument 'cmake_target' from command line to 'None'
[1.401s] Level 5:colcon.colcon_core.verb:set package 'webots_ros2_homework2_python' build argument 'cmake_target_skip_unavailable' from command line to 'False'
[1.401s] Level 5:colcon.colcon_core.verb:set package 'webots_ros2_homework2_python' build argument 'cmake_clean_cache' from command line to 'False'
[1.402s] Level 5:colcon.colcon_core.verb:set package 'webots_ros2_homework2_python' build argument 'cmake_clean_first' from command line to 'False'
[1.402s] Level 5:colcon.colcon_core.verb:set package 'webots_ros2_homework2_python' build argument 'cmake_force_configure' from command line to 'False'
[1.402s] Level 5:colcon.colcon_core.verb:set package 'webots_ros2_homework2_python' build argument 'ament_cmake_args' from command line to 'None'
[1.402s] Level 5:colcon.colcon_core.verb:set package 'webots_ros2_homework2_python' build argument 'catkin_cmake_args' from command line to 'None'
[1.402s] Level 5:colcon.colcon_core.verb:set package 'webots_ros2_homework2_python' build argument 'catkin_skip_building_tests' from command line to 'False'
[1.402s] DEBUG:colcon.colcon_core.verb:Building package 'webots_ros2_homework2_python' with the following arguments: {'ament_cmake_args': None, 'build_base': '/home/aaronb/f23_robotics_homework2/build/webots_ros2_homework2_python', 'catkin_cmake_args': None, 'catkin_skip_building_tests': False, 'cmake_args': None, 'cmake_clean_cache': False, 'cmake_clean_first': False, 'cmake_force_configure': False, 'cmake_target': None, 'cmake_target_skip_unavailable': False, 'install_base': '/home/aaronb/f23_robotics_homework2/install/webots_ros2_homework2_python', 'merge_install': False, 'path': '/home/aaronb/f23_robotics_homework2/src/webots_ros2_controller_python', 'symlink_install': False, 'test_result_base': None}
[1.416s] INFO:colcon.colcon_core.executor:Executing jobs using 'parallel' executor
[1.429s] DEBUG:colcon.colcon_parallel_executor.executor.parallel:run_until_complete
[1.430s] INFO:colcon.colcon_ros.task.ament_python.build:Building ROS package in '/home/aaronb/f23_robotics_homework2/src/turtlebot_controller' with build type 'ament_python'
[1.430s] Level 1:colcon.colcon_core.shell:create_environment_hook('turtlebot_controller', 'ament_prefix_path')
[1.450s] INFO:colcon.colcon_core.plugin_system:Skipping extension 'colcon_core.shell.bat': Not used on non-Windows systems
[1.450s] INFO:colcon.colcon_core.shell:Creating environment hook '/home/aaronb/f23_robotics_homework2/install/turtlebot_controller/share/turtlebot_controller/hook/ament_prefix_path.ps1'
[1.451s] INFO:colcon.colcon_core.shell:Creating environment descriptor '/home/aaronb/f23_robotics_homework2/install/turtlebot_controller/share/turtlebot_controller/hook/ament_prefix_path.dsv'
[1.451s] INFO:colcon.colcon_core.shell:Creating environment hook '/home/aaronb/f23_robotics_homework2/install/turtlebot_controller/share/turtlebot_controller/hook/ament_prefix_path.sh'
[1.464s] INFO:colcon.colcon_core.shell:Skip shell extension 'powershell' for command environment: Not usable outside of PowerShell
[1.465s] DEBUG:colcon.colcon_core.shell:Skip shell extension 'dsv' for command environment
[1.511s] INFO:colcon.colcon_ros.task.ament_python.build:Building ROS package in '/home/aaronb/f23_robotics_homework2/src/webots_ros2_sim_python' with build type 'ament_python'
[1.511s] Level 1:colcon.colcon_core.shell:create_environment_hook('webots_ros2_homework1_python', 'ament_prefix_path')
[1.532s] INFO:colcon.colcon_core.shell:Creating environment hook '/home/aaronb/f23_robotics_homework2/install/webots_ros2_homework1_python/share/webots_ros2_homework1_python/hook/ament_prefix_path.ps1'
[1.533s] INFO:colcon.colcon_core.shell:Creating environment descriptor '/home/aaronb/f23_robotics_homework2/install/webots_ros2_homework1_python/share/webots_ros2_homework1_python/hook/ament_prefix_path.dsv'
[1.533s] INFO:colcon.colcon_core.shell:Creating environment hook '/home/aaronb/f23_robotics_homework2/install/webots_ros2_homework1_python/share/webots_ros2_homework1_python/hook/ament_prefix_path.sh'
[1.549s] INFO:colcon.colcon_core.shell:Skip shell extension 'powershell' for command environment: Not usable outside of PowerShell
[1.549s] DEBUG:colcon.colcon_core.shell:Skip shell extension 'dsv' for command environment
[1.593s] INFO:colcon.colcon_ros.task.ament_python.build:Building ROS package in '/home/aaronb/f23_robotics_homework2/src/webots_ros2_controller_python' with build type 'ament_python'
[1.594s] Level 1:colcon.colcon_core.shell:create_environment_hook('webots_ros2_homework2_python', 'ament_prefix_path')
[1.608s] INFO:colcon.colcon_core.shell:Creating environment hook '/home/aaronb/f23_robotics_homework2/install/webots_ros2_homework2_python/share/webots_ros2_homework2_python/hook/ament_prefix_path.ps1'
[1.609s] INFO:colcon.colcon_core.shell:Creating environment descriptor '/home/aaronb/f23_robotics_homework2/install/webots_ros2_homework2_python/share/webots_ros2_homework2_python/hook/ament_prefix_path.dsv'
[1.609s] INFO:colcon.colcon_core.shell:Creating environment hook '/home/aaronb/f23_robotics_homework2/install/webots_ros2_homework2_python/share/webots_ros2_homework2_python/hook/ament_prefix_path.sh'
[1.625s] INFO:colcon.colcon_core.shell:Skip shell extension 'powershell' for command environment: Not usable outside of PowerShell
[1.625s] DEBUG:colcon.colcon_core.shell:Skip shell extension 'dsv' for command environment
[1.957s] INFO:colcon.colcon_core.task.python.build:Building Python package in '/home/aaronb/f23_robotics_homework2/src/turtlebot_controller'
[1.973s] INFO:colcon.colcon_core.shell:Skip shell extension 'powershell' for command environment: Not usable outside of PowerShell
[1.974s] DEBUG:colcon.colcon_core.shell:Skip shell extension 'dsv' for command environment
[2.286s] INFO:colcon.colcon_core.task.python.build:Building Python package in '/home/aaronb/f23_robotics_homework2/src/webots_ros2_sim_python'
[2.302s] INFO:colcon.colcon_core.shell:Skip shell extension 'powershell' for command environment: Not usable outside of PowerShell
[2.302s] DEBUG:colcon.colcon_core.shell:Skip shell extension 'dsv' for command environment
[2.622s] INFO:colcon.colcon_core.task.python.build:Building Python package in '/home/aaronb/f23_robotics_homework2/src/webots_ros2_controller_python'
[2.640s] INFO:colcon.colcon_core.shell:Skip shell extension 'powershell' for command environment: Not usable outside of PowerShell
[2.640s] DEBUG:colcon.colcon_core.shell:Skip shell extension 'dsv' for command environment
[3.354s] DEBUG:colcon.colcon_core.event_handler.log_command:Invoking command in '/home/aaronb/f23_robotics_homework2/src/webots_ros2_sim_python': PYTHONPATH=/home/aaronb/f23_robotics_homework2/build/webots_ros2_homework1_python/prefix_override:/home/aaronb/f23_robotics_homework2/install/webots_ros2_homework1_python/lib/python3.10/site-packages:${PYTHONPATH} /usr/bin/python3 setup.py egg_info --egg-base ../../build/webots_ros2_homework1_python build --build-base /home/aaronb/f23_robotics_homework2/build/webots_ros2_homework1_python/build install --record /home/aaronb/f23_robotics_homework2/build/webots_ros2_homework1_python/install.log --single-version-externally-managed
[3.359s] DEBUG:colcon.colcon_core.event_handler.log_command:Invoking command in '/home/aaronb/f23_robotics_homework2/src/turtlebot_controller': PYTHONPATH=/home/aaronb/f23_robotics_homework2/build/turtlebot_controller/prefix_override:/home/aaronb/f23_robotics_homework2/install/turtlebot_controller/lib/python3.10/site-packages:${PYTHONPATH} /usr/bin/python3 setup.py egg_info --egg-base ../../build/turtlebot_controller build --build-base /home/aaronb/f23_robotics_homework2/build/turtlebot_controller/build install --record /home/aaronb/f23_robotics_homework2/build/turtlebot_controller/install.log --single-version-externally-managed
[3.406s] DEBUG:colcon.colcon_core.event_handler.log_command:Invoking command in '/home/aaronb/f23_robotics_homework2/src/webots_ros2_controller_python': PYTHONPATH=/home/aaronb/f23_robotics_homework2/build/webots_ros2_homework2_python/prefix_override:/home/aaronb/f23_robotics_homework2/install/webots_ros2_homework2_python/lib/python3.10/site-packages:${PYTHONPATH} /usr/bin/python3 setup.py egg_info --egg-base ../../build/webots_ros2_homework2_python build --build-base /home/aaronb/f23_robotics_homework2/build/webots_ros2_homework2_python/build install --record /home/aaronb/f23_robotics_homework2/build/webots_ros2_homework2_python/install.log --single-version-externally-managed
[3.951s] DEBUG:colcon.colcon_core.event_handler.log_command:Invoked command in '/home/aaronb/f23_robotics_homework2/src/webots_ros2_sim_python' returned '0': PYTHONPATH=/home/aaronb/f23_robotics_homework2/build/webots_ros2_homework1_python/prefix_override:/home/aaronb/f23_robotics_homework2/install/webots_ros2_homework1_python/lib/python3.10/site-packages:${PYTHONPATH} /usr/bin/python3 setup.py egg_info --egg-base ../../build/webots_ros2_homework1_python build --build-base /home/aaronb/f23_robotics_homework2/build/webots_ros2_homework1_python/build install --record /home/aaronb/f23_robotics_homework2/build/webots_ros2_homework1_python/install.log --single-version-externally-managed
[3.987s] Level 1:colcon.colcon_core.environment:checking '/home/aaronb/f23_robotics_homework2/install/webots_ros2_homework1_python' for CMake module files
[3.988s] Level 1:colcon.colcon_core.environment:checking '/home/aaronb/f23_robotics_homework2/install/webots_ros2_homework1_python' for CMake config files
[3.989s] Level 1:colcon.colcon_core.environment:checking '/home/aaronb/f23_robotics_homework2/install/webots_ros2_homework1_python/lib'
[3.989s] Level 1:colcon.colcon_core.environment:checking '/home/aaronb/f23_robotics_homework2/install/webots_ros2_homework1_python/bin'
[3.989s] Level 1:colcon.colcon_core.environment:checking '/home/aaronb/f23_robotics_homework2/install/webots_ros2_homework1_python/lib/pkgconfig/webots_ros2_homework1_python.pc'
[3.990s] Level 1:colcon.colcon_core.environment:checking '/home/aaronb/f23_robotics_homework2/install/webots_ros2_homework1_python/lib/python3.10/site-packages'
[3.990s] Level 1:colcon.colcon_core.shell:create_environment_hook('webots_ros2_homework1_python', 'pythonpath')
[4.006s] INFO:colcon.colcon_core.shell:Creating environment hook '/home/aaronb/f23_robotics_homework2/install/webots_ros2_homework1_python/share/webots_ros2_homework1_python/hook/pythonpath.ps1'
[4.007s] INFO:colcon.colcon_core.shell:Creating environment descriptor '/home/aaronb/f23_robotics_homework2/install/webots_ros2_homework1_python/share/webots_ros2_homework1_python/hook/pythonpath.dsv'
[4.008s] INFO:colcon.colcon_core.shell:Creating environment hook '/home/aaronb/f23_robotics_homework2/install/webots_ros2_homework1_python/share/webots_ros2_homework1_python/hook/pythonpath.sh'
[4.009s] Level 1:colcon.colcon_core.environment:checking '/home/aaronb/f23_robotics_homework2/install/webots_ros2_homework1_python/bin'
[4.009s] Level 1:colcon.colcon_core.environment:create_environment_scripts_only(webots_ros2_homework1_python)
[4.027s] INFO:colcon.colcon_core.shell:Creating package script '/home/aaronb/f23_robotics_homework2/install/webots_ros2_homework1_python/share/webots_ros2_homework1_python/package.ps1'
[4.028s] INFO:colcon.colcon_core.shell:Creating package descriptor '/home/aaronb/f23_robotics_homework2/install/webots_ros2_homework1_python/share/webots_ros2_homework1_python/package.dsv'
[4.030s] INFO:colcon.colcon_core.shell:Creating package script '/home/aaronb/f23_robotics_homework2/install/webots_ros2_homework1_python/share/webots_ros2_homework1_python/package.sh'
[4.031s] INFO:colcon.colcon_core.shell:Creating package script '/home/aaronb/f23_robotics_homework2/install/webots_ros2_homework1_python/share/webots_ros2_homework1_python/package.bash'
[4.032s] INFO:colcon.colcon_core.shell:Creating package script '/home/aaronb/f23_robotics_homework2/install/webots_ros2_homework1_python/share/webots_ros2_homework1_python/package.zsh'
[4.033s] Level 1:colcon.colcon_core.environment:create_file_with_runtime_dependencies(/home/aaronb/f23_robotics_homework2/install/webots_ros2_homework1_python/share/colcon-core/packages/webots_ros2_homework1_python)
[4.042s] DEBUG:colcon.colcon_core.event_handler.log_command:Invoked command in '/home/aaronb/f23_robotics_homework2/src/turtlebot_controller' returned '0': PYTHONPATH=/home/aaronb/f23_robotics_homework2/build/turtlebot_controller/prefix_override:/home/aaronb/f23_robotics_homework2/install/turtlebot_controller/lib/python3.10/site-packages:${PYTHONPATH} /usr/bin/python3 setup.py egg_info --egg-base ../../build/turtlebot_controller build --build-base /home/aaronb/f23_robotics_homework2/build/turtlebot_controller/build install --record /home/aaronb/f23_robotics_homework2/build/turtlebot_controller/install.log --single-version-externally-managed
[4.075s] Level 1:colcon.colcon_core.environment:checking '/home/aaronb/f23_robotics_homework2/install/turtlebot_controller' for CMake module files
[4.076s] Level 1:colcon.colcon_core.environment:checking '/home/aaronb/f23_robotics_homework2/install/turtlebot_controller' for CMake config files
[4.076s] Level 1:colcon.colcon_core.environment:checking '/home/aaronb/f23_robotics_homework2/install/turtlebot_controller/lib'
[4.076s] Level 1:colcon.colcon_core.environment:checking '/home/aaronb/f23_robotics_homework2/install/turtlebot_controller/bin'
[4.076s] Level 1:colcon.colcon_core.environment:checking '/home/aaronb/f23_robotics_homework2/install/turtlebot_controller/lib/pkgconfig/turtlebot_controller.pc'
[4.077s] Level 1:colcon.colcon_core.environment:checking '/home/aaronb/f23_robotics_homework2/install/turtlebot_controller/lib/python3.10/site-packages'
[4.077s] Level 1:colcon.colcon_core.shell:create_environment_hook('turtlebot_controller', 'pythonpath')
[4.093s] INFO:colcon.colcon_core.shell:Creating environment hook '/home/aaronb/f23_robotics_homework2/install/turtlebot_controller/share/turtlebot_controller/hook/pythonpath.ps1'
[4.094s] INFO:colcon.colcon_core.shell:Creating environment descriptor '/home/aaronb/f23_robotics_homework2/install/turtlebot_controller/share/turtlebot_controller/hook/pythonpath.dsv'
[4.095s] INFO:colcon.colcon_core.shell:Creating environment hook '/home/aaronb/f23_robotics_homework2/install/turtlebot_controller/share/turtlebot_controller/hook/pythonpath.sh'
[4.095s] Level 1:colcon.colcon_core.environment:checking '/home/aaronb/f23_robotics_homework2/install/turtlebot_controller/bin'
[4.096s] Level 1:colcon.colcon_core.environment:create_environment_scripts_only(turtlebot_controller)
[4.113s] INFO:colcon.colcon_core.shell:Creating package script '/home/aaronb/f23_robotics_homework2/install/turtlebot_controller/share/turtlebot_controller/package.ps1'
[4.114s] INFO:colcon.colcon_core.shell:Creating package descriptor '/home/aaronb/f23_robotics_homework2/install/turtlebot_controller/share/turtlebot_controller/package.dsv'
[4.115s] INFO:colcon.colcon_core.shell:Creating package script '/home/aaronb/f23_robotics_homework2/install/turtlebot_controller/share/turtlebot_controller/package.sh'
[4.115s] INFO:colcon.colcon_core.shell:Creating package script '/home/aaronb/f23_robotics_homework2/install/turtlebot_controller/share/turtlebot_controller/package.bash'
[4.116s] INFO:colcon.colcon_core.shell:Creating package script '/home/aaronb/f23_robotics_homework2/install/turtlebot_controller/share/turtlebot_controller/package.zsh'
[4.116s] Level 1:colcon.colcon_core.environment:create_file_with_runtime_dependencies(/home/aaronb/f23_robotics_homework2/install/turtlebot_controller/share/colcon-core/packages/turtlebot_controller)
[4.121s] DEBUG:colcon.colcon_core.event_handler.log_command:Invoked command in '/home/aaronb/f23_robotics_homework2/src/webots_ros2_controller_python' returned '0': PYTHONPATH=/home/aaronb/f23_robotics_homework2/build/webots_ros2_homework2_python/prefix_override:/home/aaronb/f23_robotics_homework2/install/webots_ros2_homework2_python/lib/python3.10/site-packages:${PYTHONPATH} /usr/bin/python3 setup.py egg_info --egg-base ../../build/webots_ros2_homework2_python build --build-base /home/aaronb/f23_robotics_homework2/build/webots_ros2_homework2_python/build install --record /home/aaronb/f23_robotics_homework2/build/webots_ros2_homework2_python/install.log --single-version-externally-managed
[4.134s] Level 1:colcon.colcon_core.environment:checking '/home/aaronb/f23_robotics_homework2/install/webots_ros2_homework2_python' for CMake module files
[4.135s] Level 1:colcon.colcon_core.environment:checking '/home/aaronb/f23_robotics_homework2/install/webots_ros2_homework2_python' for CMake config files
[4.135s] Level 1:colcon.colcon_core.environment:checking '/home/aaronb/f23_robotics_homework2/install/webots_ros2_homework2_python/lib'
[4.136s] Level 1:colcon.colcon_core.environment:checking '/home/aaronb/f23_robotics_homework2/install/webots_ros2_homework2_python/bin'
[4.136s] Level 1:colcon.colcon_core.environment:checking '/home/aaronb/f23_robotics_homework2/install/webots_ros2_homework2_python/lib/pkgconfig/webots_ros2_homework2_python.pc'
[4.137s] Level 1:colcon.colcon_core.environment:checking '/home/aaronb/f23_robotics_homework2/install/webots_ros2_homework2_python/lib/python3.10/site-packages'
[4.137s] Level 1:colcon.colcon_core.shell:create_environment_hook('webots_ros2_homework2_python', 'pythonpath')
[4.158s] INFO:colcon.colcon_core.shell:Creating environment hook '/home/aaronb/f23_robotics_homework2/install/webots_ros2_homework2_python/share/webots_ros2_homework2_python/hook/pythonpath.ps1'
[4.159s] INFO:colcon.colcon_core.shell:Creating environment descriptor '/home/aaronb/f23_robotics_homework2/install/webots_ros2_homework2_python/share/webots_ros2_homework2_python/hook/pythonpath.dsv'
[4.160s] INFO:colcon.colcon_core.shell:Creating environment hook '/home/aaronb/f23_robotics_homework2/install/webots_ros2_homework2_python/share/webots_ros2_homework2_python/hook/pythonpath.sh'
[4.160s] Level 1:colcon.colcon_core.environment:checking '/home/aaronb/f23_robotics_homework2/install/webots_ros2_homework2_python/bin'
[4.161s] Level 1:colcon.colcon_core.environment:create_environment_scripts_only(webots_ros2_homework2_python)
[4.185s] INFO:colcon.colcon_core.shell:Creating package script '/home/aaronb/f23_robotics_homework2/install/webots_ros2_homework2_python/share/webots_ros2_homework2_python/package.ps1'
[4.186s] INFO:colcon.colcon_core.shell:Creating package descriptor '/home/aaronb/f23_robotics_homework2/install/webots_ros2_homework2_python/share/webots_ros2_homework2_python/package.dsv'
[4.187s] INFO:colcon.colcon_core.shell:Creating package script '/home/aaronb/f23_robotics_homework2/install/webots_ros2_homework2_python/share/webots_ros2_homework2_python/package.sh'
[4.188s] INFO:colcon.colcon_core.shell:Creating package script '/home/aaronb/f23_robotics_homework2/install/webots_ros2_homework2_python/share/webots_ros2_homework2_python/package.bash'
[4.189s] INFO:colcon.colcon_core.shell:Creating package script '/home/aaronb/f23_robotics_homework2/install/webots_ros2_homework2_python/share/webots_ros2_homework2_python/package.zsh'
[4.189s] Level 1:colcon.colcon_core.environment:create_file_with_runtime_dependencies(/home/aaronb/f23_robotics_homework2/install/webots_ros2_homework2_python/share/colcon-core/packages/webots_ros2_homework2_python)
[4.190s] DEBUG:colcon.colcon_parallel_executor.executor.parallel:closing loop
[4.192s] DEBUG:colcon.colcon_parallel_executor.executor.parallel:loop closed
[4.193s] DEBUG:colcon.colcon_parallel_executor.executor.parallel:run_until_complete finished with '0'
[4.193s] DEBUG:colcon.colcon_core.event_reactor:joining thread
[4.296s] INFO:colcon.colcon_core.plugin_system:Skipping extension 'colcon_notification.desktop_notification.notify_send': Could not find 'notify-send'
[4.296s] INFO:colcon.colcon_core.plugin_system:Skipping extension 'colcon_notification.desktop_notification.terminal_notifier': Not used on non-Darwin systems
[4.296s] INFO:colcon.colcon_core.plugin_system:Skipping extension 'colcon_notification.desktop_notification.win32': Not used on non-Windows systems
[4.296s] INFO:colcon.colcon_notification.desktop_notification:Sending desktop notification using 'notify2'
[4.296s] DEBUG:colcon.colcon_notification.desktop_notification.notify2:Failed to initialize notify2: org.freedesktop.DBus.Error.FileNotFound: Failed to connect to socket /run/user/1000/bus: No such file or directory
[4.296s] DEBUG:colcon.colcon_core.event_reactor:joined thread
[4.311s] INFO:colcon.colcon_core.shell:Creating prefix script '/home/aaronb/f23_robotics_homework2/install/local_setup.ps1'
[4.312s] INFO:colcon.colcon_core.shell:Creating prefix util module '/home/aaronb/f23_robotics_homework2/install/_local_setup_util_ps1.py'
[4.313s] INFO:colcon.colcon_core.shell:Creating prefix chain script '/home/aaronb/f23_robotics_homework2/install/setup.ps1'
[4.330s] INFO:colcon.colcon_core.shell:Creating prefix script '/home/aaronb/f23_robotics_homework2/install/local_setup.sh'
[4.331s] INFO:colcon.colcon_core.shell:Creating prefix util module '/home/aaronb/f23_robotics_homework2/install/_local_setup_util_sh.py'
[4.333s] INFO:colcon.colcon_core.shell:Creating prefix chain script '/home/aaronb/f23_robotics_homework2/install/setup.sh'
[4.353s] INFO:colcon.colcon_core.shell:Creating prefix script '/home/aaronb/f23_robotics_homework2/install/local_setup.bash'
[4.354s] INFO:colcon.colcon_core.shell:Creating prefix chain script '/home/aaronb/f23_robotics_homework2/install/setup.bash'
[4.375s] INFO:colcon.colcon_core.shell:Creating prefix script '/home/aaronb/f23_robotics_homework2/install/local_setup.zsh'
[4.377s] INFO:colcon.colcon_core.shell:Creating prefix chain script '/home/aaronb/f23_robotics_homework2/install/setup.zsh'
