[1.119s] DEBUG:colcon:Command line arguments: ['/usr/bin/colcon', 'build']
[1.119s] DEBUG:colcon:Parsed command line arguments: Namespace(log_base=None, log_level=None, verb_name='build', build_base='build', install_base='install', merge_install=False, symlink_install=False, test_result_base=None, continue_on_error=False, executor='parallel', parallel_workers=4, event_handlers=None, ignore_user_meta=False, metas=['./colcon.meta'], base_paths=['.'], packages_ignore=None, packages_ignore_regex=None, paths=None, packages_up_to=None, packages_up_to_regex=None, packages_above=None, packages_above_and_dependencies=None, packages_above_depth=None, packages_select_by_dep=None, packages_skip_by_dep=None, packages_skip_up_to=None, packages_select_build_failed=False, packages_skip_build_finished=False, packages_select_test_failures=False, packages_skip_test_passed=False, packages_select=None, packages_skip=None, packages_select_regex=None, packages_skip_regex=None, packages_start=None, packages_end=None, allow_overriding=[], cmake_args=None, cmake_target=None, cmake_target_skip_unavailable=False, cmake_clean_cache=False, cmake_clean_first=False, cmake_force_configure=False, ament_cmake_args=None, catkin_cmake_args=None, catkin_skip_building_tests=False, verb_parser=<colcon_defaults.argument_parser.defaults.DefaultArgumentsDecorator object at 0x7f2c5e4f3880>, verb_extension=<colcon_core.verb.build.BuildVerb object at 0x7f2c5e4f2ad0>, main=<bound method BuildVerb.main of <colcon_core.verb.build.BuildVerb object at 0x7f2c5e4f2ad0>>)
[1.179s] Level 1:colcon.colcon_core.package_discovery:discover_packages(colcon_meta) check parameters
[1.179s] Level 1:colcon.colcon_core.package_discovery:discover_packages(recursive) check parameters
[1.179s] Level 1:colcon.colcon_core.package_discovery:discover_packages(ignore) check parameters
[1.179s] Level 1:colcon.colcon_core.package_discovery:discover_packages(path) check parameters
[1.179s] Level 1:colcon.colcon_core.package_discovery:discover_packages(colcon_meta) discover
[1.179s] Level 1:colcon.colcon_core.package_discovery:discover_packages(recursive) discover
[1.180s] INFO:colcon.colcon_core.package_discovery:Crawling recursively for packages in '/home/aaronb/f23_robotics_homework2'
[1.180s] Level 1:colcon.colcon_core.package_identification:_identify(.) by extensions ['ignore', 'ignore_ament_install']
[1.180s] Level 1:colcon.colcon_core.package_identification:_identify(.) by extension 'ignore'
[1.180s] Level 1:colcon.colcon_core.package_identification:_identify(.) by extension 'ignore_ament_install'
[1.180s] Level 1:colcon.colcon_core.package_identification:_identify(.) by extensions ['colcon_pkg']
[1.180s] Level 1:colcon.colcon_core.package_identification:_identify(.) by extension 'colcon_pkg'
[1.180s] Level 1:colcon.colcon_core.package_identification:_identify(.) by extensions ['colcon_meta']
[1.180s] Level 1:colcon.colcon_core.package_identification:_identify(.) by extension 'colcon_meta'
[1.180s] Level 1:colcon.colcon_core.package_identification:_identify(.) by extensions ['ros']
[1.180s] Level 1:colcon.colcon_core.package_identification:_identify(.) by extension 'ros'
[1.195s] Level 1:colcon.colcon_core.package_identification:_identify(.) by extensions ['cmake', 'python']
[1.195s] Level 1:colcon.colcon_core.package_identification:_identify(.) by extension 'cmake'
[1.195s] Level 1:colcon.colcon_core.package_identification:_identify(.) by extension 'python'
[1.195s] Level 1:colcon.colcon_core.package_identification:_identify(.) by extensions ['python_setup_py']
[1.195s] Level 1:colcon.colcon_core.package_identification:_identify(.) by extension 'python_setup_py'
[1.195s] Level 1:colcon.colcon_core.package_identification:_identify(build) by extensions ['ignore', 'ignore_ament_install']
[1.195s] Level 1:colcon.colcon_core.package_identification:_identify(build) by extension 'ignore'
[1.195s] Level 1:colcon.colcon_core.package_identification:_identify(build) ignored
[1.196s] Level 1:colcon.colcon_core.package_identification:_identify(install) by extensions ['ignore', 'ignore_ament_install']
[1.196s] Level 1:colcon.colcon_core.package_identification:_identify(install) by extension 'ignore'
[1.196s] Level 1:colcon.colcon_core.package_identification:_identify(install) ignored
[1.196s] Level 1:colcon.colcon_core.package_identification:_identify(log) by extensions ['ignore', 'ignore_ament_install']
[1.197s] Level 1:colcon.colcon_core.package_identification:_identify(log) by extension 'ignore'
[1.197s] Level 1:colcon.colcon_core.package_identification:_identify(log) ignored
[1.197s] Level 1:colcon.colcon_core.package_identification:_identify(src) by extensions ['ignore', 'ignore_ament_install']
[1.197s] Level 1:colcon.colcon_core.package_identification:_identify(src) by extension 'ignore'
[1.197s] Level 1:colcon.colcon_core.package_identification:_identify(src) by extension 'ignore_ament_install'
[1.197s] Level 1:colcon.colcon_core.package_identification:_identify(src) by extensions ['colcon_pkg']
[1.197s] Level 1:colcon.colcon_core.package_identification:_identify(src) by extension 'colcon_pkg'
[1.197s] Level 1:colcon.colcon_core.package_identification:_identify(src) by extensions ['colcon_meta']
[1.198s] Level 1:colcon.colcon_core.package_identification:_identify(src) by extension 'colcon_meta'
[1.198s] Level 1:colcon.colcon_core.package_identification:_identify(src) by extensions ['ros']
[1.198s] Level 1:colcon.colcon_core.package_identification:_identify(src) by extension 'ros'
[1.198s] Level 1:colcon.colcon_core.package_identification:_identify(src) by extensions ['cmake', 'python']
[1.198s] Level 1:colcon.colcon_core.package_identification:_identify(src) by extension 'cmake'
[1.198s] Level 1:colcon.colcon_core.package_identification:_identify(src) by extension 'python'
[1.198s] Level 1:colcon.colcon_core.package_identification:_identify(src) by extensions ['python_setup_py']
[1.198s] Level 1:colcon.colcon_core.package_identification:_identify(src) by extension 'python_setup_py'
[1.198s] Level 1:colcon.colcon_core.package_identification:_identify(src/build) by extensions ['ignore', 'ignore_ament_install']
[1.199s] Level 1:colcon.colcon_core.package_identification:_identify(src/build) by extension 'ignore'
[1.199s] Level 1:colcon.colcon_core.package_identification:_identify(src/build) ignored
[1.199s] Level 1:colcon.colcon_core.package_identification:_identify(src/install) by extensions ['ignore', 'ignore_ament_install']
[1.199s] Level 1:colcon.colcon_core.package_identification:_identify(src/install) by extension 'ignore'
[1.199s] Level 1:colcon.colcon_core.package_identification:_identify(src/install) ignored
[1.199s] Level 1:colcon.colcon_core.package_identification:_identify(src/log) by extensions ['ignore', 'ignore_ament_install']
[1.200s] Level 1:colcon.colcon_core.package_identification:_identify(src/log) by extension 'ignore'
[1.200s] Level 1:colcon.colcon_core.package_identification:_identify(src/log) ignored
[1.200s] Level 1:colcon.colcon_core.package_identification:_identify(src/turtlebot_controller) by extensions ['ignore', 'ignore_ament_install']
[1.200s] Level 1:colcon.colcon_core.package_identification:_identify(src/turtlebot_controller) by extension 'ignore'
[1.200s] Level 1:colcon.colcon_core.package_identification:_identify(src/turtlebot_controller) by extension 'ignore_ament_install'
[1.200s] Level 1:colcon.colcon_core.package_identification:_identify(src/turtlebot_controller) by extensions ['colcon_pkg']
[1.200s] Level 1:colcon.colcon_core.package_identification:_identify(src/turtlebot_controller) by extension 'colcon_pkg'
[1.200s] Level 1:colcon.colcon_core.package_identification:_identify(src/turtlebot_controller) by extensions ['colcon_meta']
[1.201s] Level 1:colcon.colcon_core.package_identification:_identify(src/turtlebot_controller) by extension 'colcon_meta'
[1.201s] Level 1:colcon.colcon_core.package_identification:_identify(src/turtlebot_controller) by extensions ['ros']
[1.201s] Level 1:colcon.colcon_core.package_identification:_identify(src/turtlebot_controller) by extension 'ros'
[1.204s] DEBUG:colcon.colcon_core.package_identification:Package 'src/turtlebot_controller' with type 'ros.ament_python' and name 'turtlebot_controller'
[1.205s] Level 1:colcon.colcon_core.package_identification:_identify(src/webots_ros2_controller_python) by extensions ['ignore', 'ignore_ament_install']
[1.205s] Level 1:colcon.colcon_core.package_identification:_identify(src/webots_ros2_controller_python) by extension 'ignore'
[1.205s] Level 1:colcon.colcon_core.package_identification:_identify(src/webots_ros2_controller_python) by extension 'ignore_ament_install'
[1.205s] Level 1:colcon.colcon_core.package_identification:_identify(src/webots_ros2_controller_python) by extensions ['colcon_pkg']
[1.205s] Level 1:colcon.colcon_core.package_identification:_identify(src/webots_ros2_controller_python) by extension 'colcon_pkg'
[1.205s] Level 1:colcon.colcon_core.package_identification:_identify(src/webots_ros2_controller_python) by extensions ['colcon_meta']
[1.205s] Level 1:colcon.colcon_core.package_identification:_identify(src/webots_ros2_controller_python) by extension 'colcon_meta'
[1.205s] Level 1:colcon.colcon_core.package_identification:_identify(src/webots_ros2_controller_python) by extensions ['ros']
[1.205s] Level 1:colcon.colcon_core.package_identification:_identify(src/webots_ros2_controller_python) by extension 'ros'
[1.206s] DEBUG:colcon.colcon_core.package_identification:Package 'src/webots_ros2_controller_python' with type 'ros.ament_python' and name 'webots_ros2_homework2_python'
[1.206s] Level 1:colcon.colcon_core.package_identification:_identify(src/webots_ros2_sim_python) by extensions ['ignore', 'ignore_ament_install']
[1.206s] Level 1:colcon.colcon_core.package_identification:_identify(src/webots_ros2_sim_python) by extension 'ignore'
[1.206s] Level 1:colcon.colcon_core.package_identification:_identify(src/webots_ros2_sim_python) by extension 'ignore_ament_install'
[1.206s] Level 1:colcon.colcon_core.package_identification:_identify(src/webots_ros2_sim_python) by extensions ['colcon_pkg']
[1.206s] Level 1:colcon.colcon_core.package_identification:_identify(src/webots_ros2_sim_python) by extension 'colcon_pkg'
[1.206s] Level 1:colcon.colcon_core.package_identification:_identify(src/webots_ros2_sim_python) by extensions ['colcon_meta']
[1.206s] Level 1:colcon.colcon_core.package_identification:_identify(src/webots_ros2_sim_python) by extension 'colcon_meta'
[1.206s] Level 1:colcon.colcon_core.package_identification:_identify(src/webots_ros2_sim_python) by extensions ['ros']
[1.206s] Level 1:colcon.colcon_core.package_identification:_identify(src/webots_ros2_sim_python) by extension 'ros'
[1.207s] DEBUG:colcon.colcon_core.package_identification:Package 'src/webots_ros2_sim_python' with type 'ros.ament_python' and name 'webots_ros2_homework1_python'
[1.207s] Level 1:colcon.colcon_core.package_discovery:discover_packages(recursive) using defaults
[1.207s] Level 1:colcon.colcon_core.package_discovery:discover_packages(ignore) discover
[1.207s] Level 1:colcon.colcon_core.package_discovery:discover_packages(ignore) using defaults
[1.207s] Level 1:colcon.colcon_core.package_discovery:discover_packages(path) discover
[1.207s] Level 1:colcon.colcon_core.package_discovery:discover_packages(path) using defaults
[1.316s] Level 1:colcon.colcon_core.package_discovery:discover_packages(prefix_path) check parameters
[1.316s] Level 1:colcon.colcon_core.package_discovery:discover_packages(prefix_path) discover
[1.355s] DEBUG:colcon.colcon_installed_package_information.package_discovery:Found 3 installed packages in /home/aaronb/f23_robotics_homework2/install
[1.373s] DEBUG:colcon.colcon_installed_package_information.package_discovery:Found 302 installed packages in /opt/ros/humble
[1.375s] Level 1:colcon.colcon_core.package_discovery:discover_packages(prefix_path) using defaults
[1.528s] Level 5:colcon.colcon_core.verb:set package 'turtlebot_controller' build argument 'cmake_args' from command line to 'None'
[1.528s] Level 5:colcon.colcon_core.verb:set package 'turtlebot_controller' build argument 'cmake_target' from command line to 'None'
[1.528s] Level 5:colcon.colcon_core.verb:set package 'turtlebot_controller' build argument 'cmake_target_skip_unavailable' from command line to 'False'
[1.528s] Level 5:colcon.colcon_core.verb:set package 'turtlebot_controller' build argument 'cmake_clean_cache' from command line to 'False'
[1.528s] Level 5:colcon.colcon_core.verb:set package 'turtlebot_controller' build argument 'cmake_clean_first' from command line to 'False'
[1.528s] Level 5:colcon.colcon_core.verb:set package 'turtlebot_controller' build argument 'cmake_force_configure' from command line to 'False'
[1.528s] Level 5:colcon.colcon_core.verb:set package 'turtlebot_controller' build argument 'ament_cmake_args' from command line to 'None'
[1.528s] Level 5:colcon.colcon_core.verb:set package 'turtlebot_controller' build argument 'catkin_cmake_args' from command line to 'None'
[1.528s] Level 5:colcon.colcon_core.verb:set package 'turtlebot_controller' build argument 'catkin_skip_building_tests' from command line to 'False'
[1.528s] DEBUG:colcon.colcon_core.verb:Building package 'turtlebot_controller' with the following arguments: {'ament_cmake_args': None, 'build_base': '/home/aaronb/f23_robotics_homework2/build/turtlebot_controller', 'catkin_cmake_args': None, 'catkin_skip_building_tests': False, 'cmake_args': None, 'cmake_clean_cache': False, 'cmake_clean_first': False, 'cmake_force_configure': False, 'cmake_target': None, 'cmake_target_skip_unavailable': False, 'install_base': '/home/aaronb/f23_robotics_homework2/install/turtlebot_controller', 'merge_install': False, 'path': '/home/aaronb/f23_robotics_homework2/src/turtlebot_controller', 'symlink_install': False, 'test_result_base': None}
[1.546s] Level 5:colcon.colcon_core.verb:set package 'webots_ros2_homework1_python' build argument 'cmake_args' from command line to 'None'
[1.546s] Level 5:colcon.colcon_core.verb:set package 'webots_ros2_homework1_python' build argument 'cmake_target' from command line to 'None'
[1.546s] Level 5:colcon.colcon_core.verb:set package 'webots_ros2_homework1_python' build argument 'cmake_target_skip_unavailable' from command line to 'False'
[1.546s] Level 5:colcon.colcon_core.verb:set package 'webots_ros2_homework1_python' build argument 'cmake_clean_cache' from command line to 'False'
[1.546s] Level 5:colcon.colcon_core.verb:set package 'webots_ros2_homework1_python' build argument 'cmake_clean_first' from command line to 'False'
[1.546s] Level 5:colcon.colcon_core.verb:set package 'webots_ros2_homework1_python' build argument 'cmake_force_configure' from command line to 'False'
[1.546s] Level 5:colcon.colcon_core.verb:set package 'webots_ros2_homework1_python' build argument 'ament_cmake_args' from command line to 'None'
[1.546s] Level 5:colcon.colcon_core.verb:set package 'webots_ros2_homework1_python' build argument 'catkin_cmake_args' from command line to 'None'
[1.546s] Level 5:colcon.colcon_core.verb:set package 'webots_ros2_homework1_python' build argument 'catkin_skip_building_tests' from command line to 'False'
[1.546s] DEBUG:colcon.colcon_core.verb:Building package 'webots_ros2_homework1_python' with the following arguments: {'ament_cmake_args': None, 'build_base': '/home/aaronb/f23_robotics_homework2/build/webots_ros2_homework1_python', 'catkin_cmake_args': None, 'catkin_skip_building_tests': False, 'cmake_args': None, 'cmake_clean_cache': False, 'cmake_clean_first': False, 'cmake_force_configure': False, 'cmake_target': None, 'cmake_target_skip_unavailable': False, 'install_base': '/home/aaronb/f23_robotics_homework2/install/webots_ros2_homework1_python', 'merge_install': False, 'path': '/home/aaronb/f23_robotics_homework2/src/webots_ros2_sim_python', 'symlink_install': False, 'test_result_base': None}
[1.563s] Level 5:colcon.colcon_core.verb:set package 'webots_ros2_homework2_python' build argument 'cmake_args' from command line to 'None'
[1.564s] Level 5:colcon.colcon_core.verb:set package 'webots_ros2_homework2_python' build argument 'cmake_target' from command line to 'None'
[1.564s] Level 5:colcon.colcon_core.verb:set package 'webots_ros2_homework2_python' build argument 'cmake_target_skip_unavailable' from command line to 'False'
[1.564s] Level 5:colcon.colcon_core.verb:set package 'webots_ros2_homework2_python' build argument 'cmake_clean_cache' from command line to 'False'
[1.564s] Level 5:colcon.colcon_core.verb:set package 'webots_ros2_homework2_python' build argument 'cmake_clean_first' from command line to 'False'
[1.564s] Level 5:colcon.colcon_core.verb:set package 'webots_ros2_homework2_python' build argument 'cmake_force_configure' from command line to 'False'
[1.564s] Level 5:colcon.colcon_core.verb:set package 'webots_ros2_homework2_python' build argument 'ament_cmake_args' from command line to 'None'
[1.564s] Level 5:colcon.colcon_core.verb:set package 'webots_ros2_homework2_python' build argument 'catkin_cmake_args' from command line to 'None'
[1.564s] Level 5:colcon.colcon_core.verb:set package 'webots_ros2_homework2_python' build argument 'catkin_skip_building_tests' from command line to 'False'
[1.564s] DEBUG:colcon.colcon_core.verb:Building package 'webots_ros2_homework2_python' with the following arguments: {'ament_cmake_args': None, 'build_base': '/home/aaronb/f23_robotics_homework2/build/webots_ros2_homework2_python', 'catkin_cmake_args': None, 'catkin_skip_building_tests': False, 'cmake_args': None, 'cmake_clean_cache': False, 'cmake_clean_first': False, 'cmake_force_configure': False, 'cmake_target': None, 'cmake_target_skip_unavailable': False, 'install_base': '/home/aaronb/f23_robotics_homework2/install/webots_ros2_homework2_python', 'merge_install': False, 'path': '/home/aaronb/f23_robotics_homework2/src/webots_ros2_controller_python', 'symlink_install': False, 'test_result_base': None}
[1.580s] INFO:colcon.colcon_core.executor:Executing jobs using 'parallel' executor
[1.597s] DEBUG:colcon.colcon_parallel_executor.executor.parallel:run_until_complete
[1.598s] INFO:colcon.colcon_ros.task.ament_python.build:Building ROS package in '/home/aaronb/f23_robotics_homework2/src/turtlebot_controller' with build type 'ament_python'
[1.599s] Level 1:colcon.colcon_core.shell:create_environment_hook('turtlebot_controller', 'ament_prefix_path')
[1.618s] INFO:colcon.colcon_core.plugin_system:Skipping extension 'colcon_core.shell.bat': Not used on non-Windows systems
[1.618s] INFO:colcon.colcon_core.shell:Creating environment hook '/home/aaronb/f23_robotics_homework2/install/turtlebot_controller/share/turtlebot_controller/hook/ament_prefix_path.ps1'
[1.619s] INFO:colcon.colcon_core.shell:Creating environment descriptor '/home/aaronb/f23_robotics_homework2/install/turtlebot_controller/share/turtlebot_controller/hook/ament_prefix_path.dsv'
[1.619s] INFO:colcon.colcon_core.shell:Creating environment hook '/home/aaronb/f23_robotics_homework2/install/turtlebot_controller/share/turtlebot_controller/hook/ament_prefix_path.sh'
[1.640s] INFO:colcon.colcon_core.shell:Skip shell extension 'powershell' for command environment: Not usable outside of PowerShell
[1.640s] DEBUG:colcon.colcon_core.shell:Skip shell extension 'dsv' for command environment
[1.695s] INFO:colcon.colcon_ros.task.ament_python.build:Building ROS package in '/home/aaronb/f23_robotics_homework2/src/webots_ros2_sim_python' with build type 'ament_python'
[1.695s] Level 1:colcon.colcon_core.shell:create_environment_hook('webots_ros2_homework1_python', 'ament_prefix_path')
[1.721s] INFO:colcon.colcon_core.shell:Creating environment hook '/home/aaronb/f23_robotics_homework2/install/webots_ros2_homework1_python/share/webots_ros2_homework1_python/hook/ament_prefix_path.ps1'
[1.722s] INFO:colcon.colcon_core.shell:Creating environment descriptor '/home/aaronb/f23_robotics_homework2/install/webots_ros2_homework1_python/share/webots_ros2_homework1_python/hook/ament_prefix_path.dsv'
[1.723s] INFO:colcon.colcon_core.shell:Creating environment hook '/home/aaronb/f23_robotics_homework2/install/webots_ros2_homework1_python/share/webots_ros2_homework1_python/hook/ament_prefix_path.sh'
[1.749s] INFO:colcon.colcon_core.shell:Skip shell extension 'powershell' for command environment: Not usable outside of PowerShell
[1.749s] DEBUG:colcon.colcon_core.shell:Skip shell extension 'dsv' for command environment
[1.820s] INFO:colcon.colcon_ros.task.ament_python.build:Building ROS package in '/home/aaronb/f23_robotics_homework2/src/webots_ros2_controller_python' with build type 'ament_python'
[1.821s] Level 1:colcon.colcon_core.shell:create_environment_hook('webots_ros2_homework2_python', 'ament_prefix_path')
[1.840s] INFO:colcon.colcon_core.shell:Creating environment hook '/home/aaronb/f23_robotics_homework2/install/webots_ros2_homework2_python/share/webots_ros2_homework2_python/hook/ament_prefix_path.ps1'
[1.841s] INFO:colcon.colcon_core.shell:Creating environment descriptor '/home/aaronb/f23_robotics_homework2/install/webots_ros2_homework2_python/share/webots_ros2_homework2_python/hook/ament_prefix_path.dsv'
[1.842s] INFO:colcon.colcon_core.shell:Creating environment hook '/home/aaronb/f23_robotics_homework2/install/webots_ros2_homework2_python/share/webots_ros2_homework2_python/hook/ament_prefix_path.sh'
[1.862s] INFO:colcon.colcon_core.shell:Skip shell extension 'powershell' for command environment: Not usable outside of PowerShell
[1.863s] DEBUG:colcon.colcon_core.shell:Skip shell extension 'dsv' for command environment
[2.233s] INFO:colcon.colcon_core.task.python.build:Building Python package in '/home/aaronb/f23_robotics_homework2/src/turtlebot_controller'
[2.248s] INFO:colcon.colcon_core.shell:Skip shell extension 'powershell' for command environment: Not usable outside of PowerShell
[2.248s] DEBUG:colcon.colcon_core.shell:Skip shell extension 'dsv' for command environment
[2.616s] INFO:colcon.colcon_core.task.python.build:Building Python package in '/home/aaronb/f23_robotics_homework2/src/webots_ros2_sim_python'
[2.633s] INFO:colcon.colcon_core.shell:Skip shell extension 'powershell' for command environment: Not usable outside of PowerShell
[2.633s] DEBUG:colcon.colcon_core.shell:Skip shell extension 'dsv' for command environment
[2.989s] INFO:colcon.colcon_core.task.python.build:Building Python package in '/home/aaronb/f23_robotics_homework2/src/webots_ros2_controller_python'
[3.004s] INFO:colcon.colcon_core.shell:Skip shell extension 'powershell' for command environment: Not usable outside of PowerShell
[3.004s] DEBUG:colcon.colcon_core.shell:Skip shell extension 'dsv' for command environment
[3.795s] DEBUG:colcon.colcon_core.event_handler.log_command:Invoking command in '/home/aaronb/f23_robotics_homework2/src/turtlebot_controller': PYTHONPATH=/home/aaronb/f23_robotics_homework2/build/turtlebot_controller/prefix_override:/home/aaronb/f23_robotics_homework2/install/turtlebot_controller/lib/python3.10/site-packages:${PYTHONPATH} /usr/bin/python3 setup.py egg_info --egg-base ../../build/turtlebot_controller build --build-base /home/aaronb/f23_robotics_homework2/build/turtlebot_controller/build install --record /home/aaronb/f23_robotics_homework2/build/turtlebot_controller/install.log --single-version-externally-managed
[3.800s] DEBUG:colcon.colcon_core.event_handler.log_command:Invoking command in '/home/aaronb/f23_robotics_homework2/src/webots_ros2_controller_python': PYTHONPATH=/home/aaronb/f23_robotics_homework2/build/webots_ros2_homework2_python/prefix_override:/home/aaronb/f23_robotics_homework2/install/webots_ros2_homework2_python/lib/python3.10/site-packages:${PYTHONPATH} /usr/bin/python3 setup.py egg_info --egg-base ../../build/webots_ros2_homework2_python build --build-base /home/aaronb/f23_robotics_homework2/build/webots_ros2_homework2_python/build install --record /home/aaronb/f23_robotics_homework2/build/webots_ros2_homework2_python/install.log --single-version-externally-managed
[3.867s] DEBUG:colcon.colcon_core.event_handler.log_command:Invoking command in '/home/aaronb/f23_robotics_homework2/src/webots_ros2_sim_python': PYTHONPATH=/home/aaronb/f23_robotics_homework2/build/webots_ros2_homework1_python/prefix_override:/home/aaronb/f23_robotics_homework2/install/webots_ros2_homework1_python/lib/python3.10/site-packages:${PYTHONPATH} /usr/bin/python3 setup.py egg_info --egg-base ../../build/webots_ros2_homework1_python build --build-base /home/aaronb/f23_robotics_homework2/build/webots_ros2_homework1_python/build install --record /home/aaronb/f23_robotics_homework2/build/webots_ros2_homework1_python/install.log --single-version-externally-managed
[4.522s] DEBUG:colcon.colcon_core.event_handler.log_command:Invoked command in '/home/aaronb/f23_robotics_homework2/src/webots_ros2_controller_python' returned '0': PYTHONPATH=/home/aaronb/f23_robotics_homework2/build/webots_ros2_homework2_python/prefix_override:/home/aaronb/f23_robotics_homework2/install/webots_ros2_homework2_python/lib/python3.10/site-packages:${PYTHONPATH} /usr/bin/python3 setup.py egg_info --egg-base ../../build/webots_ros2_homework2_python build --build-base /home/aaronb/f23_robotics_homework2/build/webots_ros2_homework2_python/build install --record /home/aaronb/f23_robotics_homework2/build/webots_ros2_homework2_python/install.log --single-version-externally-managed
[4.564s] Level 1:colcon.colcon_core.environment:checking '/home/aaronb/f23_robotics_homework2/install/webots_ros2_homework2_python' for CMake module files
[4.565s] Level 1:colcon.colcon_core.environment:checking '/home/aaronb/f23_robotics_homework2/install/webots_ros2_homework2_python' for CMake config files
[4.567s] Level 1:colcon.colcon_core.environment:checking '/home/aaronb/f23_robotics_homework2/install/webots_ros2_homework2_python/lib'
[4.567s] Level 1:colcon.colcon_core.environment:checking '/home/aaronb/f23_robotics_homework2/install/webots_ros2_homework2_python/bin'
[4.568s] Level 1:colcon.colcon_core.environment:checking '/home/aaronb/f23_robotics_homework2/install/webots_ros2_homework2_python/lib/pkgconfig/webots_ros2_homework2_python.pc'
[4.568s] Level 1:colcon.colcon_core.environment:checking '/home/aaronb/f23_robotics_homework2/install/webots_ros2_homework2_python/lib/python3.10/site-packages'
[4.569s] Level 1:colcon.colcon_core.shell:create_environment_hook('webots_ros2_homework2_python', 'pythonpath')
[4.595s] INFO:colcon.colcon_core.shell:Creating environment hook '/home/aaronb/f23_robotics_homework2/install/webots_ros2_homework2_python/share/webots_ros2_homework2_python/hook/pythonpath.ps1'
[4.596s] INFO:colcon.colcon_core.shell:Creating environment descriptor '/home/aaronb/f23_robotics_homework2/install/webots_ros2_homework2_python/share/webots_ros2_homework2_python/hook/pythonpath.dsv'
[4.596s] INFO:colcon.colcon_core.shell:Creating environment hook '/home/aaronb/f23_robotics_homework2/install/webots_ros2_homework2_python/share/webots_ros2_homework2_python/hook/pythonpath.sh'
[4.597s] Level 1:colcon.colcon_core.environment:checking '/home/aaronb/f23_robotics_homework2/install/webots_ros2_homework2_python/bin'
[4.597s] Level 1:colcon.colcon_core.environment:create_environment_scripts_only(webots_ros2_homework2_python)
[4.616s] INFO:colcon.colcon_core.shell:Creating package script '/home/aaronb/f23_robotics_homework2/install/webots_ros2_homework2_python/share/webots_ros2_homework2_python/package.ps1'
[4.617s] INFO:colcon.colcon_core.shell:Creating package descriptor '/home/aaronb/f23_robotics_homework2/install/webots_ros2_homework2_python/share/webots_ros2_homework2_python/package.dsv'
[4.618s] INFO:colcon.colcon_core.shell:Creating package script '/home/aaronb/f23_robotics_homework2/install/webots_ros2_homework2_python/share/webots_ros2_homework2_python/package.sh'
[4.619s] INFO:colcon.colcon_core.shell:Creating package script '/home/aaronb/f23_robotics_homework2/install/webots_ros2_homework2_python/share/webots_ros2_homework2_python/package.bash'
[4.621s] INFO:colcon.colcon_core.shell:Creating package script '/home/aaronb/f23_robotics_homework2/install/webots_ros2_homework2_python/share/webots_ros2_homework2_python/package.zsh'
[4.622s] Level 1:colcon.colcon_core.environment:create_file_with_runtime_dependencies(/home/aaronb/f23_robotics_homework2/install/webots_ros2_homework2_python/share/colcon-core/packages/webots_ros2_homework2_python)
[4.630s] DEBUG:colcon.colcon_core.event_handler.log_command:Invoked command in '/home/aaronb/f23_robotics_homework2/src/turtlebot_controller' returned '0': PYTHONPATH=/home/aaronb/f23_robotics_homework2/build/turtlebot_controller/prefix_override:/home/aaronb/f23_robotics_homework2/install/turtlebot_controller/lib/python3.10/site-packages:${PYTHONPATH} /usr/bin/python3 setup.py egg_info --egg-base ../../build/turtlebot_controller build --build-base /home/aaronb/f23_robotics_homework2/build/turtlebot_controller/build install --record /home/aaronb/f23_robotics_homework2/build/turtlebot_controller/install.log --single-version-externally-managed
[4.649s] Level 1:colcon.colcon_core.environment:checking '/home/aaronb/f23_robotics_homework2/install/turtlebot_controller' for CMake module files
[4.650s] Level 1:colcon.colcon_core.environment:checking '/home/aaronb/f23_robotics_homework2/install/turtlebot_controller' for CMake config files
[4.651s] Level 1:colcon.colcon_core.environment:checking '/home/aaronb/f23_robotics_homework2/install/turtlebot_controller/lib'
[4.651s] Level 1:colcon.colcon_core.environment:checking '/home/aaronb/f23_robotics_homework2/install/turtlebot_controller/bin'
[4.651s] Level 1:colcon.colcon_core.environment:checking '/home/aaronb/f23_robotics_homework2/install/turtlebot_controller/lib/pkgconfig/turtlebot_controller.pc'
[4.652s] Level 1:colcon.colcon_core.environment:checking '/home/aaronb/f23_robotics_homework2/install/turtlebot_controller/lib/python3.10/site-packages'
[4.652s] Level 1:colcon.colcon_core.shell:create_environment_hook('turtlebot_controller', 'pythonpath')
[4.672s] INFO:colcon.colcon_core.shell:Creating environment hook '/home/aaronb/f23_robotics_homework2/install/turtlebot_controller/share/turtlebot_controller/hook/pythonpath.ps1'
[4.673s] INFO:colcon.colcon_core.shell:Creating environment descriptor '/home/aaronb/f23_robotics_homework2/install/turtlebot_controller/share/turtlebot_controller/hook/pythonpath.dsv'
[4.673s] INFO:colcon.colcon_core.shell:Creating environment hook '/home/aaronb/f23_robotics_homework2/install/turtlebot_controller/share/turtlebot_controller/hook/pythonpath.sh'
[4.674s] Level 1:colcon.colcon_core.environment:checking '/home/aaronb/f23_robotics_homework2/install/turtlebot_controller/bin'
[4.675s] Level 1:colcon.colcon_core.environment:create_environment_scripts_only(turtlebot_controller)
[4.694s] INFO:colcon.colcon_core.shell:Creating package script '/home/aaronb/f23_robotics_homework2/install/turtlebot_controller/share/turtlebot_controller/package.ps1'
[4.694s] INFO:colcon.colcon_core.shell:Creating package descriptor '/home/aaronb/f23_robotics_homework2/install/turtlebot_controller/share/turtlebot_controller/package.dsv'
[4.695s] INFO:colcon.colcon_core.shell:Creating package script '/home/aaronb/f23_robotics_homework2/install/turtlebot_controller/share/turtlebot_controller/package.sh'
[4.696s] INFO:colcon.colcon_core.shell:Creating package script '/home/aaronb/f23_robotics_homework2/install/turtlebot_controller/share/turtlebot_controller/package.bash'
[4.696s] INFO:colcon.colcon_core.shell:Creating package script '/home/aaronb/f23_robotics_homework2/install/turtlebot_controller/share/turtlebot_controller/package.zsh'
[4.697s] Level 1:colcon.colcon_core.environment:create_file_with_runtime_dependencies(/home/aaronb/f23_robotics_homework2/install/turtlebot_controller/share/colcon-core/packages/turtlebot_controller)
[4.702s] DEBUG:colcon.colcon_core.event_handler.log_command:Invoked command in '/home/aaronb/f23_robotics_homework2/src/webots_ros2_sim_python' returned '0': PYTHONPATH=/home/aaronb/f23_robotics_homework2/build/webots_ros2_homework1_python/prefix_override:/home/aaronb/f23_robotics_homework2/install/webots_ros2_homework1_python/lib/python3.10/site-packages:${PYTHONPATH} /usr/bin/python3 setup.py egg_info --egg-base ../../build/webots_ros2_homework1_python build --build-base /home/aaronb/f23_robotics_homework2/build/webots_ros2_homework1_python/build install --record /home/aaronb/f23_robotics_homework2/build/webots_ros2_homework1_python/install.log --single-version-externally-managed
[4.723s] Level 1:colcon.colcon_core.environment:checking '/home/aaronb/f23_robotics_homework2/install/webots_ros2_homework1_python' for CMake module files
[4.723s] Level 1:colcon.colcon_core.environment:checking '/home/aaronb/f23_robotics_homework2/install/webots_ros2_homework1_python' for CMake config files
[4.724s] Level 1:colcon.colcon_core.environment:checking '/home/aaronb/f23_robotics_homework2/install/webots_ros2_homework1_python/lib'
[4.725s] Level 1:colcon.colcon_core.environment:checking '/home/aaronb/f23_robotics_homework2/install/webots_ros2_homework1_python/bin'
[4.725s] Level 1:colcon.colcon_core.environment:checking '/home/aaronb/f23_robotics_homework2/install/webots_ros2_homework1_python/lib/pkgconfig/webots_ros2_homework1_python.pc'
[4.725s] Level 1:colcon.colcon_core.environment:checking '/home/aaronb/f23_robotics_homework2/install/webots_ros2_homework1_python/lib/python3.10/site-packages'
[4.726s] Level 1:colcon.colcon_core.shell:create_environment_hook('webots_ros2_homework1_python', 'pythonpath')
[4.747s] INFO:colcon.colcon_core.shell:Creating environment hook '/home/aaronb/f23_robotics_homework2/install/webots_ros2_homework1_python/share/webots_ros2_homework1_python/hook/pythonpath.ps1'
[4.748s] INFO:colcon.colcon_core.shell:Creating environment descriptor '/home/aaronb/f23_robotics_homework2/install/webots_ros2_homework1_python/share/webots_ros2_homework1_python/hook/pythonpath.dsv'
[4.748s] INFO:colcon.colcon_core.shell:Creating environment hook '/home/aaronb/f23_robotics_homework2/install/webots_ros2_homework1_python/share/webots_ros2_homework1_python/hook/pythonpath.sh'
[4.749s] Level 1:colcon.colcon_core.environment:checking '/home/aaronb/f23_robotics_homework2/install/webots_ros2_homework1_python/bin'
[4.750s] Level 1:colcon.colcon_core.environment:create_environment_scripts_only(webots_ros2_homework1_python)
[4.774s] INFO:colcon.colcon_core.shell:Creating package script '/home/aaronb/f23_robotics_homework2/install/webots_ros2_homework1_python/share/webots_ros2_homework1_python/package.ps1'
[4.775s] INFO:colcon.colcon_core.shell:Creating package descriptor '/home/aaronb/f23_robotics_homework2/install/webots_ros2_homework1_python/share/webots_ros2_homework1_python/package.dsv'
[4.776s] INFO:colcon.colcon_core.shell:Creating package script '/home/aaronb/f23_robotics_homework2/install/webots_ros2_homework1_python/share/webots_ros2_homework1_python/package.sh'
[4.777s] INFO:colcon.colcon_core.shell:Creating package script '/home/aaronb/f23_robotics_homework2/install/webots_ros2_homework1_python/share/webots_ros2_homework1_python/package.bash'
[4.778s] INFO:colcon.colcon_core.shell:Creating package script '/home/aaronb/f23_robotics_homework2/install/webots_ros2_homework1_python/share/webots_ros2_homework1_python/package.zsh'
[4.778s] Level 1:colcon.colcon_core.environment:create_file_with_runtime_dependencies(/home/aaronb/f23_robotics_homework2/install/webots_ros2_homework1_python/share/colcon-core/packages/webots_ros2_homework1_python)
[4.779s] DEBUG:colcon.colcon_parallel_executor.executor.parallel:closing loop
[4.779s] DEBUG:colcon.colcon_parallel_executor.executor.parallel:loop closed
[4.779s] DEBUG:colcon.colcon_parallel_executor.executor.parallel:run_until_complete finished with '0'
[4.780s] DEBUG:colcon.colcon_core.event_reactor:joining thread
[4.912s] INFO:colcon.colcon_core.plugin_system:Skipping extension 'colcon_notification.desktop_notification.notify_send': Could not find 'notify-send'
[4.912s] INFO:colcon.colcon_core.plugin_system:Skipping extension 'colcon_notification.desktop_notification.terminal_notifier': Not used on non-Darwin systems
[4.912s] INFO:colcon.colcon_core.plugin_system:Skipping extension 'colcon_notification.desktop_notification.win32': Not used on non-Windows systems
[4.912s] INFO:colcon.colcon_notification.desktop_notification:Sending desktop notification using 'notify2'
[4.913s] DEBUG:colcon.colcon_notification.desktop_notification.notify2:Failed to initialize notify2: org.freedesktop.DBus.Error.FileNotFound: Failed to connect to socket /run/user/1000/bus: No such file or directory
[4.913s] DEBUG:colcon.colcon_core.event_reactor:joined thread
[4.946s] INFO:colcon.colcon_core.shell:Creating prefix script '/home/aaronb/f23_robotics_homework2/install/local_setup.ps1'
[4.949s] INFO:colcon.colcon_core.shell:Creating prefix util module '/home/aaronb/f23_robotics_homework2/install/_local_setup_util_ps1.py'
[4.951s] INFO:colcon.colcon_core.shell:Creating prefix chain script '/home/aaronb/f23_robotics_homework2/install/setup.ps1'
[4.996s] INFO:colcon.colcon_core.shell:Creating prefix script '/home/aaronb/f23_robotics_homework2/install/local_setup.sh'
[4.997s] INFO:colcon.colcon_core.shell:Creating prefix util module '/home/aaronb/f23_robotics_homework2/install/_local_setup_util_sh.py'
[5.000s] INFO:colcon.colcon_core.shell:Creating prefix chain script '/home/aaronb/f23_robotics_homework2/install/setup.sh'
[5.026s] INFO:colcon.colcon_core.shell:Creating prefix script '/home/aaronb/f23_robotics_homework2/install/local_setup.bash'
[5.027s] INFO:colcon.colcon_core.shell:Creating prefix chain script '/home/aaronb/f23_robotics_homework2/install/setup.bash'
[5.061s] INFO:colcon.colcon_core.shell:Creating prefix script '/home/aaronb/f23_robotics_homework2/install/local_setup.zsh'
[5.062s] INFO:colcon.colcon_core.shell:Creating prefix chain script '/home/aaronb/f23_robotics_homework2/install/setup.zsh'
