[2.572s] Invoking command in '/home/aaronb/f23_robotics_homework2/src/webots_ros2_sim_python': PYTHONPATH=/home/aaronb/f23_robotics_homework2/build/webots_ros2_homework1_python/prefix_override:/home/aaronb/f23_robotics_homework2/install/webots_ros2_homework1_python/lib/python3.10/site-packages:${PYTHONPATH} /usr/bin/python3 setup.py egg_info --egg-base ../../build/webots_ros2_homework1_python build --build-base /home/aaronb/f23_robotics_homework2/build/webots_ros2_homework1_python/build install --record /home/aaronb/f23_robotics_homework2/build/webots_ros2_homework1_python/install.log --single-version-externally-managed
[3.288s] running egg_info
[3.290s] writing ../../build/webots_ros2_homework1_python/webots_ros2_homework1_python.egg-info/PKG-INFO
[3.292s] writing dependency_links to ../../build/webots_ros2_homework1_python/webots_ros2_homework1_python.egg-info/dependency_links.txt
[3.292s] writing entry points to ../../build/webots_ros2_homework1_python/webots_ros2_homework1_python.egg-info/entry_points.txt
[3.293s] writing requirements to ../../build/webots_ros2_homework1_python/webots_ros2_homework1_python.egg-info/requires.txt
[3.293s] writing top-level names to ../../build/webots_ros2_homework1_python/webots_ros2_homework1_python.egg-info/top_level.txt
[3.298s] reading manifest file '../../build/webots_ros2_homework1_python/webots_ros2_homework1_python.egg-info/SOURCES.txt'
[3.302s] writing manifest file '../../build/webots_ros2_homework1_python/webots_ros2_homework1_python.egg-info/SOURCES.txt'
[3.302s] running build
[3.302s] running build_py
[3.303s] copying webots_ros2_homework1_python/webots_ros2_homework1_python.py -> /home/aaronb/f23_robotics_homework2/build/webots_ros2_homework1_python/build/lib/webots_ros2_homework1_python
[3.304s] running install
[3.305s] /usr/lib/python3/dist-packages/setuptools/command/install.py:34: SetuptoolsDeprecationWarning: setup.py install is deprecated. Use build and pip and other standards-based tools.
[3.305s]   warnings.warn(
[3.306s] running install_lib
[3.309s] copying /home/aaronb/f23_robotics_homework2/build/webots_ros2_homework1_python/build/lib/webots_ros2_homework1_python/webots_ros2_homework1_python.py -> /home/aaronb/f23_robotics_homework2/install/webots_ros2_homework1_python/lib/python3.10/site-packages/webots_ros2_homework1_python
[3.311s] byte-compiling /home/aaronb/f23_robotics_homework2/install/webots_ros2_homework1_python/lib/python3.10/site-packages/webots_ros2_homework1_python/webots_ros2_homework1_python.py to webots_ros2_homework1_python.cpython-310.pyc
[3.315s] running install_data
[3.317s] running install_egg_info
[3.322s] removing '/home/aaronb/f23_robotics_homework2/install/webots_ros2_homework1_python/lib/python3.10/site-packages/webots_ros2_homework1_python-0.0.0-py3.10.egg-info' (and everything under it)
[3.323s] Copying ../../build/webots_ros2_homework1_python/webots_ros2_homework1_python.egg-info to /home/aaronb/f23_robotics_homework2/install/webots_ros2_homework1_python/lib/python3.10/site-packages/webots_ros2_homework1_python-0.0.0-py3.10.egg-info
[3.332s] running install_scripts
[3.402s] Installing webots_ros2_homework1_python script to /home/aaronb/f23_robotics_homework2/install/webots_ros2_homework1_python/lib/webots_ros2_homework1_python
[3.403s] writing list of installed files to '/home/aaronb/f23_robotics_homework2/build/webots_ros2_homework1_python/install.log'
[3.628s] Invoked command in '/home/aaronb/f23_robotics_homework2/src/webots_ros2_sim_python' returned '0': PYTHONPATH=/home/aaronb/f23_robotics_homework2/build/webots_ros2_homework1_python/prefix_override:/home/aaronb/f23_robotics_homework2/install/webots_ros2_homework1_python/lib/python3.10/site-packages:${PYTHONPATH} /usr/bin/python3 setup.py egg_info --egg-base ../../build/webots_ros2_homework1_python build --build-base /home/aaronb/f23_robotics_homework2/build/webots_ros2_homework1_python/build install --record /home/aaronb/f23_robotics_homework2/build/webots_ros2_homework1_python/install.log --single-version-externally-managed
