[1.255s] DEBUG:colcon:Command line arguments: ['/usr/bin/colcon', 'build']
[1.256s] DEBUG:colcon:Parsed command line arguments: Namespace(log_base=None, log_level=None, verb_name='build', build_base='build', install_base='install', merge_install=False, symlink_install=False, test_result_base=None, continue_on_error=False, executor='parallel', parallel_workers=4, event_handlers=None, ignore_user_meta=False, metas=['./colcon.meta'], base_paths=['.'], packages_ignore=None, packages_ignore_regex=None, paths=None, packages_up_to=None, packages_up_to_regex=None, packages_above=None, packages_above_and_dependencies=None, packages_above_depth=None, packages_select_by_dep=None, packages_skip_by_dep=None, packages_skip_up_to=None, packages_select_build_failed=False, packages_skip_build_finished=False, packages_select_test_failures=False, packages_skip_test_passed=False, packages_select=None, packages_skip=None, packages_select_regex=None, packages_skip_regex=None, packages_start=None, packages_end=None, allow_overriding=[], cmake_args=None, cmake_target=None, cmake_target_skip_unavailable=False, cmake_clean_cache=False, cmake_clean_first=False, cmake_force_configure=False, ament_cmake_args=None, catkin_cmake_args=None, catkin_skip_building_tests=False, verb_parser=<colcon_defaults.argument_parser.defaults.DefaultArgumentsDecorator object at 0x7f5e612739a0>, verb_extension=<colcon_core.verb.build.BuildVerb object at 0x7f5e61273460>, main=<bound method BuildVerb.main of <colcon_core.verb.build.BuildVerb object at 0x7f5e61273460>>)
[1.323s] Level 1:colcon.colcon_core.package_discovery:discover_packages(colcon_meta) check parameters
[1.323s] Level 1:colcon.colcon_core.package_discovery:discover_packages(recursive) check parameters
[1.323s] Level 1:colcon.colcon_core.package_discovery:discover_packages(ignore) check parameters
[1.323s] Level 1:colcon.colcon_core.package_discovery:discover_packages(path) check parameters
[1.323s] Level 1:colcon.colcon_core.package_discovery:discover_packages(colcon_meta) discover
[1.323s] Level 1:colcon.colcon_core.package_discovery:discover_packages(recursive) discover
[1.323s] INFO:colcon.colcon_core.package_discovery:Crawling recursively for packages in '/home/aaronb/f23_robotics_homework2/src'
[1.324s] Level 1:colcon.colcon_core.package_identification:_identify(.) by extensions ['ignore', 'ignore_ament_install']
[1.324s] Level 1:colcon.colcon_core.package_identification:_identify(.) by extension 'ignore'
[1.324s] Level 1:colcon.colcon_core.package_identification:_identify(.) by extension 'ignore_ament_install'
[1.324s] Level 1:colcon.colcon_core.package_identification:_identify(.) by extensions ['colcon_pkg']
[1.324s] Level 1:colcon.colcon_core.package_identification:_identify(.) by extension 'colcon_pkg'
[1.324s] Level 1:colcon.colcon_core.package_identification:_identify(.) by extensions ['colcon_meta']
[1.324s] Level 1:colcon.colcon_core.package_identification:_identify(.) by extension 'colcon_meta'
[1.324s] Level 1:colcon.colcon_core.package_identification:_identify(.) by extensions ['ros']
[1.324s] Level 1:colcon.colcon_core.package_identification:_identify(.) by extension 'ros'
[1.345s] Level 1:colcon.colcon_core.package_identification:_identify(.) by extensions ['cmake', 'python']
[1.346s] Level 1:colcon.colcon_core.package_identification:_identify(.) by extension 'cmake'
[1.346s] Level 1:colcon.colcon_core.package_identification:_identify(.) by extension 'python'
[1.346s] Level 1:colcon.colcon_core.package_identification:_identify(.) by extensions ['python_setup_py']
[1.346s] Level 1:colcon.colcon_core.package_identification:_identify(.) by extension 'python_setup_py'
[1.346s] Level 1:colcon.colcon_core.package_identification:_identify(build) by extensions ['ignore', 'ignore_ament_install']
[1.346s] Level 1:colcon.colcon_core.package_identification:_identify(build) by extension 'ignore'
[1.346s] Level 1:colcon.colcon_core.package_identification:_identify(build) ignored
[1.347s] Level 1:colcon.colcon_core.package_identification:_identify(install) by extensions ['ignore', 'ignore_ament_install']
[1.347s] Level 1:colcon.colcon_core.package_identification:_identify(install) by extension 'ignore'
[1.347s] Level 1:colcon.colcon_core.package_identification:_identify(install) ignored
[1.347s] Level 1:colcon.colcon_core.package_identification:_identify(log) by extensions ['ignore', 'ignore_ament_install']
[1.347s] Level 1:colcon.colcon_core.package_identification:_identify(log) by extension 'ignore'
[1.347s] Level 1:colcon.colcon_core.package_identification:_identify(log) ignored
[1.347s] Level 1:colcon.colcon_core.package_identification:_identify(turtlebot_controller) by extensions ['ignore', 'ignore_ament_install']
[1.347s] Level 1:colcon.colcon_core.package_identification:_identify(turtlebot_controller) by extension 'ignore'
[1.348s] Level 1:colcon.colcon_core.package_identification:_identify(turtlebot_controller) by extension 'ignore_ament_install'
[1.348s] Level 1:colcon.colcon_core.package_identification:_identify(turtlebot_controller) by extensions ['colcon_pkg']
[1.348s] Level 1:colcon.colcon_core.package_identification:_identify(turtlebot_controller) by extension 'colcon_pkg'
[1.348s] Level 1:colcon.colcon_core.package_identification:_identify(turtlebot_controller) by extensions ['colcon_meta']
[1.348s] Level 1:colcon.colcon_core.package_identification:_identify(turtlebot_controller) by extension 'colcon_meta'
[1.348s] Level 1:colcon.colcon_core.package_identification:_identify(turtlebot_controller) by extensions ['ros']
[1.348s] Level 1:colcon.colcon_core.package_identification:_identify(turtlebot_controller) by extension 'ros'
[1.352s] DEBUG:colcon.colcon_core.package_identification:Package 'turtlebot_controller' with type 'ros.ament_python' and name 'turtlebot_controller'
[1.352s] Level 1:colcon.colcon_core.package_identification:_identify(webots_ros2_controller_python) by extensions ['ignore', 'ignore_ament_install']
[1.352s] Level 1:colcon.colcon_core.package_identification:_identify(webots_ros2_controller_python) by extension 'ignore'
[1.352s] Level 1:colcon.colcon_core.package_identification:_identify(webots_ros2_controller_python) by extension 'ignore_ament_install'
[1.352s] Level 1:colcon.colcon_core.package_identification:_identify(webots_ros2_controller_python) by extensions ['colcon_pkg']
[1.353s] Level 1:colcon.colcon_core.package_identification:_identify(webots_ros2_controller_python) by extension 'colcon_pkg'
[1.353s] Level 1:colcon.colcon_core.package_identification:_identify(webots_ros2_controller_python) by extensions ['colcon_meta']
[1.353s] Level 1:colcon.colcon_core.package_identification:_identify(webots_ros2_controller_python) by extension 'colcon_meta'
[1.353s] Level 1:colcon.colcon_core.package_identification:_identify(webots_ros2_controller_python) by extensions ['ros']
[1.353s] Level 1:colcon.colcon_core.package_identification:_identify(webots_ros2_controller_python) by extension 'ros'
[1.354s] DEBUG:colcon.colcon_core.package_identification:Package 'webots_ros2_controller_python' with type 'ros.ament_python' and name 'webots_ros2_homework2_python'
[1.354s] Level 1:colcon.colcon_core.package_identification:_identify(webots_ros2_sim_python) by extensions ['ignore', 'ignore_ament_install']
[1.354s] Level 1:colcon.colcon_core.package_identification:_identify(webots_ros2_sim_python) by extension 'ignore'
[1.354s] Level 1:colcon.colcon_core.package_identification:_identify(webots_ros2_sim_python) by extension 'ignore_ament_install'
[1.354s] Level 1:colcon.colcon_core.package_identification:_identify(webots_ros2_sim_python) by extensions ['colcon_pkg']
[1.354s] Level 1:colcon.colcon_core.package_identification:_identify(webots_ros2_sim_python) by extension 'colcon_pkg'
[1.354s] Level 1:colcon.colcon_core.package_identification:_identify(webots_ros2_sim_python) by extensions ['colcon_meta']
[1.354s] Level 1:colcon.colcon_core.package_identification:_identify(webots_ros2_sim_python) by extension 'colcon_meta'
[1.354s] Level 1:colcon.colcon_core.package_identification:_identify(webots_ros2_sim_python) by extensions ['ros']
[1.354s] Level 1:colcon.colcon_core.package_identification:_identify(webots_ros2_sim_python) by extension 'ros'
[1.356s] DEBUG:colcon.colcon_core.package_identification:Package 'webots_ros2_sim_python' with type 'ros.ament_python' and name 'webots_ros2_homework1_python'
[1.356s] Level 1:colcon.colcon_core.package_discovery:discover_packages(recursive) using defaults
[1.356s] Level 1:colcon.colcon_core.package_discovery:discover_packages(ignore) discover
[1.356s] Level 1:colcon.colcon_core.package_discovery:discover_packages(ignore) using defaults
[1.356s] Level 1:colcon.colcon_core.package_discovery:discover_packages(path) discover
[1.356s] Level 1:colcon.colcon_core.package_discovery:discover_packages(path) using defaults
[1.477s] Level 1:colcon.colcon_core.package_discovery:discover_packages(prefix_path) check parameters
[1.477s] Level 1:colcon.colcon_core.package_discovery:discover_packages(prefix_path) discover
[1.518s] DEBUG:colcon.colcon_installed_package_information.package_discovery:Found 3 installed packages in /home/aaronb/f23_robotics_homework2/install
[1.539s] DEBUG:colcon.colcon_installed_package_information.package_discovery:Found 302 installed packages in /opt/ros/humble
[1.541s] Level 1:colcon.colcon_core.package_discovery:discover_packages(prefix_path) using defaults
[1.650s] Level 5:colcon.colcon_core.verb:set package 'turtlebot_controller' build argument 'cmake_args' from command line to 'None'
[1.651s] Level 5:colcon.colcon_core.verb:set package 'turtlebot_controller' build argument 'cmake_target' from command line to 'None'
[1.651s] Level 5:colcon.colcon_core.verb:set package 'turtlebot_controller' build argument 'cmake_target_skip_unavailable' from command line to 'False'
[1.651s] Level 5:colcon.colcon_core.verb:set package 'turtlebot_controller' build argument 'cmake_clean_cache' from command line to 'False'
[1.651s] Level 5:colcon.colcon_core.verb:set package 'turtlebot_controller' build argument 'cmake_clean_first' from command line to 'False'
[1.651s] Level 5:colcon.colcon_core.verb:set package 'turtlebot_controller' build argument 'cmake_force_configure' from command line to 'False'
[1.651s] Level 5:colcon.colcon_core.verb:set package 'turtlebot_controller' build argument 'ament_cmake_args' from command line to 'None'
[1.651s] Level 5:colcon.colcon_core.verb:set package 'turtlebot_controller' build argument 'catkin_cmake_args' from command line to 'None'
[1.651s] Level 5:colcon.colcon_core.verb:set package 'turtlebot_controller' build argument 'catkin_skip_building_tests' from command line to 'False'
[1.651s] DEBUG:colcon.colcon_core.verb:Building package 'turtlebot_controller' with the following arguments: {'ament_cmake_args': None, 'build_base': '/home/aaronb/f23_robotics_homework2/src/build/turtlebot_controller', 'catkin_cmake_args': None, 'catkin_skip_building_tests': False, 'cmake_args': None, 'cmake_clean_cache': False, 'cmake_clean_first': False, 'cmake_force_configure': False, 'cmake_target': None, 'cmake_target_skip_unavailable': False, 'install_base': '/home/aaronb/f23_robotics_homework2/src/install/turtlebot_controller', 'merge_install': False, 'path': '/home/aaronb/f23_robotics_homework2/src/turtlebot_controller', 'symlink_install': False, 'test_result_base': None}
[1.667s] Level 5:colcon.colcon_core.verb:set package 'webots_ros2_homework1_python' build argument 'cmake_args' from command line to 'None'
[1.667s] Level 5:colcon.colcon_core.verb:set package 'webots_ros2_homework1_python' build argument 'cmake_target' from command line to 'None'
[1.667s] Level 5:colcon.colcon_core.verb:set package 'webots_ros2_homework1_python' build argument 'cmake_target_skip_unavailable' from command line to 'False'
[1.667s] Level 5:colcon.colcon_core.verb:set package 'webots_ros2_homework1_python' build argument 'cmake_clean_cache' from command line to 'False'
[1.667s] Level 5:colcon.colcon_core.verb:set package 'webots_ros2_homework1_python' build argument 'cmake_clean_first' from command line to 'False'
[1.667s] Level 5:colcon.colcon_core.verb:set package 'webots_ros2_homework1_python' build argument 'cmake_force_configure' from command line to 'False'
[1.667s] Level 5:colcon.colcon_core.verb:set package 'webots_ros2_homework1_python' build argument 'ament_cmake_args' from command line to 'None'
[1.667s] Level 5:colcon.colcon_core.verb:set package 'webots_ros2_homework1_python' build argument 'catkin_cmake_args' from command line to 'None'
[1.667s] Level 5:colcon.colcon_core.verb:set package 'webots_ros2_homework1_python' build argument 'catkin_skip_building_tests' from command line to 'False'
[1.668s] DEBUG:colcon.colcon_core.verb:Building package 'webots_ros2_homework1_python' with the following arguments: {'ament_cmake_args': None, 'build_base': '/home/aaronb/f23_robotics_homework2/src/build/webots_ros2_homework1_python', 'catkin_cmake_args': None, 'catkin_skip_building_tests': False, 'cmake_args': None, 'cmake_clean_cache': False, 'cmake_clean_first': False, 'cmake_force_configure': False, 'cmake_target': None, 'cmake_target_skip_unavailable': False, 'install_base': '/home/aaronb/f23_robotics_homework2/src/install/webots_ros2_homework1_python', 'merge_install': False, 'path': '/home/aaronb/f23_robotics_homework2/src/webots_ros2_sim_python', 'symlink_install': False, 'test_result_base': None}
[1.688s] Level 5:colcon.colcon_core.verb:set package 'webots_ros2_homework2_python' build argument 'cmake_args' from command line to 'None'
[1.688s] Level 5:colcon.colcon_core.verb:set package 'webots_ros2_homework2_python' build argument 'cmake_target' from command line to 'None'
[1.688s] Level 5:colcon.colcon_core.verb:set package 'webots_ros2_homework2_python' build argument 'cmake_target_skip_unavailable' from command line to 'False'
[1.688s] Level 5:colcon.colcon_core.verb:set package 'webots_ros2_homework2_python' build argument 'cmake_clean_cache' from command line to 'False'
[1.688s] Level 5:colcon.colcon_core.verb:set package 'webots_ros2_homework2_python' build argument 'cmake_clean_first' from command line to 'False'
[1.688s] Level 5:colcon.colcon_core.verb:set package 'webots_ros2_homework2_python' build argument 'cmake_force_configure' from command line to 'False'
[1.688s] Level 5:colcon.colcon_core.verb:set package 'webots_ros2_homework2_python' build argument 'ament_cmake_args' from command line to 'None'
[1.688s] Level 5:colcon.colcon_core.verb:set package 'webots_ros2_homework2_python' build argument 'catkin_cmake_args' from command line to 'None'
[1.688s] Level 5:colcon.colcon_core.verb:set package 'webots_ros2_homework2_python' build argument 'catkin_skip_building_tests' from command line to 'False'
[1.688s] DEBUG:colcon.colcon_core.verb:Building package 'webots_ros2_homework2_python' with the following arguments: {'ament_cmake_args': None, 'build_base': '/home/aaronb/f23_robotics_homework2/src/build/webots_ros2_homework2_python', 'catkin_cmake_args': None, 'catkin_skip_building_tests': False, 'cmake_args': None, 'cmake_clean_cache': False, 'cmake_clean_first': False, 'cmake_force_configure': False, 'cmake_target': None, 'cmake_target_skip_unavailable': False, 'install_base': '/home/aaronb/f23_robotics_homework2/src/install/webots_ros2_homework2_python', 'merge_install': False, 'path': '/home/aaronb/f23_robotics_homework2/src/webots_ros2_controller_python', 'symlink_install': False, 'test_result_base': None}
[1.704s] INFO:colcon.colcon_core.executor:Executing jobs using 'parallel' executor
[1.721s] DEBUG:colcon.colcon_parallel_executor.executor.parallel:run_until_complete
[1.721s] INFO:colcon.colcon_ros.task.ament_python.build:Building ROS package in '/home/aaronb/f23_robotics_homework2/src/turtlebot_controller' with build type 'ament_python'
[1.721s] Level 1:colcon.colcon_core.shell:create_environment_hook('turtlebot_controller', 'ament_prefix_path')
[1.743s] INFO:colcon.colcon_core.plugin_system:Skipping extension 'colcon_core.shell.bat': Not used on non-Windows systems
[1.744s] INFO:colcon.colcon_core.shell:Creating environment hook '/home/aaronb/f23_robotics_homework2/src/install/turtlebot_controller/share/turtlebot_controller/hook/ament_prefix_path.ps1'
[1.745s] INFO:colcon.colcon_core.shell:Creating environment descriptor '/home/aaronb/f23_robotics_homework2/src/install/turtlebot_controller/share/turtlebot_controller/hook/ament_prefix_path.dsv'
[1.746s] INFO:colcon.colcon_core.shell:Creating environment hook '/home/aaronb/f23_robotics_homework2/src/install/turtlebot_controller/share/turtlebot_controller/hook/ament_prefix_path.sh'
[1.766s] INFO:colcon.colcon_core.shell:Skip shell extension 'powershell' for command environment: Not usable outside of PowerShell
[1.767s] DEBUG:colcon.colcon_core.shell:Skip shell extension 'dsv' for command environment
[1.823s] INFO:colcon.colcon_ros.task.ament_python.build:Building ROS package in '/home/aaronb/f23_robotics_homework2/src/webots_ros2_sim_python' with build type 'ament_python'
[1.823s] Level 1:colcon.colcon_core.shell:create_environment_hook('webots_ros2_homework1_python', 'ament_prefix_path')
[1.841s] INFO:colcon.colcon_core.shell:Creating environment hook '/home/aaronb/f23_robotics_homework2/src/install/webots_ros2_homework1_python/share/webots_ros2_homework1_python/hook/ament_prefix_path.ps1'
[1.842s] INFO:colcon.colcon_core.shell:Creating environment descriptor '/home/aaronb/f23_robotics_homework2/src/install/webots_ros2_homework1_python/share/webots_ros2_homework1_python/hook/ament_prefix_path.dsv'
[1.842s] INFO:colcon.colcon_core.shell:Creating environment hook '/home/aaronb/f23_robotics_homework2/src/install/webots_ros2_homework1_python/share/webots_ros2_homework1_python/hook/ament_prefix_path.sh'
[1.869s] INFO:colcon.colcon_core.shell:Skip shell extension 'powershell' for command environment: Not usable outside of PowerShell
[1.869s] DEBUG:colcon.colcon_core.shell:Skip shell extension 'dsv' for command environment
[1.970s] INFO:colcon.colcon_ros.task.ament_python.build:Building ROS package in '/home/aaronb/f23_robotics_homework2/src/webots_ros2_controller_python' with build type 'ament_python'
[1.971s] Level 1:colcon.colcon_core.shell:create_environment_hook('webots_ros2_homework2_python', 'ament_prefix_path')
[1.995s] INFO:colcon.colcon_core.shell:Creating environment hook '/home/aaronb/f23_robotics_homework2/src/install/webots_ros2_homework2_python/share/webots_ros2_homework2_python/hook/ament_prefix_path.ps1'
[1.996s] INFO:colcon.colcon_core.shell:Creating environment descriptor '/home/aaronb/f23_robotics_homework2/src/install/webots_ros2_homework2_python/share/webots_ros2_homework2_python/hook/ament_prefix_path.dsv'
[1.997s] INFO:colcon.colcon_core.shell:Creating environment hook '/home/aaronb/f23_robotics_homework2/src/install/webots_ros2_homework2_python/share/webots_ros2_homework2_python/hook/ament_prefix_path.sh'
[2.021s] INFO:colcon.colcon_core.shell:Skip shell extension 'powershell' for command environment: Not usable outside of PowerShell
[2.022s] DEBUG:colcon.colcon_core.shell:Skip shell extension 'dsv' for command environment
[2.443s] INFO:colcon.colcon_core.task.python.build:Building Python package in '/home/aaronb/f23_robotics_homework2/src/turtlebot_controller'
[2.463s] INFO:colcon.colcon_core.shell:Skip shell extension 'powershell' for command environment: Not usable outside of PowerShell
[2.464s] DEBUG:colcon.colcon_core.shell:Skip shell extension 'dsv' for command environment
[3.008s] INFO:colcon.colcon_core.task.python.build:Building Python package in '/home/aaronb/f23_robotics_homework2/src/webots_ros2_sim_python'
[3.033s] INFO:colcon.colcon_core.shell:Skip shell extension 'powershell' for command environment: Not usable outside of PowerShell
[3.033s] DEBUG:colcon.colcon_core.shell:Skip shell extension 'dsv' for command environment
[3.587s] INFO:colcon.colcon_core.task.python.build:Building Python package in '/home/aaronb/f23_robotics_homework2/src/webots_ros2_controller_python'
[3.607s] INFO:colcon.colcon_core.shell:Skip shell extension 'powershell' for command environment: Not usable outside of PowerShell
[3.607s] DEBUG:colcon.colcon_core.shell:Skip shell extension 'dsv' for command environment
[4.528s] DEBUG:colcon.colcon_core.event_handler.log_command:Invoking command in '/home/aaronb/f23_robotics_homework2/src/turtlebot_controller': PYTHONPATH=/home/aaronb/f23_robotics_homework2/src/build/turtlebot_controller/prefix_override:/home/aaronb/f23_robotics_homework2/src/install/turtlebot_controller/lib/python3.10/site-packages:${PYTHONPATH} /usr/bin/python3 setup.py egg_info --egg-base ../build/turtlebot_controller build --build-base /home/aaronb/f23_robotics_homework2/src/build/turtlebot_controller/build install --record /home/aaronb/f23_robotics_homework2/src/build/turtlebot_controller/install.log --single-version-externally-managed
[4.587s] DEBUG:colcon.colcon_core.event_handler.log_command:Invoking command in '/home/aaronb/f23_robotics_homework2/src/webots_ros2_sim_python': PYTHONPATH=/home/aaronb/f23_robotics_homework2/src/build/webots_ros2_homework1_python/prefix_override:/home/aaronb/f23_robotics_homework2/src/install/webots_ros2_homework1_python/lib/python3.10/site-packages:${PYTHONPATH} /usr/bin/python3 setup.py egg_info --egg-base ../build/webots_ros2_homework1_python build --build-base /home/aaronb/f23_robotics_homework2/src/build/webots_ros2_homework1_python/build install --record /home/aaronb/f23_robotics_homework2/src/build/webots_ros2_homework1_python/install.log --single-version-externally-managed
[4.597s] DEBUG:colcon.colcon_core.event_handler.log_command:Invoking command in '/home/aaronb/f23_robotics_homework2/src/webots_ros2_controller_python': PYTHONPATH=/home/aaronb/f23_robotics_homework2/src/build/webots_ros2_homework2_python/prefix_override:/home/aaronb/f23_robotics_homework2/src/install/webots_ros2_homework2_python/lib/python3.10/site-packages:${PYTHONPATH} /usr/bin/python3 setup.py egg_info --egg-base ../build/webots_ros2_homework2_python build --build-base /home/aaronb/f23_robotics_homework2/src/build/webots_ros2_homework2_python/build install --record /home/aaronb/f23_robotics_homework2/src/build/webots_ros2_homework2_python/install.log --single-version-externally-managed
[5.327s] DEBUG:colcon.colcon_core.event_handler.log_command:Invoked command in '/home/aaronb/f23_robotics_homework2/src/turtlebot_controller' returned '0': PYTHONPATH=/home/aaronb/f23_robotics_homework2/src/build/turtlebot_controller/prefix_override:/home/aaronb/f23_robotics_homework2/src/install/turtlebot_controller/lib/python3.10/site-packages:${PYTHONPATH} /usr/bin/python3 setup.py egg_info --egg-base ../build/turtlebot_controller build --build-base /home/aaronb/f23_robotics_homework2/src/build/turtlebot_controller/build install --record /home/aaronb/f23_robotics_homework2/src/build/turtlebot_controller/install.log --single-version-externally-managed
[5.381s] Level 1:colcon.colcon_core.environment:checking '/home/aaronb/f23_robotics_homework2/src/install/turtlebot_controller' for CMake module files
[5.383s] Level 1:colcon.colcon_core.environment:checking '/home/aaronb/f23_robotics_homework2/src/install/turtlebot_controller' for CMake config files
[5.384s] Level 1:colcon.colcon_core.environment:checking '/home/aaronb/f23_robotics_homework2/src/install/turtlebot_controller/lib'
[5.385s] Level 1:colcon.colcon_core.environment:checking '/home/aaronb/f23_robotics_homework2/src/install/turtlebot_controller/bin'
[5.385s] Level 1:colcon.colcon_core.environment:checking '/home/aaronb/f23_robotics_homework2/src/install/turtlebot_controller/lib/pkgconfig/turtlebot_controller.pc'
[5.386s] Level 1:colcon.colcon_core.environment:checking '/home/aaronb/f23_robotics_homework2/src/install/turtlebot_controller/lib/python3.10/site-packages'
[5.386s] Level 1:colcon.colcon_core.shell:create_environment_hook('turtlebot_controller', 'pythonpath')
[5.449s] INFO:colcon.colcon_core.shell:Creating environment hook '/home/aaronb/f23_robotics_homework2/src/install/turtlebot_controller/share/turtlebot_controller/hook/pythonpath.ps1'
[5.451s] INFO:colcon.colcon_core.shell:Creating environment descriptor '/home/aaronb/f23_robotics_homework2/src/install/turtlebot_controller/share/turtlebot_controller/hook/pythonpath.dsv'
[5.452s] INFO:colcon.colcon_core.shell:Creating environment hook '/home/aaronb/f23_robotics_homework2/src/install/turtlebot_controller/share/turtlebot_controller/hook/pythonpath.sh'
[5.454s] Level 1:colcon.colcon_core.environment:checking '/home/aaronb/f23_robotics_homework2/src/install/turtlebot_controller/bin'
[5.454s] Level 1:colcon.colcon_core.environment:create_environment_scripts_only(turtlebot_controller)
[5.496s] INFO:colcon.colcon_core.shell:Creating package script '/home/aaronb/f23_robotics_homework2/src/install/turtlebot_controller/share/turtlebot_controller/package.ps1'
[5.498s] INFO:colcon.colcon_core.shell:Creating package descriptor '/home/aaronb/f23_robotics_homework2/src/install/turtlebot_controller/share/turtlebot_controller/package.dsv'
[5.500s] INFO:colcon.colcon_core.shell:Creating package script '/home/aaronb/f23_robotics_homework2/src/install/turtlebot_controller/share/turtlebot_controller/package.sh'
[5.501s] INFO:colcon.colcon_core.shell:Creating package script '/home/aaronb/f23_robotics_homework2/src/install/turtlebot_controller/share/turtlebot_controller/package.bash'
[5.503s] INFO:colcon.colcon_core.shell:Creating package script '/home/aaronb/f23_robotics_homework2/src/install/turtlebot_controller/share/turtlebot_controller/package.zsh'
[5.505s] Level 1:colcon.colcon_core.environment:create_file_with_runtime_dependencies(/home/aaronb/f23_robotics_homework2/src/install/turtlebot_controller/share/colcon-core/packages/turtlebot_controller)
[5.513s] DEBUG:colcon.colcon_core.event_handler.log_command:Invoked command in '/home/aaronb/f23_robotics_homework2/src/webots_ros2_sim_python' returned '0': PYTHONPATH=/home/aaronb/f23_robotics_homework2/src/build/webots_ros2_homework1_python/prefix_override:/home/aaronb/f23_robotics_homework2/src/install/webots_ros2_homework1_python/lib/python3.10/site-packages:${PYTHONPATH} /usr/bin/python3 setup.py egg_info --egg-base ../build/webots_ros2_homework1_python build --build-base /home/aaronb/f23_robotics_homework2/src/build/webots_ros2_homework1_python/build install --record /home/aaronb/f23_robotics_homework2/src/build/webots_ros2_homework1_python/install.log --single-version-externally-managed
[5.560s] Level 1:colcon.colcon_core.environment:checking '/home/aaronb/f23_robotics_homework2/src/install/webots_ros2_homework1_python' for CMake module files
[5.563s] Level 1:colcon.colcon_core.environment:checking '/home/aaronb/f23_robotics_homework2/src/install/webots_ros2_homework1_python' for CMake config files
[5.565s] Level 1:colcon.colcon_core.environment:checking '/home/aaronb/f23_robotics_homework2/src/install/webots_ros2_homework1_python/lib'
[5.565s] Level 1:colcon.colcon_core.environment:checking '/home/aaronb/f23_robotics_homework2/src/install/webots_ros2_homework1_python/bin'
[5.565s] Level 1:colcon.colcon_core.environment:checking '/home/aaronb/f23_robotics_homework2/src/install/webots_ros2_homework1_python/lib/pkgconfig/webots_ros2_homework1_python.pc'
[5.566s] Level 1:colcon.colcon_core.environment:checking '/home/aaronb/f23_robotics_homework2/src/install/webots_ros2_homework1_python/lib/python3.10/site-packages'
[5.566s] Level 1:colcon.colcon_core.shell:create_environment_hook('webots_ros2_homework1_python', 'pythonpath')
[5.610s] INFO:colcon.colcon_core.shell:Creating environment hook '/home/aaronb/f23_robotics_homework2/src/install/webots_ros2_homework1_python/share/webots_ros2_homework1_python/hook/pythonpath.ps1'
[5.611s] INFO:colcon.colcon_core.shell:Creating environment descriptor '/home/aaronb/f23_robotics_homework2/src/install/webots_ros2_homework1_python/share/webots_ros2_homework1_python/hook/pythonpath.dsv'
[5.612s] INFO:colcon.colcon_core.shell:Creating environment hook '/home/aaronb/f23_robotics_homework2/src/install/webots_ros2_homework1_python/share/webots_ros2_homework1_python/hook/pythonpath.sh'
[5.614s] Level 1:colcon.colcon_core.environment:checking '/home/aaronb/f23_robotics_homework2/src/install/webots_ros2_homework1_python/bin'
[5.614s] Level 1:colcon.colcon_core.environment:create_environment_scripts_only(webots_ros2_homework1_python)
[5.659s] INFO:colcon.colcon_core.shell:Creating package script '/home/aaronb/f23_robotics_homework2/src/install/webots_ros2_homework1_python/share/webots_ros2_homework1_python/package.ps1'
[5.660s] INFO:colcon.colcon_core.shell:Creating package descriptor '/home/aaronb/f23_robotics_homework2/src/install/webots_ros2_homework1_python/share/webots_ros2_homework1_python/package.dsv'
[5.662s] INFO:colcon.colcon_core.shell:Creating package script '/home/aaronb/f23_robotics_homework2/src/install/webots_ros2_homework1_python/share/webots_ros2_homework1_python/package.sh'
[5.664s] INFO:colcon.colcon_core.shell:Creating package script '/home/aaronb/f23_robotics_homework2/src/install/webots_ros2_homework1_python/share/webots_ros2_homework1_python/package.bash'
[5.665s] INFO:colcon.colcon_core.shell:Creating package script '/home/aaronb/f23_robotics_homework2/src/install/webots_ros2_homework1_python/share/webots_ros2_homework1_python/package.zsh'
[5.666s] Level 1:colcon.colcon_core.environment:create_file_with_runtime_dependencies(/home/aaronb/f23_robotics_homework2/src/install/webots_ros2_homework1_python/share/colcon-core/packages/webots_ros2_homework1_python)
[5.680s] DEBUG:colcon.colcon_core.event_handler.log_command:Invoked command in '/home/aaronb/f23_robotics_homework2/src/webots_ros2_controller_python' returned '0': PYTHONPATH=/home/aaronb/f23_robotics_homework2/src/build/webots_ros2_homework2_python/prefix_override:/home/aaronb/f23_robotics_homework2/src/install/webots_ros2_homework2_python/lib/python3.10/site-packages:${PYTHONPATH} /usr/bin/python3 setup.py egg_info --egg-base ../build/webots_ros2_homework2_python build --build-base /home/aaronb/f23_robotics_homework2/src/build/webots_ros2_homework2_python/build install --record /home/aaronb/f23_robotics_homework2/src/build/webots_ros2_homework2_python/install.log --single-version-externally-managed
[5.710s] Level 1:colcon.colcon_core.environment:checking '/home/aaronb/f23_robotics_homework2/src/install/webots_ros2_homework2_python' for CMake module files
[5.711s] Level 1:colcon.colcon_core.environment:checking '/home/aaronb/f23_robotics_homework2/src/install/webots_ros2_homework2_python' for CMake config files
[5.712s] Level 1:colcon.colcon_core.environment:checking '/home/aaronb/f23_robotics_homework2/src/install/webots_ros2_homework2_python/lib'
[5.713s] Level 1:colcon.colcon_core.environment:checking '/home/aaronb/f23_robotics_homework2/src/install/webots_ros2_homework2_python/bin'
[5.713s] Level 1:colcon.colcon_core.environment:checking '/home/aaronb/f23_robotics_homework2/src/install/webots_ros2_homework2_python/lib/pkgconfig/webots_ros2_homework2_python.pc'
[5.714s] Level 1:colcon.colcon_core.environment:checking '/home/aaronb/f23_robotics_homework2/src/install/webots_ros2_homework2_python/lib/python3.10/site-packages'
[5.714s] Level 1:colcon.colcon_core.shell:create_environment_hook('webots_ros2_homework2_python', 'pythonpath')
[5.736s] INFO:colcon.colcon_core.shell:Creating environment hook '/home/aaronb/f23_robotics_homework2/src/install/webots_ros2_homework2_python/share/webots_ros2_homework2_python/hook/pythonpath.ps1'
[5.737s] INFO:colcon.colcon_core.shell:Creating environment descriptor '/home/aaronb/f23_robotics_homework2/src/install/webots_ros2_homework2_python/share/webots_ros2_homework2_python/hook/pythonpath.dsv'
[5.737s] INFO:colcon.colcon_core.shell:Creating environment hook '/home/aaronb/f23_robotics_homework2/src/install/webots_ros2_homework2_python/share/webots_ros2_homework2_python/hook/pythonpath.sh'
[5.738s] Level 1:colcon.colcon_core.environment:checking '/home/aaronb/f23_robotics_homework2/src/install/webots_ros2_homework2_python/bin'
[5.739s] Level 1:colcon.colcon_core.environment:create_environment_scripts_only(webots_ros2_homework2_python)
[5.759s] INFO:colcon.colcon_core.shell:Creating package script '/home/aaronb/f23_robotics_homework2/src/install/webots_ros2_homework2_python/share/webots_ros2_homework2_python/package.ps1'
[5.760s] INFO:colcon.colcon_core.shell:Creating package descriptor '/home/aaronb/f23_robotics_homework2/src/install/webots_ros2_homework2_python/share/webots_ros2_homework2_python/package.dsv'
[5.761s] INFO:colcon.colcon_core.shell:Creating package script '/home/aaronb/f23_robotics_homework2/src/install/webots_ros2_homework2_python/share/webots_ros2_homework2_python/package.sh'
[5.762s] INFO:colcon.colcon_core.shell:Creating package script '/home/aaronb/f23_robotics_homework2/src/install/webots_ros2_homework2_python/share/webots_ros2_homework2_python/package.bash'
[5.763s] INFO:colcon.colcon_core.shell:Creating package script '/home/aaronb/f23_robotics_homework2/src/install/webots_ros2_homework2_python/share/webots_ros2_homework2_python/package.zsh'
[5.764s] Level 1:colcon.colcon_core.environment:create_file_with_runtime_dependencies(/home/aaronb/f23_robotics_homework2/src/install/webots_ros2_homework2_python/share/colcon-core/packages/webots_ros2_homework2_python)
[5.765s] DEBUG:colcon.colcon_parallel_executor.executor.parallel:closing loop
[5.765s] DEBUG:colcon.colcon_parallel_executor.executor.parallel:loop closed
[5.766s] DEBUG:colcon.colcon_parallel_executor.executor.parallel:run_until_complete finished with '0'
[5.766s] DEBUG:colcon.colcon_core.event_reactor:joining thread
[5.879s] INFO:colcon.colcon_core.plugin_system:Skipping extension 'colcon_notification.desktop_notification.notify_send': Could not find 'notify-send'
[5.879s] INFO:colcon.colcon_core.plugin_system:Skipping extension 'colcon_notification.desktop_notification.terminal_notifier': Not used on non-Darwin systems
[5.879s] INFO:colcon.colcon_core.plugin_system:Skipping extension 'colcon_notification.desktop_notification.win32': Not used on non-Windows systems
[5.879s] INFO:colcon.colcon_notification.desktop_notification:Sending desktop notification using 'notify2'
[5.879s] DEBUG:colcon.colcon_notification.desktop_notification.notify2:Failed to initialize notify2: org.freedesktop.DBus.Error.FileNotFound: Failed to connect to socket /run/user/1000/bus: No such file or directory
[5.879s] DEBUG:colcon.colcon_core.event_reactor:joined thread
[5.897s] INFO:colcon.colcon_core.shell:Creating prefix script '/home/aaronb/f23_robotics_homework2/src/install/local_setup.ps1'
[5.899s] INFO:colcon.colcon_core.shell:Creating prefix util module '/home/aaronb/f23_robotics_homework2/src/install/_local_setup_util_ps1.py'
[5.901s] INFO:colcon.colcon_core.shell:Creating prefix chain script '/home/aaronb/f23_robotics_homework2/src/install/setup.ps1'
[5.924s] INFO:colcon.colcon_core.shell:Creating prefix script '/home/aaronb/f23_robotics_homework2/src/install/local_setup.sh'
[5.925s] INFO:colcon.colcon_core.shell:Creating prefix util module '/home/aaronb/f23_robotics_homework2/src/install/_local_setup_util_sh.py'
[5.926s] INFO:colcon.colcon_core.shell:Creating prefix chain script '/home/aaronb/f23_robotics_homework2/src/install/setup.sh'
[5.947s] INFO:colcon.colcon_core.shell:Creating prefix script '/home/aaronb/f23_robotics_homework2/src/install/local_setup.bash'
[5.948s] INFO:colcon.colcon_core.shell:Creating prefix chain script '/home/aaronb/f23_robotics_homework2/src/install/setup.bash'
[5.969s] INFO:colcon.colcon_core.shell:Creating prefix script '/home/aaronb/f23_robotics_homework2/src/install/local_setup.zsh'
[5.970s] INFO:colcon.colcon_core.shell:Creating prefix chain script '/home/aaronb/f23_robotics_homework2/src/install/setup.zsh'
