[1.057s] DEBUG:colcon:Command line arguments: ['/usr/bin/colcon', 'build']
[1.057s] DEBUG:colcon:Parsed command line arguments: Namespace(log_base=None, log_level=None, verb_name='build', build_base='build', install_base='install', merge_install=False, symlink_install=False, test_result_base=None, continue_on_error=False, executor='parallel', parallel_workers=4, event_handlers=None, ignore_user_meta=False, metas=['./colcon.meta'], base_paths=['.'], packages_ignore=None, packages_ignore_regex=None, paths=None, packages_up_to=None, packages_up_to_regex=None, packages_above=None, packages_above_and_dependencies=None, packages_above_depth=None, packages_select_by_dep=None, packages_skip_by_dep=None, packages_skip_up_to=None, packages_select_build_failed=False, packages_skip_build_finished=False, packages_select_test_failures=False, packages_skip_test_passed=False, packages_select=None, packages_skip=None, packages_select_regex=None, packages_skip_regex=None, packages_start=None, packages_end=None, allow_overriding=[], cmake_args=None, cmake_target=None, cmake_target_skip_unavailable=False, cmake_clean_cache=False, cmake_clean_first=False, cmake_force_configure=False, ament_cmake_args=None, catkin_cmake_args=None, catkin_skip_building_tests=False, verb_parser=<colcon_defaults.argument_parser.defaults.DefaultArgumentsDecorator object at 0x7ff3b7d1f220>, verb_extension=<colcon_core.verb.build.BuildVerb object at 0x7ff3b7d1f460>, main=<bound method BuildVerb.main of <colcon_core.verb.build.BuildVerb object at 0x7ff3b7d1f460>>)
[1.111s] Level 1:colcon.colcon_core.package_discovery:discover_packages(colcon_meta) check parameters
[1.111s] Level 1:colcon.colcon_core.package_discovery:discover_packages(recursive) check parameters
[1.111s] Level 1:colcon.colcon_core.package_discovery:discover_packages(ignore) check parameters
[1.111s] Level 1:colcon.colcon_core.package_discovery:discover_packages(path) check parameters
[1.111s] Level 1:colcon.colcon_core.package_discovery:discover_packages(colcon_meta) discover
[1.111s] Level 1:colcon.colcon_core.package_discovery:discover_packages(recursive) discover
[1.111s] INFO:colcon.colcon_core.package_discovery:Crawling recursively for packages in '/home/aaronb/f23_robotics_homework2/src'
[1.111s] Level 1:colcon.colcon_core.package_identification:_identify(.) by extensions ['ignore', 'ignore_ament_install']
[1.111s] Level 1:colcon.colcon_core.package_identification:_identify(.) by extension 'ignore'
[1.111s] Level 1:colcon.colcon_core.package_identification:_identify(.) by extension 'ignore_ament_install'
[1.112s] Level 1:colcon.colcon_core.package_identification:_identify(.) by extensions ['colcon_pkg']
[1.112s] Level 1:colcon.colcon_core.package_identification:_identify(.) by extension 'colcon_pkg'
[1.112s] Level 1:colcon.colcon_core.package_identification:_identify(.) by extensions ['colcon_meta']
[1.112s] Level 1:colcon.colcon_core.package_identification:_identify(.) by extension 'colcon_meta'
[1.112s] Level 1:colcon.colcon_core.package_identification:_identify(.) by extensions ['ros']
[1.112s] Level 1:colcon.colcon_core.package_identification:_identify(.) by extension 'ros'
[1.125s] Level 1:colcon.colcon_core.package_identification:_identify(.) by extensions ['cmake', 'python']
[1.125s] Level 1:colcon.colcon_core.package_identification:_identify(.) by extension 'cmake'
[1.125s] Level 1:colcon.colcon_core.package_identification:_identify(.) by extension 'python'
[1.125s] Level 1:colcon.colcon_core.package_identification:_identify(.) by extensions ['python_setup_py']
[1.125s] Level 1:colcon.colcon_core.package_identification:_identify(.) by extension 'python_setup_py'
[1.125s] Level 1:colcon.colcon_core.package_identification:_identify(build) by extensions ['ignore', 'ignore_ament_install']
[1.126s] Level 1:colcon.colcon_core.package_identification:_identify(build) by extension 'ignore'
[1.126s] Level 1:colcon.colcon_core.package_identification:_identify(build) ignored
[1.126s] Level 1:colcon.colcon_core.package_identification:_identify(install) by extensions ['ignore', 'ignore_ament_install']
[1.126s] Level 1:colcon.colcon_core.package_identification:_identify(install) by extension 'ignore'
[1.126s] Level 1:colcon.colcon_core.package_identification:_identify(install) ignored
[1.126s] Level 1:colcon.colcon_core.package_identification:_identify(log) by extensions ['ignore', 'ignore_ament_install']
[1.126s] Level 1:colcon.colcon_core.package_identification:_identify(log) by extension 'ignore'
[1.126s] Level 1:colcon.colcon_core.package_identification:_identify(log) ignored
[1.126s] Level 1:colcon.colcon_core.package_identification:_identify(turtlebot_controller) by extensions ['ignore', 'ignore_ament_install']
[1.127s] Level 1:colcon.colcon_core.package_identification:_identify(turtlebot_controller) by extension 'ignore'
[1.127s] Level 1:colcon.colcon_core.package_identification:_identify(turtlebot_controller) by extension 'ignore_ament_install'
[1.127s] Level 1:colcon.colcon_core.package_identification:_identify(turtlebot_controller) by extensions ['colcon_pkg']
[1.127s] Level 1:colcon.colcon_core.package_identification:_identify(turtlebot_controller) by extension 'colcon_pkg'
[1.127s] Level 1:colcon.colcon_core.package_identification:_identify(turtlebot_controller) by extensions ['colcon_meta']
[1.127s] Level 1:colcon.colcon_core.package_identification:_identify(turtlebot_controller) by extension 'colcon_meta'
[1.127s] Level 1:colcon.colcon_core.package_identification:_identify(turtlebot_controller) by extensions ['ros']
[1.127s] Level 1:colcon.colcon_core.package_identification:_identify(turtlebot_controller) by extension 'ros'
[1.130s] DEBUG:colcon.colcon_core.package_identification:Package 'turtlebot_controller' with type 'ros.ament_python' and name 'turtlebot_controller'
[1.130s] Level 1:colcon.colcon_core.package_identification:_identify(webots_ros2_controller_python) by extensions ['ignore', 'ignore_ament_install']
[1.130s] Level 1:colcon.colcon_core.package_identification:_identify(webots_ros2_controller_python) by extension 'ignore'
[1.130s] Level 1:colcon.colcon_core.package_identification:_identify(webots_ros2_controller_python) by extension 'ignore_ament_install'
[1.130s] Level 1:colcon.colcon_core.package_identification:_identify(webots_ros2_controller_python) by extensions ['colcon_pkg']
[1.130s] Level 1:colcon.colcon_core.package_identification:_identify(webots_ros2_controller_python) by extension 'colcon_pkg'
[1.130s] Level 1:colcon.colcon_core.package_identification:_identify(webots_ros2_controller_python) by extensions ['colcon_meta']
[1.130s] Level 1:colcon.colcon_core.package_identification:_identify(webots_ros2_controller_python) by extension 'colcon_meta'
[1.131s] Level 1:colcon.colcon_core.package_identification:_identify(webots_ros2_controller_python) by extensions ['ros']
[1.131s] Level 1:colcon.colcon_core.package_identification:_identify(webots_ros2_controller_python) by extension 'ros'
[1.131s] DEBUG:colcon.colcon_core.package_identification:Package 'webots_ros2_controller_python' with type 'ros.ament_python' and name 'webots_ros2_homework2_python'
[1.131s] Level 1:colcon.colcon_core.package_identification:_identify(webots_ros2_sim_python) by extensions ['ignore', 'ignore_ament_install']
[1.132s] Level 1:colcon.colcon_core.package_identification:_identify(webots_ros2_sim_python) by extension 'ignore'
[1.132s] Level 1:colcon.colcon_core.package_identification:_identify(webots_ros2_sim_python) by extension 'ignore_ament_install'
[1.132s] Level 1:colcon.colcon_core.package_identification:_identify(webots_ros2_sim_python) by extensions ['colcon_pkg']
[1.132s] Level 1:colcon.colcon_core.package_identification:_identify(webots_ros2_sim_python) by extension 'colcon_pkg'
[1.132s] Level 1:colcon.colcon_core.package_identification:_identify(webots_ros2_sim_python) by extensions ['colcon_meta']
[1.132s] Level 1:colcon.colcon_core.package_identification:_identify(webots_ros2_sim_python) by extension 'colcon_meta'
[1.132s] Level 1:colcon.colcon_core.package_identification:_identify(webots_ros2_sim_python) by extensions ['ros']
[1.132s] Level 1:colcon.colcon_core.package_identification:_identify(webots_ros2_sim_python) by extension 'ros'
[1.133s] DEBUG:colcon.colcon_core.package_identification:Package 'webots_ros2_sim_python' with type 'ros.ament_python' and name 'webots_ros2_homework1_python'
[1.133s] Level 1:colcon.colcon_core.package_discovery:discover_packages(recursive) using defaults
[1.133s] Level 1:colcon.colcon_core.package_discovery:discover_packages(ignore) discover
[1.133s] Level 1:colcon.colcon_core.package_discovery:discover_packages(ignore) using defaults
[1.133s] Level 1:colcon.colcon_core.package_discovery:discover_packages(path) discover
[1.133s] Level 1:colcon.colcon_core.package_discovery:discover_packages(path) using defaults
[1.232s] Level 1:colcon.colcon_core.package_discovery:discover_packages(prefix_path) check parameters
[1.232s] Level 1:colcon.colcon_core.package_discovery:discover_packages(prefix_path) discover
[1.276s] DEBUG:colcon.colcon_installed_package_information.package_discovery:Found 3 installed packages in /home/aaronb/f23_robotics_homework2/install
[1.296s] DEBUG:colcon.colcon_installed_package_information.package_discovery:Found 302 installed packages in /opt/ros/humble
[1.299s] Level 1:colcon.colcon_core.package_discovery:discover_packages(prefix_path) using defaults
[1.425s] Level 5:colcon.colcon_core.verb:set package 'turtlebot_controller' build argument 'cmake_args' from command line to 'None'
[1.425s] Level 5:colcon.colcon_core.verb:set package 'turtlebot_controller' build argument 'cmake_target' from command line to 'None'
[1.425s] Level 5:colcon.colcon_core.verb:set package 'turtlebot_controller' build argument 'cmake_target_skip_unavailable' from command line to 'False'
[1.425s] Level 5:colcon.colcon_core.verb:set package 'turtlebot_controller' build argument 'cmake_clean_cache' from command line to 'False'
[1.425s] Level 5:colcon.colcon_core.verb:set package 'turtlebot_controller' build argument 'cmake_clean_first' from command line to 'False'
[1.425s] Level 5:colcon.colcon_core.verb:set package 'turtlebot_controller' build argument 'cmake_force_configure' from command line to 'False'
[1.425s] Level 5:colcon.colcon_core.verb:set package 'turtlebot_controller' build argument 'ament_cmake_args' from command line to 'None'
[1.425s] Level 5:colcon.colcon_core.verb:set package 'turtlebot_controller' build argument 'catkin_cmake_args' from command line to 'None'
[1.425s] Level 5:colcon.colcon_core.verb:set package 'turtlebot_controller' build argument 'catkin_skip_building_tests' from command line to 'False'
[1.425s] DEBUG:colcon.colcon_core.verb:Building package 'turtlebot_controller' with the following arguments: {'ament_cmake_args': None, 'build_base': '/home/aaronb/f23_robotics_homework2/src/build/turtlebot_controller', 'catkin_cmake_args': None, 'catkin_skip_building_tests': False, 'cmake_args': None, 'cmake_clean_cache': False, 'cmake_clean_first': False, 'cmake_force_configure': False, 'cmake_target': None, 'cmake_target_skip_unavailable': False, 'install_base': '/home/aaronb/f23_robotics_homework2/src/install/turtlebot_controller', 'merge_install': False, 'path': '/home/aaronb/f23_robotics_homework2/src/turtlebot_controller', 'symlink_install': False, 'test_result_base': None}
[1.442s] Level 5:colcon.colcon_core.verb:set package 'webots_ros2_homework1_python' build argument 'cmake_args' from command line to 'None'
[1.442s] Level 5:colcon.colcon_core.verb:set package 'webots_ros2_homework1_python' build argument 'cmake_target' from command line to 'None'
[1.442s] Level 5:colcon.colcon_core.verb:set package 'webots_ros2_homework1_python' build argument 'cmake_target_skip_unavailable' from command line to 'False'
[1.442s] Level 5:colcon.colcon_core.verb:set package 'webots_ros2_homework1_python' build argument 'cmake_clean_cache' from command line to 'False'
[1.442s] Level 5:colcon.colcon_core.verb:set package 'webots_ros2_homework1_python' build argument 'cmake_clean_first' from command line to 'False'
[1.443s] Level 5:colcon.colcon_core.verb:set package 'webots_ros2_homework1_python' build argument 'cmake_force_configure' from command line to 'False'
[1.443s] Level 5:colcon.colcon_core.verb:set package 'webots_ros2_homework1_python' build argument 'ament_cmake_args' from command line to 'None'
[1.443s] Level 5:colcon.colcon_core.verb:set package 'webots_ros2_homework1_python' build argument 'catkin_cmake_args' from command line to 'None'
[1.443s] Level 5:colcon.colcon_core.verb:set package 'webots_ros2_homework1_python' build argument 'catkin_skip_building_tests' from command line to 'False'
[1.443s] DEBUG:colcon.colcon_core.verb:Building package 'webots_ros2_homework1_python' with the following arguments: {'ament_cmake_args': None, 'build_base': '/home/aaronb/f23_robotics_homework2/src/build/webots_ros2_homework1_python', 'catkin_cmake_args': None, 'catkin_skip_building_tests': False, 'cmake_args': None, 'cmake_clean_cache': False, 'cmake_clean_first': False, 'cmake_force_configure': False, 'cmake_target': None, 'cmake_target_skip_unavailable': False, 'install_base': '/home/aaronb/f23_robotics_homework2/src/install/webots_ros2_homework1_python', 'merge_install': False, 'path': '/home/aaronb/f23_robotics_homework2/src/webots_ros2_sim_python', 'symlink_install': False, 'test_result_base': None}
[1.457s] Level 5:colcon.colcon_core.verb:set package 'webots_ros2_homework2_python' build argument 'cmake_args' from command line to 'None'
[1.458s] Level 5:colcon.colcon_core.verb:set package 'webots_ros2_homework2_python' build argument 'cmake_target' from command line to 'None'
[1.458s] Level 5:colcon.colcon_core.verb:set package 'webots_ros2_homework2_python' build argument 'cmake_target_skip_unavailable' from command line to 'False'
[1.458s] Level 5:colcon.colcon_core.verb:set package 'webots_ros2_homework2_python' build argument 'cmake_clean_cache' from command line to 'False'
[1.458s] Level 5:colcon.colcon_core.verb:set package 'webots_ros2_homework2_python' build argument 'cmake_clean_first' from command line to 'False'
[1.458s] Level 5:colcon.colcon_core.verb:set package 'webots_ros2_homework2_python' build argument 'cmake_force_configure' from command line to 'False'
[1.458s] Level 5:colcon.colcon_core.verb:set package 'webots_ros2_homework2_python' build argument 'ament_cmake_args' from command line to 'None'
[1.458s] Level 5:colcon.colcon_core.verb:set package 'webots_ros2_homework2_python' build argument 'catkin_cmake_args' from command line to 'None'
[1.458s] Level 5:colcon.colcon_core.verb:set package 'webots_ros2_homework2_python' build argument 'catkin_skip_building_tests' from command line to 'False'
[1.458s] DEBUG:colcon.colcon_core.verb:Building package 'webots_ros2_homework2_python' with the following arguments: {'ament_cmake_args': None, 'build_base': '/home/aaronb/f23_robotics_homework2/src/build/webots_ros2_homework2_python', 'catkin_cmake_args': None, 'catkin_skip_building_tests': False, 'cmake_args': None, 'cmake_clean_cache': False, 'cmake_clean_first': False, 'cmake_force_configure': False, 'cmake_target': None, 'cmake_target_skip_unavailable': False, 'install_base': '/home/aaronb/f23_robotics_homework2/src/install/webots_ros2_homework2_python', 'merge_install': False, 'path': '/home/aaronb/f23_robotics_homework2/src/webots_ros2_controller_python', 'symlink_install': False, 'test_result_base': None}
[1.472s] INFO:colcon.colcon_core.executor:Executing jobs using 'parallel' executor
[1.487s] DEBUG:colcon.colcon_parallel_executor.executor.parallel:run_until_complete
[1.488s] INFO:colcon.colcon_ros.task.ament_python.build:Building ROS package in '/home/aaronb/f23_robotics_homework2/src/turtlebot_controller' with build type 'ament_python'
[1.489s] Level 1:colcon.colcon_core.shell:create_environment_hook('turtlebot_controller', 'ament_prefix_path')
[1.506s] INFO:colcon.colcon_core.plugin_system:Skipping extension 'colcon_core.shell.bat': Not used on non-Windows systems
[1.506s] INFO:colcon.colcon_core.shell:Creating environment hook '/home/aaronb/f23_robotics_homework2/src/install/turtlebot_controller/share/turtlebot_controller/hook/ament_prefix_path.ps1'
[1.507s] INFO:colcon.colcon_core.shell:Creating environment descriptor '/home/aaronb/f23_robotics_homework2/src/install/turtlebot_controller/share/turtlebot_controller/hook/ament_prefix_path.dsv'
[1.508s] INFO:colcon.colcon_core.shell:Creating environment hook '/home/aaronb/f23_robotics_homework2/src/install/turtlebot_controller/share/turtlebot_controller/hook/ament_prefix_path.sh'
[1.525s] INFO:colcon.colcon_core.shell:Skip shell extension 'powershell' for command environment: Not usable outside of PowerShell
[1.526s] DEBUG:colcon.colcon_core.shell:Skip shell extension 'dsv' for command environment
[1.574s] INFO:colcon.colcon_ros.task.ament_python.build:Building ROS package in '/home/aaronb/f23_robotics_homework2/src/webots_ros2_sim_python' with build type 'ament_python'
[1.575s] Level 1:colcon.colcon_core.shell:create_environment_hook('webots_ros2_homework1_python', 'ament_prefix_path')
[1.593s] INFO:colcon.colcon_core.shell:Creating environment hook '/home/aaronb/f23_robotics_homework2/src/install/webots_ros2_homework1_python/share/webots_ros2_homework1_python/hook/ament_prefix_path.ps1'
[1.594s] INFO:colcon.colcon_core.shell:Creating environment descriptor '/home/aaronb/f23_robotics_homework2/src/install/webots_ros2_homework1_python/share/webots_ros2_homework1_python/hook/ament_prefix_path.dsv'
[1.594s] INFO:colcon.colcon_core.shell:Creating environment hook '/home/aaronb/f23_robotics_homework2/src/install/webots_ros2_homework1_python/share/webots_ros2_homework1_python/hook/ament_prefix_path.sh'
[1.614s] INFO:colcon.colcon_core.shell:Skip shell extension 'powershell' for command environment: Not usable outside of PowerShell
[1.615s] DEBUG:colcon.colcon_core.shell:Skip shell extension 'dsv' for command environment
[1.665s] INFO:colcon.colcon_ros.task.ament_python.build:Building ROS package in '/home/aaronb/f23_robotics_homework2/src/webots_ros2_controller_python' with build type 'ament_python'
[1.666s] Level 1:colcon.colcon_core.shell:create_environment_hook('webots_ros2_homework2_python', 'ament_prefix_path')
[1.686s] INFO:colcon.colcon_core.shell:Creating environment hook '/home/aaronb/f23_robotics_homework2/src/install/webots_ros2_homework2_python/share/webots_ros2_homework2_python/hook/ament_prefix_path.ps1'
[1.687s] INFO:colcon.colcon_core.shell:Creating environment descriptor '/home/aaronb/f23_robotics_homework2/src/install/webots_ros2_homework2_python/share/webots_ros2_homework2_python/hook/ament_prefix_path.dsv'
[1.687s] INFO:colcon.colcon_core.shell:Creating environment hook '/home/aaronb/f23_robotics_homework2/src/install/webots_ros2_homework2_python/share/webots_ros2_homework2_python/hook/ament_prefix_path.sh'
[1.707s] INFO:colcon.colcon_core.shell:Skip shell extension 'powershell' for command environment: Not usable outside of PowerShell
[1.707s] DEBUG:colcon.colcon_core.shell:Skip shell extension 'dsv' for command environment
[2.050s] WARNING:colcon.colcon_ros.task.ament_python.build:Package 'turtlebot_controller' doesn't explicitly install a marker in the package index (colcon-ros currently does it implicitly but that fallback will be removed in the future)
[2.050s] WARNING:colcon.colcon_ros.task.ament_python.build:Package 'turtlebot_controller' doesn't explicitly install the 'package.xml' file (colcon-ros currently does it implicitly but that fallback will be removed in the future)
[2.051s] INFO:colcon.colcon_core.task.python.build:Building Python package in '/home/aaronb/f23_robotics_homework2/src/turtlebot_controller'
[2.068s] INFO:colcon.colcon_core.shell:Skip shell extension 'powershell' for command environment: Not usable outside of PowerShell
[2.068s] DEBUG:colcon.colcon_core.shell:Skip shell extension 'dsv' for command environment
[2.431s] INFO:colcon.colcon_core.task.python.build:Building Python package in '/home/aaronb/f23_robotics_homework2/src/webots_ros2_sim_python'
[2.445s] INFO:colcon.colcon_core.shell:Skip shell extension 'powershell' for command environment: Not usable outside of PowerShell
[2.445s] DEBUG:colcon.colcon_core.shell:Skip shell extension 'dsv' for command environment
[2.798s] INFO:colcon.colcon_core.task.python.build:Building Python package in '/home/aaronb/f23_robotics_homework2/src/webots_ros2_controller_python'
[2.822s] INFO:colcon.colcon_core.shell:Skip shell extension 'powershell' for command environment: Not usable outside of PowerShell
[2.822s] DEBUG:colcon.colcon_core.shell:Skip shell extension 'dsv' for command environment
[3.620s] DEBUG:colcon.colcon_core.event_handler.log_command:Invoking command in '/home/aaronb/f23_robotics_homework2/src/webots_ros2_controller_python': PYTHONPATH=/home/aaronb/f23_robotics_homework2/src/build/webots_ros2_homework2_python/prefix_override:/home/aaronb/f23_robotics_homework2/src/install/webots_ros2_homework2_python/lib/python3.10/site-packages:${PYTHONPATH} /usr/bin/python3 setup.py egg_info --egg-base ../build/webots_ros2_homework2_python build --build-base /home/aaronb/f23_robotics_homework2/src/build/webots_ros2_homework2_python/build install --record /home/aaronb/f23_robotics_homework2/src/build/webots_ros2_homework2_python/install.log --single-version-externally-managed
[3.645s] DEBUG:colcon.colcon_core.event_handler.log_command:Invoking command in '/home/aaronb/f23_robotics_homework2/src/turtlebot_controller': PYTHONPATH=/home/aaronb/f23_robotics_homework2/src/build/turtlebot_controller/prefix_override:/home/aaronb/f23_robotics_homework2/src/install/turtlebot_controller/lib/python3.10/site-packages:${PYTHONPATH} /usr/bin/python3 setup.py egg_info --egg-base ../build/turtlebot_controller build --build-base /home/aaronb/f23_robotics_homework2/src/build/turtlebot_controller/build install --record /home/aaronb/f23_robotics_homework2/src/build/turtlebot_controller/install.log --single-version-externally-managed
[3.687s] DEBUG:colcon.colcon_core.event_handler.log_command:Invoking command in '/home/aaronb/f23_robotics_homework2/src/webots_ros2_sim_python': PYTHONPATH=/home/aaronb/f23_robotics_homework2/src/build/webots_ros2_homework1_python/prefix_override:/home/aaronb/f23_robotics_homework2/src/install/webots_ros2_homework1_python/lib/python3.10/site-packages:${PYTHONPATH} /usr/bin/python3 setup.py egg_info --egg-base ../build/webots_ros2_homework1_python build --build-base /home/aaronb/f23_robotics_homework2/src/build/webots_ros2_homework1_python/build install --record /home/aaronb/f23_robotics_homework2/src/build/webots_ros2_homework1_python/install.log --single-version-externally-managed
[4.230s] DEBUG:colcon.colcon_core.event_handler.log_command:Invoked command in '/home/aaronb/f23_robotics_homework2/src/turtlebot_controller' returned '1': PYTHONPATH=/home/aaronb/f23_robotics_homework2/src/build/turtlebot_controller/prefix_override:/home/aaronb/f23_robotics_homework2/src/install/turtlebot_controller/lib/python3.10/site-packages:${PYTHONPATH} /usr/bin/python3 setup.py egg_info --egg-base ../build/turtlebot_controller build --build-base /home/aaronb/f23_robotics_homework2/src/build/turtlebot_controller/build install --record /home/aaronb/f23_robotics_homework2/src/build/turtlebot_controller/install.log --single-version-externally-managed
[4.361s] DEBUG:colcon.colcon_parallel_executor.executor.parallel:closing loop
[4.361s] DEBUG:colcon.colcon_parallel_executor.executor.parallel:loop closed
[4.361s] DEBUG:colcon.colcon_parallel_executor.executor.parallel:run_until_complete finished with '1'
[4.361s] DEBUG:colcon.colcon_core.event_reactor:joining thread
[4.461s] INFO:colcon.colcon_core.plugin_system:Skipping extension 'colcon_notification.desktop_notification.notify_send': Could not find 'notify-send'
[4.461s] INFO:colcon.colcon_core.plugin_system:Skipping extension 'colcon_notification.desktop_notification.terminal_notifier': Not used on non-Darwin systems
[4.462s] INFO:colcon.colcon_core.plugin_system:Skipping extension 'colcon_notification.desktop_notification.win32': Not used on non-Windows systems
[4.462s] INFO:colcon.colcon_notification.desktop_notification:Sending desktop notification using 'notify2'
[4.462s] DEBUG:colcon.colcon_notification.desktop_notification.notify2:Failed to initialize notify2: org.freedesktop.DBus.Error.FileNotFound: Failed to connect to socket /run/user/1000/bus: No such file or directory
[4.462s] DEBUG:colcon.colcon_core.event_reactor:joined thread
[4.477s] INFO:colcon.colcon_core.shell:Creating prefix script '/home/aaronb/f23_robotics_homework2/src/install/local_setup.ps1'
[4.478s] INFO:colcon.colcon_core.shell:Creating prefix util module '/home/aaronb/f23_robotics_homework2/src/install/_local_setup_util_ps1.py'
[4.480s] INFO:colcon.colcon_core.shell:Creating prefix chain script '/home/aaronb/f23_robotics_homework2/src/install/setup.ps1'
[4.506s] INFO:colcon.colcon_core.shell:Creating prefix script '/home/aaronb/f23_robotics_homework2/src/install/local_setup.sh'
[4.507s] INFO:colcon.colcon_core.shell:Creating prefix util module '/home/aaronb/f23_robotics_homework2/src/install/_local_setup_util_sh.py'
[4.508s] INFO:colcon.colcon_core.shell:Creating prefix chain script '/home/aaronb/f23_robotics_homework2/src/install/setup.sh'
[4.530s] INFO:colcon.colcon_core.shell:Creating prefix script '/home/aaronb/f23_robotics_homework2/src/install/local_setup.bash'
[4.531s] INFO:colcon.colcon_core.shell:Creating prefix chain script '/home/aaronb/f23_robotics_homework2/src/install/setup.bash'
[4.552s] INFO:colcon.colcon_core.shell:Creating prefix script '/home/aaronb/f23_robotics_homework2/src/install/local_setup.zsh'
[4.553s] INFO:colcon.colcon_core.shell:Creating prefix chain script '/home/aaronb/f23_robotics_homework2/src/install/setup.zsh'
