[1.410s] Invoking command in '/home/aaronb/f23_robotics_homework2/src/webots_ros2_sim_python': PYTHONPATH=/home/aaronb/f23_robotics_homework2/build/webots_ros2_homework1_python/prefix_override:/home/aaronb/f23_robotics_homework2/install/webots_ros2_homework1_python/lib/python3.10/site-packages:${PYTHONPATH} /usr/bin/python3 setup.py egg_info --egg-base ../../build/webots_ros2_homework1_python build --build-base /home/aaronb/f23_robotics_homework2/build/webots_ros2_homework1_python/build install --record /home/aaronb/f23_robotics_homework2/build/webots_ros2_homework1_python/install.log --single-version-externally-managed
[1.725s] running egg_info
[1.727s] writing ../../build/webots_ros2_homework1_python/webots_ros2_homework1_python.egg-info/PKG-INFO
[1.730s] writing dependency_links to ../../build/webots_ros2_homework1_python/webots_ros2_homework1_python.egg-info/dependency_links.txt
[1.730s] writing entry points to ../../build/webots_ros2_homework1_python/webots_ros2_homework1_python.egg-info/entry_points.txt
[1.730s] writing requirements to ../../build/webots_ros2_homework1_python/webots_ros2_homework1_python.egg-info/requires.txt
[1.731s] writing top-level names to ../../build/webots_ros2_homework1_python/webots_ros2_homework1_python.egg-info/top_level.txt
[1.731s] reading manifest file '../../build/webots_ros2_homework1_python/webots_ros2_homework1_python.egg-info/SOURCES.txt'
[1.740s] writing manifest file '../../build/webots_ros2_homework1_python/webots_ros2_homework1_python.egg-info/SOURCES.txt'
[1.740s] running build
[1.740s] running build_py
[1.741s] running install
[1.741s] /usr/lib/python3/dist-packages/setuptools/command/install.py:34: SetuptoolsDeprecationWarning: setup.py install is deprecated. Use build and pip and other standards-based tools.
[1.741s]   warnings.warn(
[1.742s] running install_lib
[1.745s] running install_data
[1.746s] running install_egg_info
[1.750s] removing '/home/aaronb/f23_robotics_homework2/install/webots_ros2_homework1_python/lib/python3.10/site-packages/webots_ros2_homework1_python-0.0.0-py3.10.egg-info' (and everything under it)
[1.750s] Copying ../../build/webots_ros2_homework1_python/webots_ros2_homework1_python.egg-info to /home/aaronb/f23_robotics_homework2/install/webots_ros2_homework1_python/lib/python3.10/site-packages/webots_ros2_homework1_python-0.0.0-py3.10.egg-info
[1.757s] running install_scripts
[1.790s] Installing webots_ros2_homework1_python script to /home/aaronb/f23_robotics_homework2/install/webots_ros2_homework1_python/lib/webots_ros2_homework1_python
[1.790s] writing list of installed files to '/home/aaronb/f23_robotics_homework2/build/webots_ros2_homework1_python/install.log'
[1.834s] Invoked command in '/home/aaronb/f23_robotics_homework2/src/webots_ros2_sim_python' returned '0': PYTHONPATH=/home/aaronb/f23_robotics_homework2/build/webots_ros2_homework1_python/prefix_override:/home/aaronb/f23_robotics_homework2/install/webots_ros2_homework1_python/lib/python3.10/site-packages:${PYTHONPATH} /usr/bin/python3 setup.py egg_info --egg-base ../../build/webots_ros2_homework1_python build --build-base /home/aaronb/f23_robotics_homework2/build/webots_ros2_homework1_python/build install --record /home/aaronb/f23_robotics_homework2/build/webots_ros2_homework1_python/install.log --single-version-externally-managed
